<ShowPlanXML xmlns="http://schemas.microsoft.com/sqlserver/2004/07/showplan" Version="1.539" Build="15.0.4083.2">
  <BatchSequence>
    <Batch>
      <Statements>
        <StmtSimple StatementText="&#xD;&#xA;SELECT P.[ProjectId]      &#xD;&#xA;      ,[ProjectName]&#xD;&#xA;      ,[CustomerName] &#xD;&#xA;&#x9;  ,[CustomerID] as [Customer_ID]&#xD;&#xA;      ,[ProjectManagerNameFL]&#xD;&#xA;      ,[SeniorProjectManagerNameFL]&#xD;&#xA;      ,[ProjectBillerNameFL]&#xD;&#xA;&#x9;  ,[ProjectCompanyName]&#xD;&#xA;&#x9;  ,(SELECT [CostCenterName] FROM [ankura_dw].[dbo].[CostCenters] CC where CC.[CostCenterId] = ProjectCostCenterId ) as ProjectCostCenterId&#x9;  &#xD;&#xA;      ,[ProjectDeptLevel4]&#xD;&#xA;      ,[ProjectDeptLevel5]&#xD;&#xA;&#x9;  ,CustomerInvoiceID  as [Customer_Invoice_Reference_ID]&#xD;&#xA;      ,InvoiceNumber as [Invoice_Number]&#xD;&#xA;      ,InvoiceAccountingDate as [AccountingDate]&#xD;&#xA;&#x9;  ,DATEDIFF(day,[InvoiceDate],CAST(GETDATE() AS DATE)) as Aging_Days_Invoice_Date&#xD;&#xA;&#x9;  ,DueDate as [Due_Date]&#xD;&#xA;      ,Project_Currency as [LedgerCurrencyId]&#xD;&#xA;&#x9;  , (select CAST( max([PaymentDate]) AS DATE)  from  CustomerPaymentApplications cpa &#xD;&#xA;&#x9;&#x9;&#x9;&#x9;where CIS.[CustomerInvoiceID] = SUBSTRING(PaymentApplicationInvoice,19,30 )&#xD;&#xA;&#x9;&#x9;&#x9;&#x9;) as [Most_Recent_Payment_Date]&#xD;&#xA;&#xD;&#xA;&#xD;&#xA;&#x9;  , (select  isnull(sum([PaymentApplicationAmount]), 0) from  CustomerPaymentApplications cpa &#xD;&#xA;&#x9;&#x9;&#x9;&#x9;where CIS.[CustomerInvoiceID] = SUBSTRING(PaymentApplicationInvoice,19,30 )&#xD;&#xA;&#x9;&#x9;&#x9;&#x9;&#x9;and [PaymentDate] &gt;= DATEADD(day,-31, CAST(GETDATE() AS DATE)) -- last 30 days&#xD;&#xA;&#x9;&#x9;&#x9;&#x9;) as [Paid_Last30_Local]&#xD;&#xA;&#x9;  , (select  isnull(sum([PaymentApplicationAmount]), 0)  from  CustomerPaymentApplications cpa &#xD;&#xA;&#x9;&#x9;&#x9;&#x9;where CIS.[CustomerInvoiceID] = SUBSTRING(PaymentApplicationInvoice,19,30 )&#xD;&#xA;&#x9;&#x9;&#x9;&#x9;&#x9;and [PaymentDate] &gt;= DATEFROMPARTS(DATEPART(year, DATEADD(day,-1, CAST(GETDATE() AS DATE))), DATEPART(month, DATEADD(day,-1, CAST(GETDATE() AS DATE))), 1) &#xD;&#xA;&#x9;&#x9;&#x9;&#x9;) as [Paid_MTD_Local]&#xD;&#xA;&#xD;&#xA;&#x9;  , (select  isnull(sum([PaymentApplicationAmountInUSD]), 0)  from  CustomerPaymentApplications cpa &#xD;&#xA;&#x9;&#x9;&#x9;&#x9;where CIS.[CustomerInvoiceID] = SUBSTRING(PaymentApplicationInvoice,19,30 )&#xD;&#xA;&#x9;&#x9;&#x9;&#x9;&#x9;and [PaymentDate] &gt;= DATEADD(day,-31, CAST(GETDATE() AS DATE)) -- last 30 days&#xD;&#xA;&#x9;&#x9;&#x9;&#x9;) as [Paid_Last30_USD]&#xD;&#xA;&#x9;  , (select  isnull(sum([PaymentApplicationAmountInUSD]), 0)  from  CustomerPaymentApplications cpa &#xD;&#xA;&#x9;&#x9;&#x9;&#x9;where CIS.[CustomerInvoiceID] = SUBSTRING(PaymentApplicationInvoice,19,30 )&#xD;&#xA;&#x9;&#x9;&#x9;&#x9;&#x9;and [PaymentDate] &gt;= DATEFROMPARTS(DATEPART(year, DATEADD(day,-1, CAST(GETDATE() AS DATE))), DATEPART(month, DATEADD(day,-1, CAST(GETDATE() AS DATE))), '1') &#xD;&#xA;&#x9;&#x9;&#x9;&#x9;) as [Paid_MTD_USD]&#xD;&#xA;      ,[Retainer_Balance__USD]&#xD;&#xA;      ,PaymentTerms as [Payment_Terms_ID] &#xD;&#xA;      ,CIS.[InvoiceDate]&#x9;  &#x9;   &#xD;&#xA;&#xD;&#xA;&#x9;  ,[TotalInvoiceAmount] as Invoice_Amount_Local&#xD;&#xA;&#x9;  ,[CustomerInvoiceTotalAmountInUSD] as Invoice_Amount_USD&#xD;&#xA;&#xD;&#xA;&#x9;  ,[AmountDue] &#x9; as Amount_Due_Local&#xD;&#xA;&#x9;  ,[AmountDueInUSD2]  as Amount_Due_USD&#x9;  &#xD;&#xA;&#xD;&#xA;      ,[TotalPaymentsExcludingWriteoffs]  as [Total_Payments_Local]&#xD;&#xA;&#x9;  ,[TotalPaymentsExcludingWriteoffsInUSD]  as [Total_Payments_USD]&#xD;&#xA;&#xD;&#xA;&#xD;&#xA;&#x9;  ,[TotalWriteoffAmountApprovedandNotCanceled] as Total_Writeoffs_Local&#xD;&#xA;&#x9;  ,[TotalWriteoffAmountApprovedandNotCanceledUSD] as Total_Writeoffs_USD &#xD;&#xA;&#xD;&#xA;&#x9;  , (select CAST( max([PaymentDate]) AS DATE)  FROM [ankura_dw].[dbo].[CustInvoiceWriteoffs] W &#xD;&#xA;&#x9;&#x9;&#x9;&#x9;where W.CustomerInvoiceID = CIS.InvoiceNumber&#xD;&#xA;&#x9;&#x9;&#x9;&#x9;) as [Most_Recent_Write-off_Date] &#x9;&#xD;&#xA;&#xD;&#xA;&#x9;  , (select sum([WriteoffAmount]) FROM [ankura_dw].[dbo].[CustInvoiceWriteoffs] W &#xD;&#xA;&#x9;&#x9;&#x9;&#x9;where W.CustomerInvoiceID = CIS.InvoiceNumber&#xD;&#xA;&#x9;&#x9;&#x9;&#x9;&#x9;and [PaymentDate] &gt;= DATEADD(day,-31, CAST(GETDATE() AS DATE)) &#xD;&#xA;&#x9;&#x9;&#x9;&#x9;) as [Writeoffs_in_the_last_30_days_Local] &#x9;&#xD;&#xA;&#xD;&#xA;&#x9;  , (select sum([WriteoffAmountUSD]) FROM [ankura_dw].[dbo].[CustInvoiceWriteoffs] W &#xD;&#xA;&#x9;&#x9;&#x9;&#x9;where W.CustomerInvoiceID = CIS.InvoiceNumber&#xD;&#xA;&#x9;&#x9;&#x9;&#x9;&#x9;and [PaymentDate] &gt;= DATEADD(day,-31, CAST(GETDATE() AS DATE)) &#xD;&#xA;&#x9;&#x9;&#x9;&#x9;) as Writeoffs_in_the_last_30_days_USD  &#x9;&#xD;&#xA;&#x9;&#x9;&#x9;&#x9;&#xD;&#xA;      ,[DisputeAmount] AS Dispute_Amount_Local --Not sure which currency is being used&#xD;&#xA;      ,[DisputeAmount] AS Dispute_Amount_USD --Not sure which currency is being used&#xD;&#xA;&#xD;&#xA;---------------------------------------------------------------------------------------&#xD;&#xA;&#x9;  ,0 as Account_Amounts_Local  --TODO!!!&#xD;&#xA;&#x9;  ,0 as Account_Amounts_USD  --TODO!!! &#xD;&#xA;&#x9;  ,CIS.Company&#xD;&#xA;&#x9;  ,CIS.[InvoiceStatus] &#xD;&#xA;&#x9;  " StatementId="1" StatementCompId="1" StatementType="SELECT" RetrievedFromCache="true" StatementSubTreeCost="4188.91" StatementEstRows="44053.5" SecurityPolicyApplied="false" StatementOptmLevel="FULL" QueryHash="0x10CFCAF5D3376FCC" QueryPlanHash="0x942AE815D4DC7AA2" CardinalityEstimationModelVersion="150">
          <StatementSetOptions QUOTED_IDENTIFIER="true" ARITHABORT="true" CONCAT_NULL_YIELDS_NULL="true" ANSI_NULLS="true" ANSI_PADDING="true" ANSI_WARNINGS="true" NUMERIC_ROUNDABORT="false" />
          <QueryPlan CachedPlanSize="640" CompileTime="54" CompileCPU="54" CompileMemory="3864">
            <ThreadStat Branches="8" />
            <MemoryGrantInfo SerialRequiredMemory="5120" SerialDesiredMemory="26560" GrantedMemory="0" MaxUsedMemory="0" />
            <OptimizerHardwareDependentProperties EstimatedAvailableMemoryGrant="157286" EstimatedPagesCached="157286" EstimatedAvailableDegreeOfParallelism="8" MaxCompileMemory="18628712" />
            <OptimizerStatsUsage>
              <StatisticsInfo LastUpdate="2021-06-08T14:43:21.02" ModificationCount="596" SamplingPercent="100" Statistics="[_WA_Sys_00000001_1F2E9E6D]" Table="[Projects]" Schema="[dbo]" Database="[ankura_dw]" />
              <StatisticsInfo LastUpdate="2021-08-02T18:14:41.55" ModificationCount="0" SamplingPercent="100" Statistics="[_WA_Sys_00000003_7E2D9D55]" Table="[CustomerPaymentApplications]" Schema="[dbo]" Database="[ankura_dw]" />
              <StatisticsInfo LastUpdate="2021-08-02T20:37:58.08" ModificationCount="0" SamplingPercent="42.9295" Statistics="[_WA_Sys_0000000D_70D3A237]" Table="[CustinvoiceSummaries]" Schema="[dbo]" Database="[ankura_dw]" />
              <StatisticsInfo LastUpdate="2021-08-02T18:14:41.43" ModificationCount="0" SamplingPercent="100" Statistics="[_WA_Sys_00000008_7E2D9D55]" Table="[CustomerPaymentApplications]" Schema="[dbo]" Database="[ankura_dw]" />
              <StatisticsInfo LastUpdate="2021-08-02T20:37:58.03" ModificationCount="0" SamplingPercent="42.9295" Statistics="[_WA_Sys_00000015_70D3A237]" Table="[CustinvoiceSummaries]" Schema="[dbo]" Database="[ankura_dw]" />
              <StatisticsInfo LastUpdate="2021-08-02T16:12:48.99" ModificationCount="0" SamplingPercent="100" Statistics="[_WA_Sys_0000001C_1F2E9E6D]" Table="[Projects]" Schema="[dbo]" Database="[ankura_dw]" />
              <StatisticsInfo LastUpdate="2021-06-07T09:23:00.87" ModificationCount="3" SamplingPercent="100" Statistics="[UX1_CostCenters]" Table="[CostCenters]" Schema="[dbo]" Database="[ankura_dw]" />
              <StatisticsInfo LastUpdate="2021-07-30T11:26:47.36" ModificationCount="87" SamplingPercent="100" Statistics="[_WA_Sys_0000000C_1AC9DC03]" Table="[CustInvoiceWriteoffs]" Schema="[dbo]" Database="[ankura_dw]" />
              <StatisticsInfo LastUpdate="2021-08-02T20:37:58" ModificationCount="0" SamplingPercent="42.9295" Statistics="[_WA_Sys_00000019_70D3A237]" Table="[CustinvoiceSummaries]" Schema="[dbo]" Database="[ankura_dw]" />
              <StatisticsInfo LastUpdate="2021-07-30T11:26:47.36" ModificationCount="96" SamplingPercent="100" Statistics="[_WA_Sys_00000001_1AC9DC03]" Table="[CustInvoiceWriteoffs]" Schema="[dbo]" Database="[ankura_dw]" />
            </OptimizerStatsUsage>
            <RelOp NodeId="0" PhysicalOp="Compute Scalar" LogicalOp="Compute Scalar" EstimateRows="44053.5" EstimateIO="0" EstimateCPU="0.00440535" AvgRowSize="944" EstimatedTotalSubtreeCost="4188.91" Parallel="0" EstimateRebinds="0" EstimateRewinds="0" EstimatedExecutionMode="Row">
              <OutputList>
                <ColumnReference Database="[ankura_dw]" Schema="[dbo]" Table="[CustinvoiceSummaries]" Alias="[CIS]" Column="InvoiceStatus" />
                <ColumnReference Database="[ankura_dw]" Schema="[dbo]" Table="[CustinvoiceSummaries]" Alias="[CIS]" Column="InvoiceAccountingDate" />
                <ColumnReference Database="[ankura_dw]" Schema="[dbo]" Table="[CustinvoiceSummaries]" Alias="[CIS]" Column="DueDate" />
                <ColumnReference Database="[ankura_dw]" Schema="[dbo]" Table="[CustinvoiceSummaries]" Alias="[CIS]" Column="AmountDue" />
                <ColumnReference Database="[ankura_dw]" Schema="[dbo]" Table="[CustinvoiceSummaries]" Alias="[CIS]" Column="InvoiceDate" />
                <ColumnReference Database="[ankura_dw]" Schema="[dbo]" Table="[CustinvoiceSummaries]" Alias="[CIS]" Column="TotalInvoiceAmount" />
                <ColumnReference Database="[ankura_dw]" Schema="[dbo]" Table="[CustinvoiceSummaries]" Alias="[CIS]" Column="TotalWriteoffAmountApprovedandNotCanceled" />
                <ColumnReference Database="[ankura_dw]" Schema="[dbo]" Table="[CustinvoiceSummaries]" Alias="[CIS]" Column="CustomerInvoiceID" />
                <ColumnReference Database="[ankura_dw]" Schema="[dbo]" Table="[CustinvoiceSummaries]" Alias="[CIS]" Column="TotalPaymentsExcludingWriteoffsInUSD" />
                <ColumnReference Database="[ankura_dw]" Schema="[dbo]" Table="[CustinvoiceSummaries]" Alias="[CIS]" Column="CustomerInvoiceTotalAmountInUSD" />
                <ColumnReference Database="[ankura_dw]" Schema="[dbo]" Table="[CustinvoiceSummaries]" Alias="[CIS]" Column="DisputeAmount" />
                <ColumnReference Database="[ankura_dw]" Schema="[dbo]" Table="[CustinvoiceSummaries]" Alias="[CIS]" Column="InvoiceNumber" />
                <ColumnReference Database="[ankura_dw]" Schema="[dbo]" Table="[CustinvoiceSummaries]" Alias="[CIS]" Column="PaymentTerms" />
                <ColumnReference Database="[ankura_dw]" Schema="[dbo]" Table="[CustinvoiceSummaries]" Alias="[CIS]" Column="AmountDueInUSD2" />
                <ColumnReference Database="[ankura_dw]" Schema="[dbo]" Table="[CustinvoiceSummaries]" Alias="[CIS]" Column="TotalPaymentsExcludingWriteoffs" />
                <ColumnReference Database="[ankura_dw]" Schema="[dbo]" Table="[CustinvoiceSummaries]" Alias="[CIS]" Column="TotalWriteoffAmountApprovedandNotCanceledUSD" />
                <ColumnReference Database="[ankura_dw]" Schema="[dbo]" Table="[CustinvoiceSummaries]" Alias="[CIS]" Column="Company" />
                <ColumnReference Database="[ankura_dw]" Schema="[dbo]" Table="[CustinvoiceSummaries]" Alias="[CIS]" Column="CustomerID" />
                <ColumnReference Database="[ankura_dw]" Schema="[dbo]" Table="[Projects]" Alias="[P]" Column="ProjectId" />
                <ColumnReference Database="[ankura_dw]" Schema="[dbo]" Table="[Projects]" Alias="[P]" Column="ProjectName" />
                <ColumnReference Database="[ankura_dw]" Schema="[dbo]" Table="[Projects]" Alias="[P]" Column="ProjectManagerNameFL" />
                <ColumnReference Database="[ankura_dw]" Schema="[dbo]" Table="[Projects]" Alias="[P]" Column="ProjectCompanyName" />
                <ColumnReference Database="[ankura_dw]" Schema="[dbo]" Table="[Projects]" Alias="[P]" Column="ProjectDeptLevel4" />
                <ColumnReference Database="[ankura_dw]" Schema="[dbo]" Table="[Projects]" Alias="[P]" Column="ProjectDeptLevel5" />
                <ColumnReference Database="[ankura_dw]" Schema="[dbo]" Table="[Projects]" Alias="[P]" Column="CustomerName" />
                <ColumnReference Database="[ankura_dw]" Schema="[dbo]" Table="[Projects]" Alias="[P]" Column="Project_Currency" />
                <ColumnReference Database="[ankura_dw]" Schema="[dbo]" Table="[Projects]" Alias="[P]" Column="Retainer_Balance__USD" />
                <ColumnReference Database="[ankura_dw]" Schema="[dbo]" Table="[Projects]" Alias="[P]" Column="SeniorProjectManagerNameFL" />
                <ColumnReference Database="[ankura_dw]" Schema="[dbo]" Table="[Projects]" Alias="[P]" Column="ProjectBillerNameFL" />
                <ColumnReference Column="Expr1007" />
                <ColumnReference Column="Expr1008" />
                <ColumnReference Column="Expr1013" />
                <ColumnReference Column="Expr1018" />
                <ColumnReference Column="Expr1023" />
                <ColumnReference Column="Expr1028" />
                <ColumnReference Column="Expr1033" />
                <ColumnReference Column="Expr1038" />
                <ColumnReference Column="Expr1043" />
                <ColumnReference Column="Expr1048" />
                <ColumnReference Column="Expr1049" />
                <ColumnReference Column="Expr1050" />
              </OutputList>
              <ComputeScalar>
                <DefinedValues>
                  <DefinedValue>
                    <ColumnReference Column="Expr1008" />
                    <ScalarOperator ScalarString="datediff(day,[Expr1058],CONVERT_IMPLICIT(datetimeoffset(7),CONVERT(date,getdate(),0),0))">
                      <Intrinsic FunctionName="datediff">
                        <ScalarOperator>
                          <Const ConstValue="(4)" />
                        </ScalarOperator>
                        <ScalarOperator>
                          <Identifier>
                            <ColumnReference Column="Expr1058" />
                          </Identifier>
                        </ScalarOperator>
                        <ScalarOperator>
                          <Identifier>
                            <ColumnReference Column="ConstExpr1051">
                              <ScalarOperator>
                                <Convert DataType="datetimeoffset" Scale="7" Style="0" Implicit="1">
                                  <ScalarOperator>
                                    <Convert DataType="date" Style="0" Implicit="0">
                                      <ScalarOperator>
                                        <Intrinsic FunctionName="getdate" />
                                      </ScalarOperator>
                                    </Convert>
                                  </ScalarOperator>
                                </Convert>
                              </ScalarOperator>
                            </ColumnReference>
                          </Identifier>
                        </ScalarOperator>
                      </Intrinsic>
                    </ScalarOperator>
                  </DefinedValue>
                  <DefinedValue>
                    <ColumnReference Column="Expr1013" />
                    <ScalarOperator ScalarString="CONVERT(date,[Expr1011],0)">
                      <Convert DataType="date" Style="0" Implicit="0">
                        <ScalarOperator>
                          <Identifier>
                            <ColumnReference Column="Expr1011" />
                          </Identifier>
                        </ScalarOperator>
                      </Convert>
                    </ScalarOperator>
                  </DefinedValue>
                  <DefinedValue>
                    <ColumnReference Column="Expr1018" />
                    <ScalarOperator ScalarString="isnull([Expr1016],(0.0000))">
                      <Intrinsic FunctionName="isnull">
                        <ScalarOperator>
                          <Identifier>
                            <ColumnReference Column="Expr1016" />
                          </Identifier>
                        </ScalarOperator>
                        <ScalarOperator>
                          <Const ConstValue="(0.0000)" />
                        </ScalarOperator>
                      </Intrinsic>
                    </ScalarOperator>
                  </DefinedValue>
                  <DefinedValue>
                    <ColumnReference Column="Expr1023" />
                    <ScalarOperator ScalarString="isnull([Expr1021],(0.0000))">
                      <Intrinsic FunctionName="isnull">
                        <ScalarOperator>
                          <Identifier>
                            <ColumnReference Column="Expr1021" />
                          </Identifier>
                        </ScalarOperator>
                        <ScalarOperator>
                          <Const ConstValue="(0.0000)" />
                        </ScalarOperator>
                      </Intrinsic>
                    </ScalarOperator>
                  </DefinedValue>
                  <DefinedValue>
                    <ColumnReference Column="Expr1028" />
                    <ScalarOperator ScalarString="isnull([Expr1026],(0.0000))">
                      <Intrinsic FunctionName="isnull">
                        <ScalarOperator>
                          <Identifier>
                            <ColumnReference Column="Expr1026" />
                          </Identifier>
                        </ScalarOperator>
                        <ScalarOperator>
                          <Const ConstValue="(0.0000)" />
                        </ScalarOperator>
                      </Intrinsic>
                    </ScalarOperator>
                  </DefinedValue>
                  <DefinedValue>
                    <ColumnReference Column="Expr1033" />
                    <ScalarOperator ScalarString="isnull([Expr1031],(0.0000))">
                      <Intrinsic FunctionName="isnull">
                        <ScalarOperator>
                          <Identifier>
                            <ColumnReference Column="Expr1031" />
                          </Identifier>
                        </ScalarOperator>
                        <ScalarOperator>
                          <Const ConstValue="(0.0000)" />
                        </ScalarOperator>
                      </Intrinsic>
                    </ScalarOperator>
                  </DefinedValue>
                  <DefinedValue>
                    <ColumnReference Column="Expr1038" />
                    <ScalarOperator ScalarString="CONVERT(date,[Expr1036],0)">
                      <Convert DataType="date" Style="0" Implicit="0">
                        <ScalarOperator>
                          <Identifier>
                            <ColumnReference Column="Expr1036" />
                          </Identifier>
                        </ScalarOperator>
                      </Convert>
                    </ScalarOperator>
                  </DefinedValue>
                  <DefinedValue>
                    <ColumnReference Column="Expr1043" />
                    <ScalarOperator ScalarString="[Expr1041]">
                      <Identifier>
                        <ColumnReference Column="Expr1041" />
                      </Identifier>
                    </ScalarOperator>
                  </DefinedValue>
                  <DefinedValue>
                    <ColumnReference Column="Expr1048" />
                    <ScalarOperator ScalarString="[Expr1046]">
                      <Identifier>
                        <ColumnReference Column="Expr1046" />
                      </Identifier>
                    </ScalarOperator>
                  </DefinedValue>
                  <DefinedValue>
                    <ColumnReference Column="Expr1049" />
                    <ScalarOperator ScalarString="(0)">
                      <Const ConstValue="(0)" />
                    </ScalarOperator>
                  </DefinedValue>
                  <DefinedValue>
                    <ColumnReference Column="Expr1050" />
                    <ScalarOperator ScalarString="(0)">
                      <Const ConstValue="(0)" />
                    </ScalarOperator>
                  </DefinedValue>
                </DefinedValues>
                <RelOp NodeId="1" PhysicalOp="Parallelism" LogicalOp="Gather Streams" EstimateRows="44053.5" EstimateIO="0" EstimateCPU="0.49705" AvgRowSize="951" EstimatedTotalSubtreeCost="4188.9" Parallel="1" EstimateRebinds="0" EstimateRewinds="0" EstimatedExecutionMode="Row">
                  <OutputList>
                    <ColumnReference Database="[ankura_dw]" Schema="[dbo]" Table="[CustinvoiceSummaries]" Alias="[CIS]" Column="InvoiceStatus" />
                    <ColumnReference Database="[ankura_dw]" Schema="[dbo]" Table="[CustinvoiceSummaries]" Alias="[CIS]" Column="InvoiceAccountingDate" />
                    <ColumnReference Database="[ankura_dw]" Schema="[dbo]" Table="[CustinvoiceSummaries]" Alias="[CIS]" Column="DueDate" />
                    <ColumnReference Database="[ankura_dw]" Schema="[dbo]" Table="[CustinvoiceSummaries]" Alias="[CIS]" Column="AmountDue" />
                    <ColumnReference Database="[ankura_dw]" Schema="[dbo]" Table="[CustinvoiceSummaries]" Alias="[CIS]" Column="InvoiceDate" />
                    <ColumnReference Database="[ankura_dw]" Schema="[dbo]" Table="[CustinvoiceSummaries]" Alias="[CIS]" Column="TotalInvoiceAmount" />
                    <ColumnReference Database="[ankura_dw]" Schema="[dbo]" Table="[CustinvoiceSummaries]" Alias="[CIS]" Column="TotalWriteoffAmountApprovedandNotCanceled" />
                    <ColumnReference Database="[ankura_dw]" Schema="[dbo]" Table="[CustinvoiceSummaries]" Alias="[CIS]" Column="CustomerInvoiceID" />
                    <ColumnReference Database="[ankura_dw]" Schema="[dbo]" Table="[CustinvoiceSummaries]" Alias="[CIS]" Column="TotalPaymentsExcludingWriteoffsInUSD" />
                    <ColumnReference Database="[ankura_dw]" Schema="[dbo]" Table="[CustinvoiceSummaries]" Alias="[CIS]" Column="CustomerInvoiceTotalAmountInUSD" />
                    <ColumnReference Database="[ankura_dw]" Schema="[dbo]" Table="[CustinvoiceSummaries]" Alias="[CIS]" Column="DisputeAmount" />
                    <ColumnReference Database="[ankura_dw]" Schema="[dbo]" Table="[CustinvoiceSummaries]" Alias="[CIS]" Column="InvoiceNumber" />
                    <ColumnReference Database="[ankura_dw]" Schema="[dbo]" Table="[CustinvoiceSummaries]" Alias="[CIS]" Column="PaymentTerms" />
                    <ColumnReference Database="[ankura_dw]" Schema="[dbo]" Table="[CustinvoiceSummaries]" Alias="[CIS]" Column="AmountDueInUSD2" />
                    <ColumnReference Database="[ankura_dw]" Schema="[dbo]" Table="[CustinvoiceSummaries]" Alias="[CIS]" Column="TotalPaymentsExcludingWriteoffs" />
                    <ColumnReference Database="[ankura_dw]" Schema="[dbo]" Table="[CustinvoiceSummaries]" Alias="[CIS]" Column="TotalWriteoffAmountApprovedandNotCanceledUSD" />
                    <ColumnReference Database="[ankura_dw]" Schema="[dbo]" Table="[CustinvoiceSummaries]" Alias="[CIS]" Column="Company" />
                    <ColumnReference Database="[ankura_dw]" Schema="[dbo]" Table="[CustinvoiceSummaries]" Alias="[CIS]" Column="CustomerID" />
                    <ColumnReference Database="[ankura_dw]" Schema="[dbo]" Table="[Projects]" Alias="[P]" Column="ProjectId" />
                    <ColumnReference Database="[ankura_dw]" Schema="[dbo]" Table="[Projects]" Alias="[P]" Column="ProjectName" />
                    <ColumnReference Database="[ankura_dw]" Schema="[dbo]" Table="[Projects]" Alias="[P]" Column="ProjectManagerNameFL" />
                    <ColumnReference Database="[ankura_dw]" Schema="[dbo]" Table="[Projects]" Alias="[P]" Column="ProjectCompanyName" />
                    <ColumnReference Database="[ankura_dw]" Schema="[dbo]" Table="[Projects]" Alias="[P]" Column="ProjectDeptLevel4" />
                    <ColumnReference Database="[ankura_dw]" Schema="[dbo]" Table="[Projects]" Alias="[P]" Column="ProjectDeptLevel5" />
                    <ColumnReference Database="[ankura_dw]" Schema="[dbo]" Table="[Projects]" Alias="[P]" Column="CustomerName" />
                    <ColumnReference Database="[ankura_dw]" Schema="[dbo]" Table="[Projects]" Alias="[P]" Column="Project_Currency" />
                    <ColumnReference Database="[ankura_dw]" Schema="[dbo]" Table="[Projects]" Alias="[P]" Column="Retainer_Balance__USD" />
                    <ColumnReference Database="[ankura_dw]" Schema="[dbo]" Table="[Projects]" Alias="[P]" Column="SeniorProjectManagerNameFL" />
                    <ColumnReference Database="[ankura_dw]" Schema="[dbo]" Table="[Projects]" Alias="[P]" Column="ProjectBillerNameFL" />
                    <ColumnReference Column="Expr1007" />
                    <ColumnReference Column="Expr1011" />
                    <ColumnReference Column="Expr1016" />
                    <ColumnReference Column="Expr1021" />
                    <ColumnReference Column="Expr1026" />
                    <ColumnReference Column="Expr1031" />
                    <ColumnReference Column="Expr1036" />
                    <ColumnReference Column="Expr1041" />
                    <ColumnReference Column="Expr1046" />
                    <ColumnReference Column="Expr1058" />
                  </OutputList>
                  <Parallelism>
                    <RelOp NodeId="2" PhysicalOp="Hash Match" LogicalOp="Right Outer Join" EstimateRows="44053.5" EstimateIO="0" EstimateCPU="0.101983" AvgRowSize="951" EstimatedTotalSubtreeCost="4188.41" Parallel="1" EstimateRebinds="0" EstimateRewinds="0" EstimatedExecutionMode="Row">
                      <OutputList>
                        <ColumnReference Database="[ankura_dw]" Schema="[dbo]" Table="[CustinvoiceSummaries]" Alias="[CIS]" Column="InvoiceStatus" />
                        <ColumnReference Database="[ankura_dw]" Schema="[dbo]" Table="[CustinvoiceSummaries]" Alias="[CIS]" Column="InvoiceAccountingDate" />
                        <ColumnReference Database="[ankura_dw]" Schema="[dbo]" Table="[CustinvoiceSummaries]" Alias="[CIS]" Column="DueDate" />
                        <ColumnReference Database="[ankura_dw]" Schema="[dbo]" Table="[CustinvoiceSummaries]" Alias="[CIS]" Column="AmountDue" />
                        <ColumnReference Database="[ankura_dw]" Schema="[dbo]" Table="[CustinvoiceSummaries]" Alias="[CIS]" Column="InvoiceDate" />
                        <ColumnReference Database="[ankura_dw]" Schema="[dbo]" Table="[CustinvoiceSummaries]" Alias="[CIS]" Column="TotalInvoiceAmount" />
                        <ColumnReference Database="[ankura_dw]" Schema="[dbo]" Table="[CustinvoiceSummaries]" Alias="[CIS]" Column="TotalWriteoffAmountApprovedandNotCanceled" />
                        <ColumnReference Database="[ankura_dw]" Schema="[dbo]" Table="[CustinvoiceSummaries]" Alias="[CIS]" Column="CustomerInvoiceID" />
                        <ColumnReference Database="[ankura_dw]" Schema="[dbo]" Table="[CustinvoiceSummaries]" Alias="[CIS]" Column="TotalPaymentsExcludingWriteoffsInUSD" />
                        <ColumnReference Database="[ankura_dw]" Schema="[dbo]" Table="[CustinvoiceSummaries]" Alias="[CIS]" Column="CustomerInvoiceTotalAmountInUSD" />
                        <ColumnReference Database="[ankura_dw]" Schema="[dbo]" Table="[CustinvoiceSummaries]" Alias="[CIS]" Column="DisputeAmount" />
                        <ColumnReference Database="[ankura_dw]" Schema="[dbo]" Table="[CustinvoiceSummaries]" Alias="[CIS]" Column="InvoiceNumber" />
                        <ColumnReference Database="[ankura_dw]" Schema="[dbo]" Table="[CustinvoiceSummaries]" Alias="[CIS]" Column="PaymentTerms" />
                        <ColumnReference Database="[ankura_dw]" Schema="[dbo]" Table="[CustinvoiceSummaries]" Alias="[CIS]" Column="AmountDueInUSD2" />
                        <ColumnReference Database="[ankura_dw]" Schema="[dbo]" Table="[CustinvoiceSummaries]" Alias="[CIS]" Column="TotalPaymentsExcludingWriteoffs" />
                        <ColumnReference Database="[ankura_dw]" Schema="[dbo]" Table="[CustinvoiceSummaries]" Alias="[CIS]" Column="TotalWriteoffAmountApprovedandNotCanceledUSD" />
                        <ColumnReference Database="[ankura_dw]" Schema="[dbo]" Table="[CustinvoiceSummaries]" Alias="[CIS]" Column="Company" />
                        <ColumnReference Database="[ankura_dw]" Schema="[dbo]" Table="[CustinvoiceSummaries]" Alias="[CIS]" Column="CustomerID" />
                        <ColumnReference Database="[ankura_dw]" Schema="[dbo]" Table="[Projects]" Alias="[P]" Column="ProjectId" />
                        <ColumnReference Database="[ankura_dw]" Schema="[dbo]" Table="[Projects]" Alias="[P]" Column="ProjectName" />
                        <ColumnReference Database="[ankura_dw]" Schema="[dbo]" Table="[Projects]" Alias="[P]" Column="ProjectManagerNameFL" />
                        <ColumnReference Database="[ankura_dw]" Schema="[dbo]" Table="[Projects]" Alias="[P]" Column="ProjectCompanyName" />
                        <ColumnReference Database="[ankura_dw]" Schema="[dbo]" Table="[Projects]" Alias="[P]" Column="ProjectDeptLevel4" />
                        <ColumnReference Database="[ankura_dw]" Schema="[dbo]" Table="[Projects]" Alias="[P]" Column="ProjectDeptLevel5" />
                        <ColumnReference Database="[ankura_dw]" Schema="[dbo]" Table="[Projects]" Alias="[P]" Column="CustomerName" />
                        <ColumnReference Database="[ankura_dw]" Schema="[dbo]" Table="[Projects]" Alias="[P]" Column="Project_Currency" />
                        <ColumnReference Database="[ankura_dw]" Schema="[dbo]" Table="[Projects]" Alias="[P]" Column="Retainer_Balance__USD" />
                        <ColumnReference Database="[ankura_dw]" Schema="[dbo]" Table="[Projects]" Alias="[P]" Column="SeniorProjectManagerNameFL" />
                        <ColumnReference Database="[ankura_dw]" Schema="[dbo]" Table="[Projects]" Alias="[P]" Column="ProjectBillerNameFL" />
                        <ColumnReference Column="Expr1007" />
                        <ColumnReference Column="Expr1011" />
                        <ColumnReference Column="Expr1016" />
                        <ColumnReference Column="Expr1021" />
                        <ColumnReference Column="Expr1026" />
                        <ColumnReference Column="Expr1031" />
                        <ColumnReference Column="Expr1036" />
                        <ColumnReference Column="Expr1041" />
                        <ColumnReference Column="Expr1046" />
                        <ColumnReference Column="Expr1058" />
                      </OutputList>
                      <MemoryFractions Input="0.0149254" Output="0.0149254" />
                      <Hash>
                        <DefinedValues />
                        <HashKeysBuild>
                          <ColumnReference Database="[ankura_dw]" Schema="[dbo]" Table="[CustInvoiceWriteoffs]" Alias="[W]" Column="CustomerInvoiceID" />
                        </HashKeysBuild>
                        <HashKeysProbe>
                          <ColumnReference Database="[ankura_dw]" Schema="[dbo]" Table="[CustinvoiceSummaries]" Alias="[CIS]" Column="InvoiceNumber" />
                        </HashKeysProbe>
                        <ProbeResidual>
                          <ScalarOperator ScalarString="[ankura_dw].[dbo].[CustInvoiceWriteoffs].[CustomerInvoiceID] as [W].[CustomerInvoiceID]=[ankura_dw].[dbo].[CustinvoiceSummaries].[InvoiceNumber] as [CIS].[InvoiceNumber]">
                            <Compare CompareOp="EQ">
                              <ScalarOperator>
                                <Identifier>
                                  <ColumnReference Database="[ankura_dw]" Schema="[dbo]" Table="[CustInvoiceWriteoffs]" Alias="[W]" Column="CustomerInvoiceID" />
                                </Identifier>
                              </ScalarOperator>
                              <ScalarOperator>
                                <Identifier>
                                  <ColumnReference Database="[ankura_dw]" Schema="[dbo]" Table="[CustinvoiceSummaries]" Alias="[CIS]" Column="InvoiceNumber" />
                                </Identifier>
                              </ScalarOperator>
                            </Compare>
                          </ScalarOperator>
                        </ProbeResidual>
                        <RelOp NodeId="3" PhysicalOp="Parallelism" LogicalOp="Distribute Streams" EstimateRows="6.99801" EstimateIO="0" EstimateCPU="0.0285368" AvgRowSize="53" EstimatedTotalSubtreeCost="0.118935" Parallel="1" EstimateRebinds="0" EstimateRewinds="0" EstimatedExecutionMode="Row">
                          <OutputList>
                            <ColumnReference Database="[ankura_dw]" Schema="[dbo]" Table="[CustInvoiceWriteoffs]" Alias="[W]" Column="CustomerInvoiceID" />
                            <ColumnReference Column="Expr1046" />
                          </OutputList>
                          <Parallelism PartitioningType="Broadcast">
                            <RelOp NodeId="4" PhysicalOp="Compute Scalar" LogicalOp="Compute Scalar" EstimateRows="6.99801" EstimateIO="0" EstimateCPU="0" AvgRowSize="53" EstimatedTotalSubtreeCost="0.0903978" Parallel="0" EstimateRebinds="0" EstimateRewinds="0" EstimatedExecutionMode="Row">
                              <OutputList>
                                <ColumnReference Database="[ankura_dw]" Schema="[dbo]" Table="[CustInvoiceWriteoffs]" Alias="[W]" Column="CustomerInvoiceID" />
                                <ColumnReference Column="Expr1046" />
                              </OutputList>
                              <ComputeScalar>
                                <DefinedValues>
                                  <DefinedValue>
                                    <ColumnReference Column="Expr1046" />
                                    <ScalarOperator ScalarString="CASE WHEN [Expr1091]=(0) THEN NULL ELSE [Expr1092] END">
                                      <IF>
                                        <Condition>
                                          <ScalarOperator>
                                            <Compare CompareOp="EQ">
                                              <ScalarOperator>
                                                <Identifier>
                                                  <ColumnReference Column="Expr1091" />
                                                </Identifier>
                                              </ScalarOperator>
                                              <ScalarOperator>
                                                <Const ConstValue="(0)" />
                                              </ScalarOperator>
                                            </Compare>
                                          </ScalarOperator>
                                        </Condition>
                                        <Then>
                                          <ScalarOperator>
                                            <Const ConstValue="NULL" />
                                          </ScalarOperator>
                                        </Then>
                                        <Else>
                                          <ScalarOperator>
                                            <Identifier>
                                              <ColumnReference Column="Expr1092" />
                                            </Identifier>
                                          </ScalarOperator>
                                        </Else>
                                      </IF>
                                    </ScalarOperator>
                                  </DefinedValue>
                                </DefinedValues>
                                <RelOp NodeId="5" PhysicalOp="Stream Aggregate" LogicalOp="Aggregate" EstimateRows="6.99801" EstimateIO="0" EstimateCPU="7.86677e-06" AvgRowSize="53" EstimatedTotalSubtreeCost="0.0903978" Parallel="0" EstimateRebinds="0" EstimateRewinds="0" EstimatedExecutionMode="Row">
                                  <OutputList>
                                    <ColumnReference Database="[ankura_dw]" Schema="[dbo]" Table="[CustInvoiceWriteoffs]" Alias="[W]" Column="CustomerInvoiceID" />
                                    <ColumnReference Column="Expr1091" />
                                    <ColumnReference Column="Expr1092" />
                                  </OutputList>
                                  <StreamAggregate>
                                    <DefinedValues>
                                      <DefinedValue>
                                        <ColumnReference Column="Expr1091" />
                                        <ScalarOperator ScalarString="COUNT_BIG([ankura_dw].[dbo].[CustInvoiceWriteoffs].[WriteoffAmountUSD] as [W].[WriteoffAmountUSD])">
                                          <Aggregate Distinct="0" AggType="COUNT_BIG">
                                            <ScalarOperator>
                                              <Identifier>
                                                <ColumnReference Database="[ankura_dw]" Schema="[dbo]" Table="[CustInvoiceWriteoffs]" Alias="[W]" Column="WriteoffAmountUSD" />
                                              </Identifier>
                                            </ScalarOperator>
                                          </Aggregate>
                                        </ScalarOperator>
                                      </DefinedValue>
                                      <DefinedValue>
                                        <ColumnReference Column="Expr1092" />
                                        <ScalarOperator ScalarString="SUM([ankura_dw].[dbo].[CustInvoiceWriteoffs].[WriteoffAmountUSD] as [W].[WriteoffAmountUSD])">
                                          <Aggregate Distinct="0" AggType="SUM">
                                            <ScalarOperator>
                                              <Identifier>
                                                <ColumnReference Database="[ankura_dw]" Schema="[dbo]" Table="[CustInvoiceWriteoffs]" Alias="[W]" Column="WriteoffAmountUSD" />
                                              </Identifier>
                                            </ScalarOperator>
                                          </Aggregate>
                                        </ScalarOperator>
                                      </DefinedValue>
                                    </DefinedValues>
                                    <GroupBy>
                                      <ColumnReference Database="[ankura_dw]" Schema="[dbo]" Table="[CustInvoiceWriteoffs]" Alias="[W]" Column="CustomerInvoiceID" />
                                    </GroupBy>
                                    <RelOp NodeId="6" PhysicalOp="Parallelism" LogicalOp="Gather Streams" EstimateRows="7.27961" EstimateIO="0" EstimateCPU="0.0285347" AvgRowSize="45" EstimatedTotalSubtreeCost="0.09039" Parallel="1" EstimateRebinds="0" EstimateRewinds="0" EstimatedExecutionMode="Row">
                                      <OutputList>
                                        <ColumnReference Database="[ankura_dw]" Schema="[dbo]" Table="[CustInvoiceWriteoffs]" Alias="[W]" Column="WriteoffAmountUSD" />
                                        <ColumnReference Database="[ankura_dw]" Schema="[dbo]" Table="[CustInvoiceWriteoffs]" Alias="[W]" Column="CustomerInvoiceID" />
                                      </OutputList>
                                      <Parallelism>
                                        <OrderBy>
                                          <OrderByColumn Ascending="1">
                                            <ColumnReference Database="[ankura_dw]" Schema="[dbo]" Table="[CustInvoiceWriteoffs]" Alias="[W]" Column="CustomerInvoiceID" />
                                          </OrderByColumn>
                                        </OrderBy>
                                        <RelOp NodeId="7" PhysicalOp="Filter" LogicalOp="Filter" EstimateRows="7.27961" EstimateIO="0" EstimateCPU="0.0001359" AvgRowSize="45" EstimatedTotalSubtreeCost="0.0618553" Parallel="1" EstimateRebinds="0" EstimateRewinds="0" EstimatedExecutionMode="Row">
                                          <OutputList>
                                            <ColumnReference Database="[ankura_dw]" Schema="[dbo]" Table="[CustInvoiceWriteoffs]" Alias="[W]" Column="WriteoffAmountUSD" />
                                            <ColumnReference Database="[ankura_dw]" Schema="[dbo]" Table="[CustInvoiceWriteoffs]" Alias="[W]" Column="CustomerInvoiceID" />
                                          </OutputList>
                                          <Filter StartupExpression="0">
                                            <RelOp NodeId="8" PhysicalOp="Sort" LogicalOp="Sort" EstimateRows="2265" EstimateIO="0.00140766" EstimateCPU="0.0049351" AvgRowSize="53" EstimatedTotalSubtreeCost="0.0617194" Parallel="1" EstimateRebinds="0" EstimateRewinds="0" EstimatedExecutionMode="Row">
                                              <OutputList>
                                                <ColumnReference Database="[ankura_dw]" Schema="[dbo]" Table="[CustInvoiceWriteoffs]" Alias="[W]" Column="PaymentDate" />
                                                <ColumnReference Database="[ankura_dw]" Schema="[dbo]" Table="[CustInvoiceWriteoffs]" Alias="[W]" Column="WriteoffAmountUSD" />
                                                <ColumnReference Database="[ankura_dw]" Schema="[dbo]" Table="[CustInvoiceWriteoffs]" Alias="[W]" Column="CustomerInvoiceID" />
                                              </OutputList>
                                              <MemoryFractions Input="1" Output="0.985075" />
                                              <Sort Distinct="0">
                                                <OrderBy>
                                                  <OrderByColumn Ascending="1">
                                                    <ColumnReference Database="[ankura_dw]" Schema="[dbo]" Table="[CustInvoiceWriteoffs]" Alias="[W]" Column="CustomerInvoiceID" />
                                                  </OrderByColumn>
                                                </OrderBy>
                                                <RelOp NodeId="9" PhysicalOp="Table Scan" LogicalOp="Table Scan" EstimateRows="2265" EstimatedRowsRead="2265" EstimateIO="0.0550554" EstimateCPU="0.00032125" AvgRowSize="53" EstimatedTotalSubtreeCost="0.0553766" TableCardinality="2265" Parallel="1" EstimateRebinds="0" EstimateRewinds="0" EstimatedExecutionMode="Row">
                                                  <OutputList>
                                                    <ColumnReference Database="[ankura_dw]" Schema="[dbo]" Table="[CustInvoiceWriteoffs]" Alias="[W]" Column="PaymentDate" />
                                                    <ColumnReference Database="[ankura_dw]" Schema="[dbo]" Table="[CustInvoiceWriteoffs]" Alias="[W]" Column="WriteoffAmountUSD" />
                                                    <ColumnReference Database="[ankura_dw]" Schema="[dbo]" Table="[CustInvoiceWriteoffs]" Alias="[W]" Column="CustomerInvoiceID" />
                                                  </OutputList>
                                                  <TableScan Ordered="0" ForcedIndex="0" ForceScan="0" NoExpandHint="0" Storage="RowStore">
                                                    <DefinedValues>
                                                      <DefinedValue>
                                                        <ColumnReference Database="[ankura_dw]" Schema="[dbo]" Table="[CustInvoiceWriteoffs]" Alias="[W]" Column="PaymentDate" />
                                                      </DefinedValue>
                                                      <DefinedValue>
                                                        <ColumnReference Database="[ankura_dw]" Schema="[dbo]" Table="[CustInvoiceWriteoffs]" Alias="[W]" Column="WriteoffAmountUSD" />
                                                      </DefinedValue>
                                                      <DefinedValue>
                                                        <ColumnReference Database="[ankura_dw]" Schema="[dbo]" Table="[CustInvoiceWriteoffs]" Alias="[W]" Column="CustomerInvoiceID" />
                                                      </DefinedValue>
                                                    </DefinedValues>
                                                    <Object Database="[ankura_dw]" Schema="[dbo]" Table="[CustInvoiceWriteoffs]" Alias="[W]" TableReferenceId="3" IndexKind="Heap" Storage="RowStore" />
                                                  </TableScan>
                                                </RelOp>
                                              </Sort>
                                            </RelOp>
                                            <Predicate>
                                              <ScalarOperator ScalarString="[ankura_dw].[dbo].[CustInvoiceWriteoffs].[PaymentDate] as [W].[PaymentDate]&gt;=dateadd(day,(-31),CONVERT(date,getdate(),0))">
                                                <Compare CompareOp="GE">
                                                  <ScalarOperator>
                                                    <Identifier>
                                                      <ColumnReference Database="[ankura_dw]" Schema="[dbo]" Table="[CustInvoiceWriteoffs]" Alias="[W]" Column="PaymentDate" />
                                                    </Identifier>
                                                  </ScalarOperator>
                                                  <ScalarOperator>
                                                    <Identifier>
                                                      <ColumnReference Column="ConstExpr1057">
                                                        <ScalarOperator>
                                                          <Intrinsic FunctionName="dateadd">
                                                            <ScalarOperator>
                                                              <Const ConstValue="(4)" />
                                                            </ScalarOperator>
                                                            <ScalarOperator>
                                                              <Const ConstValue="(-31)" />
                                                            </ScalarOperator>
                                                            <ScalarOperator>
                                                              <Convert DataType="date" Style="0" Implicit="0">
                                                                <ScalarOperator>
                                                                  <Intrinsic FunctionName="getdate" />
                                                                </ScalarOperator>
                                                              </Convert>
                                                            </ScalarOperator>
                                                          </Intrinsic>
                                                        </ScalarOperator>
                                                      </ColumnReference>
                                                    </Identifier>
                                                  </ScalarOperator>
                                                </Compare>
                                              </ScalarOperator>
                                            </Predicate>
                                          </Filter>
                                        </RelOp>
                                      </Parallelism>
                                    </RelOp>
                                  </StreamAggregate>
                                </RelOp>
                              </ComputeScalar>
                            </RelOp>
                          </Parallelism>
                        </RelOp>
                        <RelOp NodeId="10" PhysicalOp="Hash Match" LogicalOp="Right Outer Join" EstimateRows="44053.5" EstimateIO="0" EstimateCPU="0.101983" AvgRowSize="934" EstimatedTotalSubtreeCost="4188.18" Parallel="1" EstimateRebinds="0" EstimateRewinds="0" EstimatedExecutionMode="Row">
                          <OutputList>
                            <ColumnReference Database="[ankura_dw]" Schema="[dbo]" Table="[CustinvoiceSummaries]" Alias="[CIS]" Column="InvoiceStatus" />
                            <ColumnReference Database="[ankura_dw]" Schema="[dbo]" Table="[CustinvoiceSummaries]" Alias="[CIS]" Column="InvoiceAccountingDate" />
                            <ColumnReference Database="[ankura_dw]" Schema="[dbo]" Table="[CustinvoiceSummaries]" Alias="[CIS]" Column="DueDate" />
                            <ColumnReference Database="[ankura_dw]" Schema="[dbo]" Table="[CustinvoiceSummaries]" Alias="[CIS]" Column="AmountDue" />
                            <ColumnReference Database="[ankura_dw]" Schema="[dbo]" Table="[CustinvoiceSummaries]" Alias="[CIS]" Column="InvoiceDate" />
                            <ColumnReference Database="[ankura_dw]" Schema="[dbo]" Table="[CustinvoiceSummaries]" Alias="[CIS]" Column="TotalInvoiceAmount" />
                            <ColumnReference Database="[ankura_dw]" Schema="[dbo]" Table="[CustinvoiceSummaries]" Alias="[CIS]" Column="TotalWriteoffAmountApprovedandNotCanceled" />
                            <ColumnReference Database="[ankura_dw]" Schema="[dbo]" Table="[CustinvoiceSummaries]" Alias="[CIS]" Column="CustomerInvoiceID" />
                            <ColumnReference Database="[ankura_dw]" Schema="[dbo]" Table="[CustinvoiceSummaries]" Alias="[CIS]" Column="TotalPaymentsExcludingWriteoffsInUSD" />
                            <ColumnReference Database="[ankura_dw]" Schema="[dbo]" Table="[CustinvoiceSummaries]" Alias="[CIS]" Column="CustomerInvoiceTotalAmountInUSD" />
                            <ColumnReference Database="[ankura_dw]" Schema="[dbo]" Table="[CustinvoiceSummaries]" Alias="[CIS]" Column="DisputeAmount" />
                            <ColumnReference Database="[ankura_dw]" Schema="[dbo]" Table="[CustinvoiceSummaries]" Alias="[CIS]" Column="InvoiceNumber" />
                            <ColumnReference Database="[ankura_dw]" Schema="[dbo]" Table="[CustinvoiceSummaries]" Alias="[CIS]" Column="PaymentTerms" />
                            <ColumnReference Database="[ankura_dw]" Schema="[dbo]" Table="[CustinvoiceSummaries]" Alias="[CIS]" Column="AmountDueInUSD2" />
                            <ColumnReference Database="[ankura_dw]" Schema="[dbo]" Table="[CustinvoiceSummaries]" Alias="[CIS]" Column="TotalPaymentsExcludingWriteoffs" />
                            <ColumnReference Database="[ankura_dw]" Schema="[dbo]" Table="[CustinvoiceSummaries]" Alias="[CIS]" Column="TotalWriteoffAmountApprovedandNotCanceledUSD" />
                            <ColumnReference Database="[ankura_dw]" Schema="[dbo]" Table="[CustinvoiceSummaries]" Alias="[CIS]" Column="Company" />
                            <ColumnReference Database="[ankura_dw]" Schema="[dbo]" Table="[CustinvoiceSummaries]" Alias="[CIS]" Column="CustomerID" />
                            <ColumnReference Database="[ankura_dw]" Schema="[dbo]" Table="[Projects]" Alias="[P]" Column="ProjectId" />
                            <ColumnReference Database="[ankura_dw]" Schema="[dbo]" Table="[Projects]" Alias="[P]" Column="ProjectName" />
                            <ColumnReference Database="[ankura_dw]" Schema="[dbo]" Table="[Projects]" Alias="[P]" Column="ProjectManagerNameFL" />
                            <ColumnReference Database="[ankura_dw]" Schema="[dbo]" Table="[Projects]" Alias="[P]" Column="ProjectCompanyName" />
                            <ColumnReference Database="[ankura_dw]" Schema="[dbo]" Table="[Projects]" Alias="[P]" Column="ProjectDeptLevel4" />
                            <ColumnReference Database="[ankura_dw]" Schema="[dbo]" Table="[Projects]" Alias="[P]" Column="ProjectDeptLevel5" />
                            <ColumnReference Database="[ankura_dw]" Schema="[dbo]" Table="[Projects]" Alias="[P]" Column="CustomerName" />
                            <ColumnReference Database="[ankura_dw]" Schema="[dbo]" Table="[Projects]" Alias="[P]" Column="Project_Currency" />
                            <ColumnReference Database="[ankura_dw]" Schema="[dbo]" Table="[Projects]" Alias="[P]" Column="Retainer_Balance__USD" />
                            <ColumnReference Database="[ankura_dw]" Schema="[dbo]" Table="[Projects]" Alias="[P]" Column="SeniorProjectManagerNameFL" />
                            <ColumnReference Database="[ankura_dw]" Schema="[dbo]" Table="[Projects]" Alias="[P]" Column="ProjectBillerNameFL" />
                            <ColumnReference Column="Expr1007" />
                            <ColumnReference Column="Expr1011" />
                            <ColumnReference Column="Expr1016" />
                            <ColumnReference Column="Expr1021" />
                            <ColumnReference Column="Expr1026" />
                            <ColumnReference Column="Expr1031" />
                            <ColumnReference Column="Expr1036" />
                            <ColumnReference Column="Expr1041" />
                            <ColumnReference Column="Expr1058" />
                          </OutputList>
                          <MemoryFractions Input="0.0149254" Output="0.0149254" />
                          <Hash>
                            <DefinedValues />
                            <HashKeysBuild>
                              <ColumnReference Database="[ankura_dw]" Schema="[dbo]" Table="[CustInvoiceWriteoffs]" Alias="[W]" Column="CustomerInvoiceID" />
                            </HashKeysBuild>
                            <HashKeysProbe>
                              <ColumnReference Database="[ankura_dw]" Schema="[dbo]" Table="[CustinvoiceSummaries]" Alias="[CIS]" Column="InvoiceNumber" />
                            </HashKeysProbe>
                            <ProbeResidual>
                              <ScalarOperator ScalarString="[ankura_dw].[dbo].[CustInvoiceWriteoffs].[CustomerInvoiceID] as [W].[CustomerInvoiceID]=[ankura_dw].[dbo].[CustinvoiceSummaries].[InvoiceNumber] as [CIS].[InvoiceNumber]">
                                <Compare CompareOp="EQ">
                                  <ScalarOperator>
                                    <Identifier>
                                      <ColumnReference Database="[ankura_dw]" Schema="[dbo]" Table="[CustInvoiceWriteoffs]" Alias="[W]" Column="CustomerInvoiceID" />
                                    </Identifier>
                                  </ScalarOperator>
                                  <ScalarOperator>
                                    <Identifier>
                                      <ColumnReference Database="[ankura_dw]" Schema="[dbo]" Table="[CustinvoiceSummaries]" Alias="[CIS]" Column="InvoiceNumber" />
                                    </Identifier>
                                  </ScalarOperator>
                                </Compare>
                              </ScalarOperator>
                            </ProbeResidual>
                            <RelOp NodeId="11" PhysicalOp="Parallelism" LogicalOp="Distribute Streams" EstimateRows="6.99801" EstimateIO="0" EstimateCPU="0.0285368" AvgRowSize="53" EstimatedTotalSubtreeCost="0.118935" Parallel="1" EstimateRebinds="0" EstimateRewinds="0" EstimatedExecutionMode="Row">
                              <OutputList>
                                <ColumnReference Database="[ankura_dw]" Schema="[dbo]" Table="[CustInvoiceWriteoffs]" Alias="[W]" Column="CustomerInvoiceID" />
                                <ColumnReference Column="Expr1041" />
                              </OutputList>
                              <Parallelism PartitioningType="Broadcast">
                                <RelOp NodeId="12" PhysicalOp="Compute Scalar" LogicalOp="Compute Scalar" EstimateRows="6.99801" EstimateIO="0" EstimateCPU="0" AvgRowSize="53" EstimatedTotalSubtreeCost="0.0903978" Parallel="0" EstimateRebinds="0" EstimateRewinds="0" EstimatedExecutionMode="Row">
                                  <OutputList>
                                    <ColumnReference Database="[ankura_dw]" Schema="[dbo]" Table="[CustInvoiceWriteoffs]" Alias="[W]" Column="CustomerInvoiceID" />
                                    <ColumnReference Column="Expr1041" />
                                  </OutputList>
                                  <ComputeScalar>
                                    <DefinedValues>
                                      <DefinedValue>
                                        <ColumnReference Column="Expr1041" />
                                        <ScalarOperator ScalarString="CASE WHEN [Expr1093]=(0) THEN NULL ELSE [Expr1094] END">
                                          <IF>
                                            <Condition>
                                              <ScalarOperator>
                                                <Compare CompareOp="EQ">
                                                  <ScalarOperator>
                                                    <Identifier>
                                                      <ColumnReference Column="Expr1093" />
                                                    </Identifier>
                                                  </ScalarOperator>
                                                  <ScalarOperator>
                                                    <Const ConstValue="(0)" />
                                                  </ScalarOperator>
                                                </Compare>
                                              </ScalarOperator>
                                            </Condition>
                                            <Then>
                                              <ScalarOperator>
                                                <Const ConstValue="NULL" />
                                              </ScalarOperator>
                                            </Then>
                                            <Else>
                                              <ScalarOperator>
                                                <Identifier>
                                                  <ColumnReference Column="Expr1094" />
                                                </Identifier>
                                              </ScalarOperator>
                                            </Else>
                                          </IF>
                                        </ScalarOperator>
                                      </DefinedValue>
                                    </DefinedValues>
                                    <RelOp NodeId="13" PhysicalOp="Stream Aggregate" LogicalOp="Aggregate" EstimateRows="6.99801" EstimateIO="0" EstimateCPU="7.86677e-06" AvgRowSize="53" EstimatedTotalSubtreeCost="0.0903978" Parallel="0" EstimateRebinds="0" EstimateRewinds="0" EstimatedExecutionMode="Row">
                                      <OutputList>
                                        <ColumnReference Database="[ankura_dw]" Schema="[dbo]" Table="[CustInvoiceWriteoffs]" Alias="[W]" Column="CustomerInvoiceID" />
                                        <ColumnReference Column="Expr1093" />
                                        <ColumnReference Column="Expr1094" />
                                      </OutputList>
                                      <StreamAggregate>
                                        <DefinedValues>
                                          <DefinedValue>
                                            <ColumnReference Column="Expr1093" />
                                            <ScalarOperator ScalarString="COUNT_BIG([ankura_dw].[dbo].[CustInvoiceWriteoffs].[WriteoffAmount] as [W].[WriteoffAmount])">
                                              <Aggregate Distinct="0" AggType="COUNT_BIG">
                                                <ScalarOperator>
                                                  <Identifier>
                                                    <ColumnReference Database="[ankura_dw]" Schema="[dbo]" Table="[CustInvoiceWriteoffs]" Alias="[W]" Column="WriteoffAmount" />
                                                  </Identifier>
                                                </ScalarOperator>
                                              </Aggregate>
                                            </ScalarOperator>
                                          </DefinedValue>
                                          <DefinedValue>
                                            <ColumnReference Column="Expr1094" />
                                            <ScalarOperator ScalarString="SUM([ankura_dw].[dbo].[CustInvoiceWriteoffs].[WriteoffAmount] as [W].[WriteoffAmount])">
                                              <Aggregate Distinct="0" AggType="SUM">
                                                <ScalarOperator>
                                                  <Identifier>
                                                    <ColumnReference Database="[ankura_dw]" Schema="[dbo]" Table="[CustInvoiceWriteoffs]" Alias="[W]" Column="WriteoffAmount" />
                                                  </Identifier>
                                                </ScalarOperator>
                                              </Aggregate>
                                            </ScalarOperator>
                                          </DefinedValue>
                                        </DefinedValues>
                                        <GroupBy>
                                          <ColumnReference Database="[ankura_dw]" Schema="[dbo]" Table="[CustInvoiceWriteoffs]" Alias="[W]" Column="CustomerInvoiceID" />
                                        </GroupBy>
                                        <RelOp NodeId="14" PhysicalOp="Parallelism" LogicalOp="Gather Streams" EstimateRows="7.27961" EstimateIO="0" EstimateCPU="0.0285347" AvgRowSize="45" EstimatedTotalSubtreeCost="0.09039" Parallel="1" EstimateRebinds="0" EstimateRewinds="0" EstimatedExecutionMode="Row">
                                          <OutputList>
                                            <ColumnReference Database="[ankura_dw]" Schema="[dbo]" Table="[CustInvoiceWriteoffs]" Alias="[W]" Column="WriteoffAmount" />
                                            <ColumnReference Database="[ankura_dw]" Schema="[dbo]" Table="[CustInvoiceWriteoffs]" Alias="[W]" Column="CustomerInvoiceID" />
                                          </OutputList>
                                          <Parallelism>
                                            <OrderBy>
                                              <OrderByColumn Ascending="1">
                                                <ColumnReference Database="[ankura_dw]" Schema="[dbo]" Table="[CustInvoiceWriteoffs]" Alias="[W]" Column="CustomerInvoiceID" />
                                              </OrderByColumn>
                                            </OrderBy>
                                            <RelOp NodeId="15" PhysicalOp="Filter" LogicalOp="Filter" EstimateRows="7.27961" EstimateIO="0" EstimateCPU="0.0001359" AvgRowSize="45" EstimatedTotalSubtreeCost="0.0618553" Parallel="1" EstimateRebinds="0" EstimateRewinds="0" EstimatedExecutionMode="Row">
                                              <OutputList>
                                                <ColumnReference Database="[ankura_dw]" Schema="[dbo]" Table="[CustInvoiceWriteoffs]" Alias="[W]" Column="WriteoffAmount" />
                                                <ColumnReference Database="[ankura_dw]" Schema="[dbo]" Table="[CustInvoiceWriteoffs]" Alias="[W]" Column="CustomerInvoiceID" />
                                              </OutputList>
                                              <Filter StartupExpression="0">
                                                <RelOp NodeId="16" PhysicalOp="Sort" LogicalOp="Sort" EstimateRows="2265" EstimateIO="0.00140766" EstimateCPU="0.0049351" AvgRowSize="53" EstimatedTotalSubtreeCost="0.0617194" Parallel="1" EstimateRebinds="0" EstimateRewinds="0" EstimatedExecutionMode="Row">
                                                  <OutputList>
                                                    <ColumnReference Database="[ankura_dw]" Schema="[dbo]" Table="[CustInvoiceWriteoffs]" Alias="[W]" Column="PaymentDate" />
                                                    <ColumnReference Database="[ankura_dw]" Schema="[dbo]" Table="[CustInvoiceWriteoffs]" Alias="[W]" Column="WriteoffAmount" />
                                                    <ColumnReference Database="[ankura_dw]" Schema="[dbo]" Table="[CustInvoiceWriteoffs]" Alias="[W]" Column="CustomerInvoiceID" />
                                                  </OutputList>
                                                  <MemoryFractions Input="0.985075" Output="0.970149" />
                                                  <Sort Distinct="0">
                                                    <OrderBy>
                                                      <OrderByColumn Ascending="1">
                                                        <ColumnReference Database="[ankura_dw]" Schema="[dbo]" Table="[CustInvoiceWriteoffs]" Alias="[W]" Column="CustomerInvoiceID" />
                                                      </OrderByColumn>
                                                    </OrderBy>
                                                    <RelOp NodeId="17" PhysicalOp="Table Scan" LogicalOp="Table Scan" EstimateRows="2265" EstimatedRowsRead="2265" EstimateIO="0.0550554" EstimateCPU="0.00032125" AvgRowSize="53" EstimatedTotalSubtreeCost="0.0553766" TableCardinality="2265" Parallel="1" EstimateRebinds="0" EstimateRewinds="0" EstimatedExecutionMode="Row">
                                                      <OutputList>
                                                        <ColumnReference Database="[ankura_dw]" Schema="[dbo]" Table="[CustInvoiceWriteoffs]" Alias="[W]" Column="PaymentDate" />
                                                        <ColumnReference Database="[ankura_dw]" Schema="[dbo]" Table="[CustInvoiceWriteoffs]" Alias="[W]" Column="WriteoffAmount" />
                                                        <ColumnReference Database="[ankura_dw]" Schema="[dbo]" Table="[CustInvoiceWriteoffs]" Alias="[W]" Column="CustomerInvoiceID" />
                                                      </OutputList>
                                                      <TableScan Ordered="0" ForcedIndex="0" ForceScan="0" NoExpandHint="0" Storage="RowStore">
                                                        <DefinedValues>
                                                          <DefinedValue>
                                                            <ColumnReference Database="[ankura_dw]" Schema="[dbo]" Table="[CustInvoiceWriteoffs]" Alias="[W]" Column="PaymentDate" />
                                                          </DefinedValue>
                                                          <DefinedValue>
                                                            <ColumnReference Database="[ankura_dw]" Schema="[dbo]" Table="[CustInvoiceWriteoffs]" Alias="[W]" Column="WriteoffAmount" />
                                                          </DefinedValue>
                                                          <DefinedValue>
                                                            <ColumnReference Database="[ankura_dw]" Schema="[dbo]" Table="[CustInvoiceWriteoffs]" Alias="[W]" Column="CustomerInvoiceID" />
                                                          </DefinedValue>
                                                        </DefinedValues>
                                                        <Object Database="[ankura_dw]" Schema="[dbo]" Table="[CustInvoiceWriteoffs]" Alias="[W]" TableReferenceId="2" IndexKind="Heap" Storage="RowStore" />
                                                      </TableScan>
                                                    </RelOp>
                                                  </Sort>
                                                </RelOp>
                                                <Predicate>
                                                  <ScalarOperator ScalarString="[ankura_dw].[dbo].[CustInvoiceWriteoffs].[PaymentDate] as [W].[PaymentDate]&gt;=dateadd(day,(-31),CONVERT(date,getdate(),0))">
                                                    <Compare CompareOp="GE">
                                                      <ScalarOperator>
                                                        <Identifier>
                                                          <ColumnReference Database="[ankura_dw]" Schema="[dbo]" Table="[CustInvoiceWriteoffs]" Alias="[W]" Column="PaymentDate" />
                                                        </Identifier>
                                                      </ScalarOperator>
                                                      <ScalarOperator>
                                                        <Identifier>
                                                          <ColumnReference Column="ConstExpr1056">
                                                            <ScalarOperator>
                                                              <Intrinsic FunctionName="dateadd">
                                                                <ScalarOperator>
                                                                  <Const ConstValue="(4)" />
                                                                </ScalarOperator>
                                                                <ScalarOperator>
                                                                  <Const ConstValue="(-31)" />
                                                                </ScalarOperator>
                                                                <ScalarOperator>
                                                                  <Convert DataType="date" Style="0" Implicit="0">
                                                                    <ScalarOperator>
                                                                      <Intrinsic FunctionName="getdate" />
                                                                    </ScalarOperator>
                                                                  </Convert>
                                                                </ScalarOperator>
                                                              </Intrinsic>
                                                            </ScalarOperator>
                                                          </ColumnReference>
                                                        </Identifier>
                                                      </ScalarOperator>
                                                    </Compare>
                                                  </ScalarOperator>
                                                </Predicate>
                                              </Filter>
                                            </RelOp>
                                          </Parallelism>
                                        </RelOp>
                                      </StreamAggregate>
                                    </RelOp>
                                  </ComputeScalar>
                                </RelOp>
                              </Parallelism>
                            </RelOp>
                            <RelOp NodeId="18" PhysicalOp="Hash Match" LogicalOp="Right Outer Join" EstimateRows="44053.5" EstimateIO="0" EstimateCPU="0.110641" AvgRowSize="917" EstimatedTotalSubtreeCost="4187.96" Parallel="1" EstimateRebinds="0" EstimateRewinds="0" EstimatedExecutionMode="Row">
                              <OutputList>
                                <ColumnReference Database="[ankura_dw]" Schema="[dbo]" Table="[CustinvoiceSummaries]" Alias="[CIS]" Column="InvoiceStatus" />
                                <ColumnReference Database="[ankura_dw]" Schema="[dbo]" Table="[CustinvoiceSummaries]" Alias="[CIS]" Column="InvoiceAccountingDate" />
                                <ColumnReference Database="[ankura_dw]" Schema="[dbo]" Table="[CustinvoiceSummaries]" Alias="[CIS]" Column="DueDate" />
                                <ColumnReference Database="[ankura_dw]" Schema="[dbo]" Table="[CustinvoiceSummaries]" Alias="[CIS]" Column="AmountDue" />
                                <ColumnReference Database="[ankura_dw]" Schema="[dbo]" Table="[CustinvoiceSummaries]" Alias="[CIS]" Column="InvoiceDate" />
                                <ColumnReference Database="[ankura_dw]" Schema="[dbo]" Table="[CustinvoiceSummaries]" Alias="[CIS]" Column="TotalInvoiceAmount" />
                                <ColumnReference Database="[ankura_dw]" Schema="[dbo]" Table="[CustinvoiceSummaries]" Alias="[CIS]" Column="TotalWriteoffAmountApprovedandNotCanceled" />
                                <ColumnReference Database="[ankura_dw]" Schema="[dbo]" Table="[CustinvoiceSummaries]" Alias="[CIS]" Column="CustomerInvoiceID" />
                                <ColumnReference Database="[ankura_dw]" Schema="[dbo]" Table="[CustinvoiceSummaries]" Alias="[CIS]" Column="TotalPaymentsExcludingWriteoffsInUSD" />
                                <ColumnReference Database="[ankura_dw]" Schema="[dbo]" Table="[CustinvoiceSummaries]" Alias="[CIS]" Column="CustomerInvoiceTotalAmountInUSD" />
                                <ColumnReference Database="[ankura_dw]" Schema="[dbo]" Table="[CustinvoiceSummaries]" Alias="[CIS]" Column="DisputeAmount" />
                                <ColumnReference Database="[ankura_dw]" Schema="[dbo]" Table="[CustinvoiceSummaries]" Alias="[CIS]" Column="InvoiceNumber" />
                                <ColumnReference Database="[ankura_dw]" Schema="[dbo]" Table="[CustinvoiceSummaries]" Alias="[CIS]" Column="PaymentTerms" />
                                <ColumnReference Database="[ankura_dw]" Schema="[dbo]" Table="[CustinvoiceSummaries]" Alias="[CIS]" Column="AmountDueInUSD2" />
                                <ColumnReference Database="[ankura_dw]" Schema="[dbo]" Table="[CustinvoiceSummaries]" Alias="[CIS]" Column="TotalPaymentsExcludingWriteoffs" />
                                <ColumnReference Database="[ankura_dw]" Schema="[dbo]" Table="[CustinvoiceSummaries]" Alias="[CIS]" Column="TotalWriteoffAmountApprovedandNotCanceledUSD" />
                                <ColumnReference Database="[ankura_dw]" Schema="[dbo]" Table="[CustinvoiceSummaries]" Alias="[CIS]" Column="Company" />
                                <ColumnReference Database="[ankura_dw]" Schema="[dbo]" Table="[CustinvoiceSummaries]" Alias="[CIS]" Column="CustomerID" />
                                <ColumnReference Database="[ankura_dw]" Schema="[dbo]" Table="[Projects]" Alias="[P]" Column="ProjectId" />
                                <ColumnReference Database="[ankura_dw]" Schema="[dbo]" Table="[Projects]" Alias="[P]" Column="ProjectName" />
                                <ColumnReference Database="[ankura_dw]" Schema="[dbo]" Table="[Projects]" Alias="[P]" Column="ProjectManagerNameFL" />
                                <ColumnReference Database="[ankura_dw]" Schema="[dbo]" Table="[Projects]" Alias="[P]" Column="ProjectCompanyName" />
                                <ColumnReference Database="[ankura_dw]" Schema="[dbo]" Table="[Projects]" Alias="[P]" Column="ProjectDeptLevel4" />
                                <ColumnReference Database="[ankura_dw]" Schema="[dbo]" Table="[Projects]" Alias="[P]" Column="ProjectDeptLevel5" />
                                <ColumnReference Database="[ankura_dw]" Schema="[dbo]" Table="[Projects]" Alias="[P]" Column="CustomerName" />
                                <ColumnReference Database="[ankura_dw]" Schema="[dbo]" Table="[Projects]" Alias="[P]" Column="Project_Currency" />
                                <ColumnReference Database="[ankura_dw]" Schema="[dbo]" Table="[Projects]" Alias="[P]" Column="Retainer_Balance__USD" />
                                <ColumnReference Database="[ankura_dw]" Schema="[dbo]" Table="[Projects]" Alias="[P]" Column="SeniorProjectManagerNameFL" />
                                <ColumnReference Database="[ankura_dw]" Schema="[dbo]" Table="[Projects]" Alias="[P]" Column="ProjectBillerNameFL" />
                                <ColumnReference Column="Expr1007" />
                                <ColumnReference Column="Expr1011" />
                                <ColumnReference Column="Expr1016" />
                                <ColumnReference Column="Expr1021" />
                                <ColumnReference Column="Expr1026" />
                                <ColumnReference Column="Expr1031" />
                                <ColumnReference Column="Expr1036" />
                                <ColumnReference Column="Expr1058" />
                              </OutputList>
                              <MemoryFractions Input="0.0477612" Output="0.0477612" />
                              <Hash>
                                <DefinedValues />
                                <HashKeysBuild>
                                  <ColumnReference Database="[ankura_dw]" Schema="[dbo]" Table="[CustInvoiceWriteoffs]" Alias="[W]" Column="CustomerInvoiceID" />
                                </HashKeysBuild>
                                <HashKeysProbe>
                                  <ColumnReference Database="[ankura_dw]" Schema="[dbo]" Table="[CustinvoiceSummaries]" Alias="[CIS]" Column="InvoiceNumber" />
                                </HashKeysProbe>
                                <ProbeResidual>
                                  <ScalarOperator ScalarString="[ankura_dw].[dbo].[CustInvoiceWriteoffs].[CustomerInvoiceID] as [W].[CustomerInvoiceID]=[ankura_dw].[dbo].[CustinvoiceSummaries].[InvoiceNumber] as [CIS].[InvoiceNumber]">
                                    <Compare CompareOp="EQ">
                                      <ScalarOperator>
                                        <Identifier>
                                          <ColumnReference Database="[ankura_dw]" Schema="[dbo]" Table="[CustInvoiceWriteoffs]" Alias="[W]" Column="CustomerInvoiceID" />
                                        </Identifier>
                                      </ScalarOperator>
                                      <ScalarOperator>
                                        <Identifier>
                                          <ColumnReference Database="[ankura_dw]" Schema="[dbo]" Table="[CustinvoiceSummaries]" Alias="[CIS]" Column="InvoiceNumber" />
                                        </Identifier>
                                      </ScalarOperator>
                                    </Compare>
                                  </ScalarOperator>
                                </ProbeResidual>
                                <RelOp NodeId="19" PhysicalOp="Stream Aggregate" LogicalOp="Aggregate" EstimateRows="1964" EstimateIO="0" EstimateCPU="0.000292625" AvgRowSize="28" EstimatedTotalSubtreeCost="0.0919816" Parallel="1" EstimateRebinds="0" EstimateRewinds="0" EstimatedExecutionMode="Row">
                                  <OutputList>
                                    <ColumnReference Database="[ankura_dw]" Schema="[dbo]" Table="[CustInvoiceWriteoffs]" Alias="[W]" Column="CustomerInvoiceID" />
                                    <ColumnReference Column="Expr1036" />
                                  </OutputList>
                                  <StreamAggregate>
                                    <DefinedValues>
                                      <DefinedValue>
                                        <ColumnReference Column="Expr1036" />
                                        <ScalarOperator ScalarString="MAX([ankura_dw].[dbo].[CustInvoiceWriteoffs].[PaymentDate] as [W].[PaymentDate])">
                                          <Aggregate Distinct="0" AggType="MAX">
                                            <ScalarOperator>
                                              <Identifier>
                                                <ColumnReference Database="[ankura_dw]" Schema="[dbo]" Table="[CustInvoiceWriteoffs]" Alias="[W]" Column="PaymentDate" />
                                              </Identifier>
                                            </ScalarOperator>
                                          </Aggregate>
                                        </ScalarOperator>
                                      </DefinedValue>
                                    </DefinedValues>
                                    <GroupBy>
                                      <ColumnReference Database="[ankura_dw]" Schema="[dbo]" Table="[CustInvoiceWriteoffs]" Alias="[W]" Column="CustomerInvoiceID" />
                                    </GroupBy>
                                    <RelOp NodeId="20" PhysicalOp="Sort" LogicalOp="Sort" EstimateRows="2265" EstimateIO="0.00140766" EstimateCPU="0.0049351" AvgRowSize="28" EstimatedTotalSubtreeCost="0.091689" Parallel="1" EstimateRebinds="0" EstimateRewinds="0" EstimatedExecutionMode="Row">
                                      <OutputList>
                                        <ColumnReference Database="[ankura_dw]" Schema="[dbo]" Table="[CustInvoiceWriteoffs]" Alias="[W]" Column="PaymentDate" />
                                        <ColumnReference Database="[ankura_dw]" Schema="[dbo]" Table="[CustInvoiceWriteoffs]" Alias="[W]" Column="CustomerInvoiceID" />
                                      </OutputList>
                                      <MemoryFractions Input="0.970149" Output="0.922388" />
                                      <Sort Distinct="0">
                                        <OrderBy>
                                          <OrderByColumn Ascending="1">
                                            <ColumnReference Database="[ankura_dw]" Schema="[dbo]" Table="[CustInvoiceWriteoffs]" Alias="[W]" Column="CustomerInvoiceID" />
                                          </OrderByColumn>
                                        </OrderBy>
                                        <RelOp NodeId="21" PhysicalOp="Parallelism" LogicalOp="Repartition Streams" EstimateRows="2265" EstimateIO="0" EstimateCPU="0.0299696" AvgRowSize="28" EstimatedTotalSubtreeCost="0.0853462" Parallel="1" EstimateRebinds="0" EstimateRewinds="0" EstimatedExecutionMode="Row">
                                          <OutputList>
                                            <ColumnReference Database="[ankura_dw]" Schema="[dbo]" Table="[CustInvoiceWriteoffs]" Alias="[W]" Column="PaymentDate" />
                                            <ColumnReference Database="[ankura_dw]" Schema="[dbo]" Table="[CustInvoiceWriteoffs]" Alias="[W]" Column="CustomerInvoiceID" />
                                          </OutputList>
                                          <Parallelism PartitioningType="Hash">
                                            <PartitionColumns>
                                              <ColumnReference Database="[ankura_dw]" Schema="[dbo]" Table="[CustInvoiceWriteoffs]" Alias="[W]" Column="CustomerInvoiceID" />
                                            </PartitionColumns>
                                            <RelOp NodeId="22" PhysicalOp="Table Scan" LogicalOp="Table Scan" EstimateRows="2265" EstimatedRowsRead="2265" EstimateIO="0.0550554" EstimateCPU="0.00032125" AvgRowSize="28" EstimatedTotalSubtreeCost="0.0553766" TableCardinality="2265" Parallel="1" EstimateRebinds="0" EstimateRewinds="0" EstimatedExecutionMode="Row">
                                              <OutputList>
                                                <ColumnReference Database="[ankura_dw]" Schema="[dbo]" Table="[CustInvoiceWriteoffs]" Alias="[W]" Column="PaymentDate" />
                                                <ColumnReference Database="[ankura_dw]" Schema="[dbo]" Table="[CustInvoiceWriteoffs]" Alias="[W]" Column="CustomerInvoiceID" />
                                              </OutputList>
                                              <TableScan Ordered="0" ForcedIndex="0" ForceScan="0" NoExpandHint="0" Storage="RowStore">
                                                <DefinedValues>
                                                  <DefinedValue>
                                                    <ColumnReference Database="[ankura_dw]" Schema="[dbo]" Table="[CustInvoiceWriteoffs]" Alias="[W]" Column="PaymentDate" />
                                                  </DefinedValue>
                                                  <DefinedValue>
                                                    <ColumnReference Database="[ankura_dw]" Schema="[dbo]" Table="[CustInvoiceWriteoffs]" Alias="[W]" Column="CustomerInvoiceID" />
                                                  </DefinedValue>
                                                </DefinedValues>
                                                <Object Database="[ankura_dw]" Schema="[dbo]" Table="[CustInvoiceWriteoffs]" Alias="[W]" TableReferenceId="1" IndexKind="Heap" Storage="RowStore" />
                                              </TableScan>
                                            </RelOp>
                                          </Parallelism>
                                        </RelOp>
                                      </Sort>
                                    </RelOp>
                                  </StreamAggregate>
                                </RelOp>
                                <RelOp NodeId="23" PhysicalOp="Parallelism" LogicalOp="Repartition Streams" EstimateRows="44053.5" EstimateIO="0" EstimateCPU="0.482261" AvgRowSize="909" EstimatedTotalSubtreeCost="4187.76" Parallel="1" EstimateRebinds="0" EstimateRewinds="0" EstimatedExecutionMode="Row">
                                  <OutputList>
                                    <ColumnReference Database="[ankura_dw]" Schema="[dbo]" Table="[CustinvoiceSummaries]" Alias="[CIS]" Column="InvoiceStatus" />
                                    <ColumnReference Database="[ankura_dw]" Schema="[dbo]" Table="[CustinvoiceSummaries]" Alias="[CIS]" Column="InvoiceAccountingDate" />
                                    <ColumnReference Database="[ankura_dw]" Schema="[dbo]" Table="[CustinvoiceSummaries]" Alias="[CIS]" Column="DueDate" />
                                    <ColumnReference Database="[ankura_dw]" Schema="[dbo]" Table="[CustinvoiceSummaries]" Alias="[CIS]" Column="AmountDue" />
                                    <ColumnReference Database="[ankura_dw]" Schema="[dbo]" Table="[CustinvoiceSummaries]" Alias="[CIS]" Column="InvoiceDate" />
                                    <ColumnReference Database="[ankura_dw]" Schema="[dbo]" Table="[CustinvoiceSummaries]" Alias="[CIS]" Column="TotalInvoiceAmount" />
                                    <ColumnReference Database="[ankura_dw]" Schema="[dbo]" Table="[CustinvoiceSummaries]" Alias="[CIS]" Column="TotalWriteoffAmountApprovedandNotCanceled" />
                                    <ColumnReference Database="[ankura_dw]" Schema="[dbo]" Table="[CustinvoiceSummaries]" Alias="[CIS]" Column="CustomerInvoiceID" />
                                    <ColumnReference Database="[ankura_dw]" Schema="[dbo]" Table="[CustinvoiceSummaries]" Alias="[CIS]" Column="TotalPaymentsExcludingWriteoffsInUSD" />
                                    <ColumnReference Database="[ankura_dw]" Schema="[dbo]" Table="[CustinvoiceSummaries]" Alias="[CIS]" Column="CustomerInvoiceTotalAmountInUSD" />
                                    <ColumnReference Database="[ankura_dw]" Schema="[dbo]" Table="[CustinvoiceSummaries]" Alias="[CIS]" Column="DisputeAmount" />
                                    <ColumnReference Database="[ankura_dw]" Schema="[dbo]" Table="[CustinvoiceSummaries]" Alias="[CIS]" Column="InvoiceNumber" />
                                    <ColumnReference Database="[ankura_dw]" Schema="[dbo]" Table="[CustinvoiceSummaries]" Alias="[CIS]" Column="PaymentTerms" />
                                    <ColumnReference Database="[ankura_dw]" Schema="[dbo]" Table="[CustinvoiceSummaries]" Alias="[CIS]" Column="AmountDueInUSD2" />
                                    <ColumnReference Database="[ankura_dw]" Schema="[dbo]" Table="[CustinvoiceSummaries]" Alias="[CIS]" Column="TotalPaymentsExcludingWriteoffs" />
                                    <ColumnReference Database="[ankura_dw]" Schema="[dbo]" Table="[CustinvoiceSummaries]" Alias="[CIS]" Column="TotalWriteoffAmountApprovedandNotCanceledUSD" />
                                    <ColumnReference Database="[ankura_dw]" Schema="[dbo]" Table="[CustinvoiceSummaries]" Alias="[CIS]" Column="Company" />
                                    <ColumnReference Database="[ankura_dw]" Schema="[dbo]" Table="[CustinvoiceSummaries]" Alias="[CIS]" Column="CustomerID" />
                                    <ColumnReference Database="[ankura_dw]" Schema="[dbo]" Table="[Projects]" Alias="[P]" Column="ProjectId" />
                                    <ColumnReference Database="[ankura_dw]" Schema="[dbo]" Table="[Projects]" Alias="[P]" Column="ProjectName" />
                                    <ColumnReference Database="[ankura_dw]" Schema="[dbo]" Table="[Projects]" Alias="[P]" Column="ProjectManagerNameFL" />
                                    <ColumnReference Database="[ankura_dw]" Schema="[dbo]" Table="[Projects]" Alias="[P]" Column="ProjectCompanyName" />
                                    <ColumnReference Database="[ankura_dw]" Schema="[dbo]" Table="[Projects]" Alias="[P]" Column="ProjectDeptLevel4" />
                                    <ColumnReference Database="[ankura_dw]" Schema="[dbo]" Table="[Projects]" Alias="[P]" Column="ProjectDeptLevel5" />
                                    <ColumnReference Database="[ankura_dw]" Schema="[dbo]" Table="[Projects]" Alias="[P]" Column="CustomerName" />
                                    <ColumnReference Database="[ankura_dw]" Schema="[dbo]" Table="[Projects]" Alias="[P]" Column="Project_Currency" />
                                    <ColumnReference Database="[ankura_dw]" Schema="[dbo]" Table="[Projects]" Alias="[P]" Column="Retainer_Balance__USD" />
                                    <ColumnReference Database="[ankura_dw]" Schema="[dbo]" Table="[Projects]" Alias="[P]" Column="SeniorProjectManagerNameFL" />
                                    <ColumnReference Database="[ankura_dw]" Schema="[dbo]" Table="[Projects]" Alias="[P]" Column="ProjectBillerNameFL" />
                                    <ColumnReference Column="Expr1007" />
                                    <ColumnReference Column="Expr1011" />
                                    <ColumnReference Column="Expr1016" />
                                    <ColumnReference Column="Expr1021" />
                                    <ColumnReference Column="Expr1026" />
                                    <ColumnReference Column="Expr1031" />
                                    <ColumnReference Column="Expr1058" />
                                  </OutputList>
                                  <Parallelism PartitioningType="Hash">
                                    <PartitionColumns>
                                      <ColumnReference Database="[ankura_dw]" Schema="[dbo]" Table="[CustinvoiceSummaries]" Alias="[CIS]" Column="InvoiceNumber" />
                                    </PartitionColumns>
                                    <RelOp NodeId="24" PhysicalOp="Nested Loops" LogicalOp="Inner Join" EstimateRows="44053.5" EstimateIO="0" EstimateCPU="0.0230179" AvgRowSize="909" EstimatedTotalSubtreeCost="4187.28" Parallel="1" EstimateRebinds="0" EstimateRewinds="0" EstimatedExecutionMode="Row">
                                      <OutputList>
                                        <ColumnReference Database="[ankura_dw]" Schema="[dbo]" Table="[CustinvoiceSummaries]" Alias="[CIS]" Column="InvoiceStatus" />
                                        <ColumnReference Database="[ankura_dw]" Schema="[dbo]" Table="[CustinvoiceSummaries]" Alias="[CIS]" Column="InvoiceAccountingDate" />
                                        <ColumnReference Database="[ankura_dw]" Schema="[dbo]" Table="[CustinvoiceSummaries]" Alias="[CIS]" Column="DueDate" />
                                        <ColumnReference Database="[ankura_dw]" Schema="[dbo]" Table="[CustinvoiceSummaries]" Alias="[CIS]" Column="AmountDue" />
                                        <ColumnReference Database="[ankura_dw]" Schema="[dbo]" Table="[CustinvoiceSummaries]" Alias="[CIS]" Column="InvoiceDate" />
                                        <ColumnReference Database="[ankura_dw]" Schema="[dbo]" Table="[CustinvoiceSummaries]" Alias="[CIS]" Column="TotalInvoiceAmount" />
                                        <ColumnReference Database="[ankura_dw]" Schema="[dbo]" Table="[CustinvoiceSummaries]" Alias="[CIS]" Column="TotalWriteoffAmountApprovedandNotCanceled" />
                                        <ColumnReference Database="[ankura_dw]" Schema="[dbo]" Table="[CustinvoiceSummaries]" Alias="[CIS]" Column="CustomerInvoiceID" />
                                        <ColumnReference Database="[ankura_dw]" Schema="[dbo]" Table="[CustinvoiceSummaries]" Alias="[CIS]" Column="TotalPaymentsExcludingWriteoffsInUSD" />
                                        <ColumnReference Database="[ankura_dw]" Schema="[dbo]" Table="[CustinvoiceSummaries]" Alias="[CIS]" Column="CustomerInvoiceTotalAmountInUSD" />
                                        <ColumnReference Database="[ankura_dw]" Schema="[dbo]" Table="[CustinvoiceSummaries]" Alias="[CIS]" Column="DisputeAmount" />
                                        <ColumnReference Database="[ankura_dw]" Schema="[dbo]" Table="[CustinvoiceSummaries]" Alias="[CIS]" Column="InvoiceNumber" />
                                        <ColumnReference Database="[ankura_dw]" Schema="[dbo]" Table="[CustinvoiceSummaries]" Alias="[CIS]" Column="PaymentTerms" />
                                        <ColumnReference Database="[ankura_dw]" Schema="[dbo]" Table="[CustinvoiceSummaries]" Alias="[CIS]" Column="AmountDueInUSD2" />
                                        <ColumnReference Database="[ankura_dw]" Schema="[dbo]" Table="[CustinvoiceSummaries]" Alias="[CIS]" Column="TotalPaymentsExcludingWriteoffs" />
                                        <ColumnReference Database="[ankura_dw]" Schema="[dbo]" Table="[CustinvoiceSummaries]" Alias="[CIS]" Column="TotalWriteoffAmountApprovedandNotCanceledUSD" />
                                        <ColumnReference Database="[ankura_dw]" Schema="[dbo]" Table="[CustinvoiceSummaries]" Alias="[CIS]" Column="Company" />
                                        <ColumnReference Database="[ankura_dw]" Schema="[dbo]" Table="[CustinvoiceSummaries]" Alias="[CIS]" Column="CustomerID" />
                                        <ColumnReference Database="[ankura_dw]" Schema="[dbo]" Table="[Projects]" Alias="[P]" Column="ProjectId" />
                                        <ColumnReference Database="[ankura_dw]" Schema="[dbo]" Table="[Projects]" Alias="[P]" Column="ProjectName" />
                                        <ColumnReference Database="[ankura_dw]" Schema="[dbo]" Table="[Projects]" Alias="[P]" Column="ProjectManagerNameFL" />
                                        <ColumnReference Database="[ankura_dw]" Schema="[dbo]" Table="[Projects]" Alias="[P]" Column="ProjectCompanyName" />
                                        <ColumnReference Database="[ankura_dw]" Schema="[dbo]" Table="[Projects]" Alias="[P]" Column="ProjectDeptLevel4" />
                                        <ColumnReference Database="[ankura_dw]" Schema="[dbo]" Table="[Projects]" Alias="[P]" Column="ProjectDeptLevel5" />
                                        <ColumnReference Database="[ankura_dw]" Schema="[dbo]" Table="[Projects]" Alias="[P]" Column="CustomerName" />
                                        <ColumnReference Database="[ankura_dw]" Schema="[dbo]" Table="[Projects]" Alias="[P]" Column="Project_Currency" />
                                        <ColumnReference Database="[ankura_dw]" Schema="[dbo]" Table="[Projects]" Alias="[P]" Column="Retainer_Balance__USD" />
                                        <ColumnReference Database="[ankura_dw]" Schema="[dbo]" Table="[Projects]" Alias="[P]" Column="SeniorProjectManagerNameFL" />
                                        <ColumnReference Database="[ankura_dw]" Schema="[dbo]" Table="[Projects]" Alias="[P]" Column="ProjectBillerNameFL" />
                                        <ColumnReference Column="Expr1007" />
                                        <ColumnReference Column="Expr1011" />
                                        <ColumnReference Column="Expr1016" />
                                        <ColumnReference Column="Expr1021" />
                                        <ColumnReference Column="Expr1026" />
                                        <ColumnReference Column="Expr1031" />
                                        <ColumnReference Column="Expr1058" />
                                      </OutputList>
                                      <NestedLoops Optimized="0">
                                        <OuterReferences>
                                          <ColumnReference Database="[ankura_dw]" Schema="[dbo]" Table="[CustinvoiceSummaries]" Alias="[CIS]" Column="CustomerInvoiceID" />
                                        </OuterReferences>
                                        <RelOp NodeId="25" PhysicalOp="Parallelism" LogicalOp="Repartition Streams" EstimateRows="44053.5" EstimateIO="0" EstimateCPU="0.473142" AvgRowSize="892" EstimatedTotalSubtreeCost="3386.76" Parallel="1" EstimateRebinds="0" EstimateRewinds="0" EstimatedExecutionMode="Row">
                                          <OutputList>
                                            <ColumnReference Database="[ankura_dw]" Schema="[dbo]" Table="[CustinvoiceSummaries]" Alias="[CIS]" Column="InvoiceStatus" />
                                            <ColumnReference Database="[ankura_dw]" Schema="[dbo]" Table="[CustinvoiceSummaries]" Alias="[CIS]" Column="InvoiceAccountingDate" />
                                            <ColumnReference Database="[ankura_dw]" Schema="[dbo]" Table="[CustinvoiceSummaries]" Alias="[CIS]" Column="DueDate" />
                                            <ColumnReference Database="[ankura_dw]" Schema="[dbo]" Table="[CustinvoiceSummaries]" Alias="[CIS]" Column="AmountDue" />
                                            <ColumnReference Database="[ankura_dw]" Schema="[dbo]" Table="[CustinvoiceSummaries]" Alias="[CIS]" Column="InvoiceDate" />
                                            <ColumnReference Database="[ankura_dw]" Schema="[dbo]" Table="[CustinvoiceSummaries]" Alias="[CIS]" Column="TotalInvoiceAmount" />
                                            <ColumnReference Database="[ankura_dw]" Schema="[dbo]" Table="[CustinvoiceSummaries]" Alias="[CIS]" Column="TotalWriteoffAmountApprovedandNotCanceled" />
                                            <ColumnReference Database="[ankura_dw]" Schema="[dbo]" Table="[CustinvoiceSummaries]" Alias="[CIS]" Column="CustomerInvoiceID" />
                                            <ColumnReference Database="[ankura_dw]" Schema="[dbo]" Table="[CustinvoiceSummaries]" Alias="[CIS]" Column="TotalPaymentsExcludingWriteoffsInUSD" />
                                            <ColumnReference Database="[ankura_dw]" Schema="[dbo]" Table="[CustinvoiceSummaries]" Alias="[CIS]" Column="CustomerInvoiceTotalAmountInUSD" />
                                            <ColumnReference Database="[ankura_dw]" Schema="[dbo]" Table="[CustinvoiceSummaries]" Alias="[CIS]" Column="DisputeAmount" />
                                            <ColumnReference Database="[ankura_dw]" Schema="[dbo]" Table="[CustinvoiceSummaries]" Alias="[CIS]" Column="InvoiceNumber" />
                                            <ColumnReference Database="[ankura_dw]" Schema="[dbo]" Table="[CustinvoiceSummaries]" Alias="[CIS]" Column="PaymentTerms" />
                                            <ColumnReference Database="[ankura_dw]" Schema="[dbo]" Table="[CustinvoiceSummaries]" Alias="[CIS]" Column="AmountDueInUSD2" />
                                            <ColumnReference Database="[ankura_dw]" Schema="[dbo]" Table="[CustinvoiceSummaries]" Alias="[CIS]" Column="TotalPaymentsExcludingWriteoffs" />
                                            <ColumnReference Database="[ankura_dw]" Schema="[dbo]" Table="[CustinvoiceSummaries]" Alias="[CIS]" Column="TotalWriteoffAmountApprovedandNotCanceledUSD" />
                                            <ColumnReference Database="[ankura_dw]" Schema="[dbo]" Table="[CustinvoiceSummaries]" Alias="[CIS]" Column="Company" />
                                            <ColumnReference Database="[ankura_dw]" Schema="[dbo]" Table="[CustinvoiceSummaries]" Alias="[CIS]" Column="CustomerID" />
                                            <ColumnReference Database="[ankura_dw]" Schema="[dbo]" Table="[Projects]" Alias="[P]" Column="ProjectId" />
                                            <ColumnReference Database="[ankura_dw]" Schema="[dbo]" Table="[Projects]" Alias="[P]" Column="ProjectName" />
                                            <ColumnReference Database="[ankura_dw]" Schema="[dbo]" Table="[Projects]" Alias="[P]" Column="ProjectManagerNameFL" />
                                            <ColumnReference Database="[ankura_dw]" Schema="[dbo]" Table="[Projects]" Alias="[P]" Column="ProjectCompanyName" />
                                            <ColumnReference Database="[ankura_dw]" Schema="[dbo]" Table="[Projects]" Alias="[P]" Column="ProjectDeptLevel4" />
                                            <ColumnReference Database="[ankura_dw]" Schema="[dbo]" Table="[Projects]" Alias="[P]" Column="ProjectDeptLevel5" />
                                            <ColumnReference Database="[ankura_dw]" Schema="[dbo]" Table="[Projects]" Alias="[P]" Column="CustomerName" />
                                            <ColumnReference Database="[ankura_dw]" Schema="[dbo]" Table="[Projects]" Alias="[P]" Column="Project_Currency" />
                                            <ColumnReference Database="[ankura_dw]" Schema="[dbo]" Table="[Projects]" Alias="[P]" Column="Retainer_Balance__USD" />
                                            <ColumnReference Database="[ankura_dw]" Schema="[dbo]" Table="[Projects]" Alias="[P]" Column="SeniorProjectManagerNameFL" />
                                            <ColumnReference Database="[ankura_dw]" Schema="[dbo]" Table="[Projects]" Alias="[P]" Column="ProjectBillerNameFL" />
                                            <ColumnReference Column="Expr1007" />
                                            <ColumnReference Column="Expr1011" />
                                            <ColumnReference Column="Expr1016" />
                                            <ColumnReference Column="Expr1021" />
                                            <ColumnReference Column="Expr1026" />
                                            <ColumnReference Column="Expr1058" />
                                          </OutputList>
                                          <Parallelism PartitioningType="Hash">
                                            <PartitionColumns>
                                              <ColumnReference Database="[ankura_dw]" Schema="[dbo]" Table="[CustinvoiceSummaries]" Alias="[CIS]" Column="CustomerInvoiceID" />
                                            </PartitionColumns>
                                            <RelOp NodeId="26" PhysicalOp="Nested Loops" LogicalOp="Inner Join" EstimateRows="44053.5" EstimateIO="0" EstimateCPU="0.0230179" AvgRowSize="892" EstimatedTotalSubtreeCost="3386.29" Parallel="1" EstimateRebinds="0" EstimateRewinds="0" EstimatedExecutionMode="Row">
                                              <OutputList>
                                                <ColumnReference Database="[ankura_dw]" Schema="[dbo]" Table="[CustinvoiceSummaries]" Alias="[CIS]" Column="InvoiceStatus" />
                                                <ColumnReference Database="[ankura_dw]" Schema="[dbo]" Table="[CustinvoiceSummaries]" Alias="[CIS]" Column="InvoiceAccountingDate" />
                                                <ColumnReference Database="[ankura_dw]" Schema="[dbo]" Table="[CustinvoiceSummaries]" Alias="[CIS]" Column="DueDate" />
                                                <ColumnReference Database="[ankura_dw]" Schema="[dbo]" Table="[CustinvoiceSummaries]" Alias="[CIS]" Column="AmountDue" />
                                                <ColumnReference Database="[ankura_dw]" Schema="[dbo]" Table="[CustinvoiceSummaries]" Alias="[CIS]" Column="InvoiceDate" />
                                                <ColumnReference Database="[ankura_dw]" Schema="[dbo]" Table="[CustinvoiceSummaries]" Alias="[CIS]" Column="TotalInvoiceAmount" />
                                                <ColumnReference Database="[ankura_dw]" Schema="[dbo]" Table="[CustinvoiceSummaries]" Alias="[CIS]" Column="TotalWriteoffAmountApprovedandNotCanceled" />
                                                <ColumnReference Database="[ankura_dw]" Schema="[dbo]" Table="[CustinvoiceSummaries]" Alias="[CIS]" Column="CustomerInvoiceID" />
                                                <ColumnReference Database="[ankura_dw]" Schema="[dbo]" Table="[CustinvoiceSummaries]" Alias="[CIS]" Column="TotalPaymentsExcludingWriteoffsInUSD" />
                                                <ColumnReference Database="[ankura_dw]" Schema="[dbo]" Table="[CustinvoiceSummaries]" Alias="[CIS]" Column="CustomerInvoiceTotalAmountInUSD" />
                                                <ColumnReference Database="[ankura_dw]" Schema="[dbo]" Table="[CustinvoiceSummaries]" Alias="[CIS]" Column="DisputeAmount" />
                                                <ColumnReference Database="[ankura_dw]" Schema="[dbo]" Table="[CustinvoiceSummaries]" Alias="[CIS]" Column="InvoiceNumber" />
                                                <ColumnReference Database="[ankura_dw]" Schema="[dbo]" Table="[CustinvoiceSummaries]" Alias="[CIS]" Column="PaymentTerms" />
                                                <ColumnReference Database="[ankura_dw]" Schema="[dbo]" Table="[CustinvoiceSummaries]" Alias="[CIS]" Column="AmountDueInUSD2" />
                                                <ColumnReference Database="[ankura_dw]" Schema="[dbo]" Table="[CustinvoiceSummaries]" Alias="[CIS]" Column="TotalPaymentsExcludingWriteoffs" />
                                                <ColumnReference Database="[ankura_dw]" Schema="[dbo]" Table="[CustinvoiceSummaries]" Alias="[CIS]" Column="TotalWriteoffAmountApprovedandNotCanceledUSD" />
                                                <ColumnReference Database="[ankura_dw]" Schema="[dbo]" Table="[CustinvoiceSummaries]" Alias="[CIS]" Column="Company" />
                                                <ColumnReference Database="[ankura_dw]" Schema="[dbo]" Table="[CustinvoiceSummaries]" Alias="[CIS]" Column="CustomerID" />
                                                <ColumnReference Database="[ankura_dw]" Schema="[dbo]" Table="[Projects]" Alias="[P]" Column="ProjectId" />
                                                <ColumnReference Database="[ankura_dw]" Schema="[dbo]" Table="[Projects]" Alias="[P]" Column="ProjectName" />
                                                <ColumnReference Database="[ankura_dw]" Schema="[dbo]" Table="[Projects]" Alias="[P]" Column="ProjectManagerNameFL" />
                                                <ColumnReference Database="[ankura_dw]" Schema="[dbo]" Table="[Projects]" Alias="[P]" Column="ProjectCompanyName" />
                                                <ColumnReference Database="[ankura_dw]" Schema="[dbo]" Table="[Projects]" Alias="[P]" Column="ProjectDeptLevel4" />
                                                <ColumnReference Database="[ankura_dw]" Schema="[dbo]" Table="[Projects]" Alias="[P]" Column="ProjectDeptLevel5" />
                                                <ColumnReference Database="[ankura_dw]" Schema="[dbo]" Table="[Projects]" Alias="[P]" Column="CustomerName" />
                                                <ColumnReference Database="[ankura_dw]" Schema="[dbo]" Table="[Projects]" Alias="[P]" Column="Project_Currency" />
                                                <ColumnReference Database="[ankura_dw]" Schema="[dbo]" Table="[Projects]" Alias="[P]" Column="Retainer_Balance__USD" />
                                                <ColumnReference Database="[ankura_dw]" Schema="[dbo]" Table="[Projects]" Alias="[P]" Column="SeniorProjectManagerNameFL" />
                                                <ColumnReference Database="[ankura_dw]" Schema="[dbo]" Table="[Projects]" Alias="[P]" Column="ProjectBillerNameFL" />
                                                <ColumnReference Column="Expr1007" />
                                                <ColumnReference Column="Expr1011" />
                                                <ColumnReference Column="Expr1016" />
                                                <ColumnReference Column="Expr1021" />
                                                <ColumnReference Column="Expr1026" />
                                                <ColumnReference Column="Expr1058" />
                                              </OutputList>
                                              <NestedLoops Optimized="0">
                                                <OuterReferences>
                                                  <ColumnReference Database="[ankura_dw]" Schema="[dbo]" Table="[CustinvoiceSummaries]" Alias="[CIS]" Column="CustomerInvoiceID" />
                                                </OuterReferences>
                                                <RelOp NodeId="27" PhysicalOp="Nested Loops" LogicalOp="Inner Join" EstimateRows="44053.5" EstimateIO="0" EstimateCPU="0.0230179" AvgRowSize="875" EstimatedTotalSubtreeCost="3257.44" Parallel="1" EstimateRebinds="0" EstimateRewinds="0" EstimatedExecutionMode="Row">
                                                  <OutputList>
                                                    <ColumnReference Database="[ankura_dw]" Schema="[dbo]" Table="[CustinvoiceSummaries]" Alias="[CIS]" Column="InvoiceStatus" />
                                                    <ColumnReference Database="[ankura_dw]" Schema="[dbo]" Table="[CustinvoiceSummaries]" Alias="[CIS]" Column="InvoiceAccountingDate" />
                                                    <ColumnReference Database="[ankura_dw]" Schema="[dbo]" Table="[CustinvoiceSummaries]" Alias="[CIS]" Column="DueDate" />
                                                    <ColumnReference Database="[ankura_dw]" Schema="[dbo]" Table="[CustinvoiceSummaries]" Alias="[CIS]" Column="AmountDue" />
                                                    <ColumnReference Database="[ankura_dw]" Schema="[dbo]" Table="[CustinvoiceSummaries]" Alias="[CIS]" Column="InvoiceDate" />
                                                    <ColumnReference Database="[ankura_dw]" Schema="[dbo]" Table="[CustinvoiceSummaries]" Alias="[CIS]" Column="TotalInvoiceAmount" />
                                                    <ColumnReference Database="[ankura_dw]" Schema="[dbo]" Table="[CustinvoiceSummaries]" Alias="[CIS]" Column="TotalWriteoffAmountApprovedandNotCanceled" />
                                                    <ColumnReference Database="[ankura_dw]" Schema="[dbo]" Table="[CustinvoiceSummaries]" Alias="[CIS]" Column="CustomerInvoiceID" />
                                                    <ColumnReference Database="[ankura_dw]" Schema="[dbo]" Table="[CustinvoiceSummaries]" Alias="[CIS]" Column="TotalPaymentsExcludingWriteoffsInUSD" />
                                                    <ColumnReference Database="[ankura_dw]" Schema="[dbo]" Table="[CustinvoiceSummaries]" Alias="[CIS]" Column="CustomerInvoiceTotalAmountInUSD" />
                                                    <ColumnReference Database="[ankura_dw]" Schema="[dbo]" Table="[CustinvoiceSummaries]" Alias="[CIS]" Column="DisputeAmount" />
                                                    <ColumnReference Database="[ankura_dw]" Schema="[dbo]" Table="[CustinvoiceSummaries]" Alias="[CIS]" Column="InvoiceNumber" />
                                                    <ColumnReference Database="[ankura_dw]" Schema="[dbo]" Table="[CustinvoiceSummaries]" Alias="[CIS]" Column="PaymentTerms" />
                                                    <ColumnReference Database="[ankura_dw]" Schema="[dbo]" Table="[CustinvoiceSummaries]" Alias="[CIS]" Column="AmountDueInUSD2" />
                                                    <ColumnReference Database="[ankura_dw]" Schema="[dbo]" Table="[CustinvoiceSummaries]" Alias="[CIS]" Column="TotalPaymentsExcludingWriteoffs" />
                                                    <ColumnReference Database="[ankura_dw]" Schema="[dbo]" Table="[CustinvoiceSummaries]" Alias="[CIS]" Column="TotalWriteoffAmountApprovedandNotCanceledUSD" />
                                                    <ColumnReference Database="[ankura_dw]" Schema="[dbo]" Table="[CustinvoiceSummaries]" Alias="[CIS]" Column="Company" />
                                                    <ColumnReference Database="[ankura_dw]" Schema="[dbo]" Table="[CustinvoiceSummaries]" Alias="[CIS]" Column="CustomerID" />
                                                    <ColumnReference Database="[ankura_dw]" Schema="[dbo]" Table="[Projects]" Alias="[P]" Column="ProjectId" />
                                                    <ColumnReference Database="[ankura_dw]" Schema="[dbo]" Table="[Projects]" Alias="[P]" Column="ProjectName" />
                                                    <ColumnReference Database="[ankura_dw]" Schema="[dbo]" Table="[Projects]" Alias="[P]" Column="ProjectManagerNameFL" />
                                                    <ColumnReference Database="[ankura_dw]" Schema="[dbo]" Table="[Projects]" Alias="[P]" Column="ProjectCompanyName" />
                                                    <ColumnReference Database="[ankura_dw]" Schema="[dbo]" Table="[Projects]" Alias="[P]" Column="ProjectDeptLevel4" />
                                                    <ColumnReference Database="[ankura_dw]" Schema="[dbo]" Table="[Projects]" Alias="[P]" Column="ProjectDeptLevel5" />
                                                    <ColumnReference Database="[ankura_dw]" Schema="[dbo]" Table="[Projects]" Alias="[P]" Column="CustomerName" />
                                                    <ColumnReference Database="[ankura_dw]" Schema="[dbo]" Table="[Projects]" Alias="[P]" Column="Project_Currency" />
                                                    <ColumnReference Database="[ankura_dw]" Schema="[dbo]" Table="[Projects]" Alias="[P]" Column="Retainer_Balance__USD" />
                                                    <ColumnReference Database="[ankura_dw]" Schema="[dbo]" Table="[Projects]" Alias="[P]" Column="SeniorProjectManagerNameFL" />
                                                    <ColumnReference Database="[ankura_dw]" Schema="[dbo]" Table="[Projects]" Alias="[P]" Column="ProjectBillerNameFL" />
                                                    <ColumnReference Column="Expr1007" />
                                                    <ColumnReference Column="Expr1011" />
                                                    <ColumnReference Column="Expr1016" />
                                                    <ColumnReference Column="Expr1021" />
                                                    <ColumnReference Column="Expr1058" />
                                                  </OutputList>
                                                  <NestedLoops Optimized="0">
                                                    <OuterReferences>
                                                      <ColumnReference Database="[ankura_dw]" Schema="[dbo]" Table="[CustinvoiceSummaries]" Alias="[CIS]" Column="CustomerInvoiceID" />
                                                    </OuterReferences>
                                                    <RelOp NodeId="28" PhysicalOp="Parallelism" LogicalOp="Repartition Streams" EstimateRows="44053.5" EstimateIO="0" EstimateCPU="0.454903" AvgRowSize="858" EstimatedTotalSubtreeCost="2456.92" Parallel="1" EstimateRebinds="0" EstimateRewinds="0" EstimatedExecutionMode="Row">
                                                      <OutputList>
                                                        <ColumnReference Database="[ankura_dw]" Schema="[dbo]" Table="[CustinvoiceSummaries]" Alias="[CIS]" Column="InvoiceStatus" />
                                                        <ColumnReference Database="[ankura_dw]" Schema="[dbo]" Table="[CustinvoiceSummaries]" Alias="[CIS]" Column="InvoiceAccountingDate" />
                                                        <ColumnReference Database="[ankura_dw]" Schema="[dbo]" Table="[CustinvoiceSummaries]" Alias="[CIS]" Column="DueDate" />
                                                        <ColumnReference Database="[ankura_dw]" Schema="[dbo]" Table="[CustinvoiceSummaries]" Alias="[CIS]" Column="AmountDue" />
                                                        <ColumnReference Database="[ankura_dw]" Schema="[dbo]" Table="[CustinvoiceSummaries]" Alias="[CIS]" Column="InvoiceDate" />
                                                        <ColumnReference Database="[ankura_dw]" Schema="[dbo]" Table="[CustinvoiceSummaries]" Alias="[CIS]" Column="TotalInvoiceAmount" />
                                                        <ColumnReference Database="[ankura_dw]" Schema="[dbo]" Table="[CustinvoiceSummaries]" Alias="[CIS]" Column="TotalWriteoffAmountApprovedandNotCanceled" />
                                                        <ColumnReference Database="[ankura_dw]" Schema="[dbo]" Table="[CustinvoiceSummaries]" Alias="[CIS]" Column="CustomerInvoiceID" />
                                                        <ColumnReference Database="[ankura_dw]" Schema="[dbo]" Table="[CustinvoiceSummaries]" Alias="[CIS]" Column="TotalPaymentsExcludingWriteoffsInUSD" />
                                                        <ColumnReference Database="[ankura_dw]" Schema="[dbo]" Table="[CustinvoiceSummaries]" Alias="[CIS]" Column="CustomerInvoiceTotalAmountInUSD" />
                                                        <ColumnReference Database="[ankura_dw]" Schema="[dbo]" Table="[CustinvoiceSummaries]" Alias="[CIS]" Column="DisputeAmount" />
                                                        <ColumnReference Database="[ankura_dw]" Schema="[dbo]" Table="[CustinvoiceSummaries]" Alias="[CIS]" Column="InvoiceNumber" />
                                                        <ColumnReference Database="[ankura_dw]" Schema="[dbo]" Table="[CustinvoiceSummaries]" Alias="[CIS]" Column="PaymentTerms" />
                                                        <ColumnReference Database="[ankura_dw]" Schema="[dbo]" Table="[CustinvoiceSummaries]" Alias="[CIS]" Column="AmountDueInUSD2" />
                                                        <ColumnReference Database="[ankura_dw]" Schema="[dbo]" Table="[CustinvoiceSummaries]" Alias="[CIS]" Column="TotalPaymentsExcludingWriteoffs" />
                                                        <ColumnReference Database="[ankura_dw]" Schema="[dbo]" Table="[CustinvoiceSummaries]" Alias="[CIS]" Column="TotalWriteoffAmountApprovedandNotCanceledUSD" />
                                                        <ColumnReference Database="[ankura_dw]" Schema="[dbo]" Table="[CustinvoiceSummaries]" Alias="[CIS]" Column="Company" />
                                                        <ColumnReference Database="[ankura_dw]" Schema="[dbo]" Table="[CustinvoiceSummaries]" Alias="[CIS]" Column="CustomerID" />
                                                        <ColumnReference Database="[ankura_dw]" Schema="[dbo]" Table="[Projects]" Alias="[P]" Column="ProjectId" />
                                                        <ColumnReference Database="[ankura_dw]" Schema="[dbo]" Table="[Projects]" Alias="[P]" Column="ProjectName" />
                                                        <ColumnReference Database="[ankura_dw]" Schema="[dbo]" Table="[Projects]" Alias="[P]" Column="ProjectManagerNameFL" />
                                                        <ColumnReference Database="[ankura_dw]" Schema="[dbo]" Table="[Projects]" Alias="[P]" Column="ProjectCompanyName" />
                                                        <ColumnReference Database="[ankura_dw]" Schema="[dbo]" Table="[Projects]" Alias="[P]" Column="ProjectDeptLevel4" />
                                                        <ColumnReference Database="[ankura_dw]" Schema="[dbo]" Table="[Projects]" Alias="[P]" Column="ProjectDeptLevel5" />
                                                        <ColumnReference Database="[ankura_dw]" Schema="[dbo]" Table="[Projects]" Alias="[P]" Column="CustomerName" />
                                                        <ColumnReference Database="[ankura_dw]" Schema="[dbo]" Table="[Projects]" Alias="[P]" Column="Project_Currency" />
                                                        <ColumnReference Database="[ankura_dw]" Schema="[dbo]" Table="[Projects]" Alias="[P]" Column="Retainer_Balance__USD" />
                                                        <ColumnReference Database="[ankura_dw]" Schema="[dbo]" Table="[Projects]" Alias="[P]" Column="SeniorProjectManagerNameFL" />
                                                        <ColumnReference Database="[ankura_dw]" Schema="[dbo]" Table="[Projects]" Alias="[P]" Column="ProjectBillerNameFL" />
                                                        <ColumnReference Column="Expr1007" />
                                                        <ColumnReference Column="Expr1011" />
                                                        <ColumnReference Column="Expr1016" />
                                                        <ColumnReference Column="Expr1058" />
                                                      </OutputList>
                                                      <Parallelism PartitioningType="Hash">
                                                        <PartitionColumns>
                                                          <ColumnReference Database="[ankura_dw]" Schema="[dbo]" Table="[CustinvoiceSummaries]" Alias="[CIS]" Column="CustomerInvoiceID" />
                                                        </PartitionColumns>
                                                        <RelOp NodeId="29" PhysicalOp="Nested Loops" LogicalOp="Inner Join" EstimateRows="44053.5" EstimateIO="0" EstimateCPU="0.0230179" AvgRowSize="858" EstimatedTotalSubtreeCost="2456.47" Parallel="1" EstimateRebinds="0" EstimateRewinds="0" EstimatedExecutionMode="Row">
                                                          <OutputList>
                                                            <ColumnReference Database="[ankura_dw]" Schema="[dbo]" Table="[CustinvoiceSummaries]" Alias="[CIS]" Column="InvoiceStatus" />
                                                            <ColumnReference Database="[ankura_dw]" Schema="[dbo]" Table="[CustinvoiceSummaries]" Alias="[CIS]" Column="InvoiceAccountingDate" />
                                                            <ColumnReference Database="[ankura_dw]" Schema="[dbo]" Table="[CustinvoiceSummaries]" Alias="[CIS]" Column="DueDate" />
                                                            <ColumnReference Database="[ankura_dw]" Schema="[dbo]" Table="[CustinvoiceSummaries]" Alias="[CIS]" Column="AmountDue" />
                                                            <ColumnReference Database="[ankura_dw]" Schema="[dbo]" Table="[CustinvoiceSummaries]" Alias="[CIS]" Column="InvoiceDate" />
                                                            <ColumnReference Database="[ankura_dw]" Schema="[dbo]" Table="[CustinvoiceSummaries]" Alias="[CIS]" Column="TotalInvoiceAmount" />
                                                            <ColumnReference Database="[ankura_dw]" Schema="[dbo]" Table="[CustinvoiceSummaries]" Alias="[CIS]" Column="TotalWriteoffAmountApprovedandNotCanceled" />
                                                            <ColumnReference Database="[ankura_dw]" Schema="[dbo]" Table="[CustinvoiceSummaries]" Alias="[CIS]" Column="CustomerInvoiceID" />
                                                            <ColumnReference Database="[ankura_dw]" Schema="[dbo]" Table="[CustinvoiceSummaries]" Alias="[CIS]" Column="TotalPaymentsExcludingWriteoffsInUSD" />
                                                            <ColumnReference Database="[ankura_dw]" Schema="[dbo]" Table="[CustinvoiceSummaries]" Alias="[CIS]" Column="CustomerInvoiceTotalAmountInUSD" />
                                                            <ColumnReference Database="[ankura_dw]" Schema="[dbo]" Table="[CustinvoiceSummaries]" Alias="[CIS]" Column="DisputeAmount" />
                                                            <ColumnReference Database="[ankura_dw]" Schema="[dbo]" Table="[CustinvoiceSummaries]" Alias="[CIS]" Column="InvoiceNumber" />
                                                            <ColumnReference Database="[ankura_dw]" Schema="[dbo]" Table="[CustinvoiceSummaries]" Alias="[CIS]" Column="PaymentTerms" />
                                                            <ColumnReference Database="[ankura_dw]" Schema="[dbo]" Table="[CustinvoiceSummaries]" Alias="[CIS]" Column="AmountDueInUSD2" />
                                                            <ColumnReference Database="[ankura_dw]" Schema="[dbo]" Table="[CustinvoiceSummaries]" Alias="[CIS]" Column="TotalPaymentsExcludingWriteoffs" />
                                                            <ColumnReference Database="[ankura_dw]" Schema="[dbo]" Table="[CustinvoiceSummaries]" Alias="[CIS]" Column="TotalWriteoffAmountApprovedandNotCanceledUSD" />
                                                            <ColumnReference Database="[ankura_dw]" Schema="[dbo]" Table="[CustinvoiceSummaries]" Alias="[CIS]" Column="Company" />
                                                            <ColumnReference Database="[ankura_dw]" Schema="[dbo]" Table="[CustinvoiceSummaries]" Alias="[CIS]" Column="CustomerID" />
                                                            <ColumnReference Database="[ankura_dw]" Schema="[dbo]" Table="[Projects]" Alias="[P]" Column="ProjectId" />
                                                            <ColumnReference Database="[ankura_dw]" Schema="[dbo]" Table="[Projects]" Alias="[P]" Column="ProjectName" />
                                                            <ColumnReference Database="[ankura_dw]" Schema="[dbo]" Table="[Projects]" Alias="[P]" Column="ProjectManagerNameFL" />
                                                            <ColumnReference Database="[ankura_dw]" Schema="[dbo]" Table="[Projects]" Alias="[P]" Column="ProjectCompanyName" />
                                                            <ColumnReference Database="[ankura_dw]" Schema="[dbo]" Table="[Projects]" Alias="[P]" Column="ProjectDeptLevel4" />
                                                            <ColumnReference Database="[ankura_dw]" Schema="[dbo]" Table="[Projects]" Alias="[P]" Column="ProjectDeptLevel5" />
                                                            <ColumnReference Database="[ankura_dw]" Schema="[dbo]" Table="[Projects]" Alias="[P]" Column="CustomerName" />
                                                            <ColumnReference Database="[ankura_dw]" Schema="[dbo]" Table="[Projects]" Alias="[P]" Column="Project_Currency" />
                                                            <ColumnReference Database="[ankura_dw]" Schema="[dbo]" Table="[Projects]" Alias="[P]" Column="Retainer_Balance__USD" />
                                                            <ColumnReference Database="[ankura_dw]" Schema="[dbo]" Table="[Projects]" Alias="[P]" Column="SeniorProjectManagerNameFL" />
                                                            <ColumnReference Database="[ankura_dw]" Schema="[dbo]" Table="[Projects]" Alias="[P]" Column="ProjectBillerNameFL" />
                                                            <ColumnReference Column="Expr1007" />
                                                            <ColumnReference Column="Expr1011" />
                                                            <ColumnReference Column="Expr1016" />
                                                            <ColumnReference Column="Expr1058" />
                                                          </OutputList>
                                                          <NestedLoops Optimized="0">
                                                            <OuterReferences>
                                                              <ColumnReference Database="[ankura_dw]" Schema="[dbo]" Table="[CustinvoiceSummaries]" Alias="[CIS]" Column="CustomerInvoiceID" />
                                                            </OuterReferences>
                                                            <RelOp NodeId="30" PhysicalOp="Nested Loops" LogicalOp="Inner Join" EstimateRows="44053.5" EstimateIO="0" EstimateCPU="0.0230179" AvgRowSize="840" EstimatedTotalSubtreeCost="2327.62" Parallel="1" EstimateRebinds="0" EstimateRewinds="0" EstimatedExecutionMode="Row">
                                                              <OutputList>
                                                                <ColumnReference Database="[ankura_dw]" Schema="[dbo]" Table="[CustinvoiceSummaries]" Alias="[CIS]" Column="InvoiceStatus" />
                                                                <ColumnReference Database="[ankura_dw]" Schema="[dbo]" Table="[CustinvoiceSummaries]" Alias="[CIS]" Column="InvoiceAccountingDate" />
                                                                <ColumnReference Database="[ankura_dw]" Schema="[dbo]" Table="[CustinvoiceSummaries]" Alias="[CIS]" Column="DueDate" />
                                                                <ColumnReference Database="[ankura_dw]" Schema="[dbo]" Table="[CustinvoiceSummaries]" Alias="[CIS]" Column="AmountDue" />
                                                                <ColumnReference Database="[ankura_dw]" Schema="[dbo]" Table="[CustinvoiceSummaries]" Alias="[CIS]" Column="InvoiceDate" />
                                                                <ColumnReference Database="[ankura_dw]" Schema="[dbo]" Table="[CustinvoiceSummaries]" Alias="[CIS]" Column="TotalInvoiceAmount" />
                                                                <ColumnReference Database="[ankura_dw]" Schema="[dbo]" Table="[CustinvoiceSummaries]" Alias="[CIS]" Column="TotalWriteoffAmountApprovedandNotCanceled" />
                                                                <ColumnReference Database="[ankura_dw]" Schema="[dbo]" Table="[CustinvoiceSummaries]" Alias="[CIS]" Column="CustomerInvoiceID" />
                                                                <ColumnReference Database="[ankura_dw]" Schema="[dbo]" Table="[CustinvoiceSummaries]" Alias="[CIS]" Column="TotalPaymentsExcludingWriteoffsInUSD" />
                                                                <ColumnReference Database="[ankura_dw]" Schema="[dbo]" Table="[CustinvoiceSummaries]" Alias="[CIS]" Column="CustomerInvoiceTotalAmountInUSD" />
                                                                <ColumnReference Database="[ankura_dw]" Schema="[dbo]" Table="[CustinvoiceSummaries]" Alias="[CIS]" Column="DisputeAmount" />
                                                                <ColumnReference Database="[ankura_dw]" Schema="[dbo]" Table="[CustinvoiceSummaries]" Alias="[CIS]" Column="InvoiceNumber" />
                                                                <ColumnReference Database="[ankura_dw]" Schema="[dbo]" Table="[CustinvoiceSummaries]" Alias="[CIS]" Column="PaymentTerms" />
                                                                <ColumnReference Database="[ankura_dw]" Schema="[dbo]" Table="[CustinvoiceSummaries]" Alias="[CIS]" Column="AmountDueInUSD2" />
                                                                <ColumnReference Database="[ankura_dw]" Schema="[dbo]" Table="[CustinvoiceSummaries]" Alias="[CIS]" Column="TotalPaymentsExcludingWriteoffs" />
                                                                <ColumnReference Database="[ankura_dw]" Schema="[dbo]" Table="[CustinvoiceSummaries]" Alias="[CIS]" Column="TotalWriteoffAmountApprovedandNotCanceledUSD" />
                                                                <ColumnReference Database="[ankura_dw]" Schema="[dbo]" Table="[CustinvoiceSummaries]" Alias="[CIS]" Column="Company" />
                                                                <ColumnReference Database="[ankura_dw]" Schema="[dbo]" Table="[CustinvoiceSummaries]" Alias="[CIS]" Column="CustomerID" />
                                                                <ColumnReference Database="[ankura_dw]" Schema="[dbo]" Table="[Projects]" Alias="[P]" Column="ProjectId" />
                                                                <ColumnReference Database="[ankura_dw]" Schema="[dbo]" Table="[Projects]" Alias="[P]" Column="ProjectName" />
                                                                <ColumnReference Database="[ankura_dw]" Schema="[dbo]" Table="[Projects]" Alias="[P]" Column="ProjectManagerNameFL" />
                                                                <ColumnReference Database="[ankura_dw]" Schema="[dbo]" Table="[Projects]" Alias="[P]" Column="ProjectCompanyName" />
                                                                <ColumnReference Database="[ankura_dw]" Schema="[dbo]" Table="[Projects]" Alias="[P]" Column="ProjectDeptLevel4" />
                                                                <ColumnReference Database="[ankura_dw]" Schema="[dbo]" Table="[Projects]" Alias="[P]" Column="ProjectDeptLevel5" />
                                                                <ColumnReference Database="[ankura_dw]" Schema="[dbo]" Table="[Projects]" Alias="[P]" Column="CustomerName" />
                                                                <ColumnReference Database="[ankura_dw]" Schema="[dbo]" Table="[Projects]" Alias="[P]" Column="Project_Currency" />
                                                                <ColumnReference Database="[ankura_dw]" Schema="[dbo]" Table="[Projects]" Alias="[P]" Column="Retainer_Balance__USD" />
                                                                <ColumnReference Database="[ankura_dw]" Schema="[dbo]" Table="[Projects]" Alias="[P]" Column="SeniorProjectManagerNameFL" />
                                                                <ColumnReference Database="[ankura_dw]" Schema="[dbo]" Table="[Projects]" Alias="[P]" Column="ProjectBillerNameFL" />
                                                                <ColumnReference Column="Expr1007" />
                                                                <ColumnReference Column="Expr1011" />
                                                                <ColumnReference Column="Expr1058" />
                                                              </OutputList>
                                                              <NestedLoops Optimized="0">
                                                                <OuterReferences>
                                                                  <ColumnReference Database="[ankura_dw]" Schema="[dbo]" Table="[CustinvoiceSummaries]" Alias="[CIS]" Column="CustomerInvoiceID" />
                                                                </OuterReferences>
                                                                <RelOp NodeId="31" PhysicalOp="Compute Scalar" LogicalOp="Compute Scalar" EstimateRows="44053.5" EstimateIO="0" EstimateCPU="0.000550669" AvgRowSize="832" EstimatedTotalSubtreeCost="4.85185" Parallel="1" EstimateRebinds="0" EstimateRewinds="0" EstimatedExecutionMode="Row">
                                                                  <OutputList>
                                                                    <ColumnReference Database="[ankura_dw]" Schema="[dbo]" Table="[CustinvoiceSummaries]" Alias="[CIS]" Column="InvoiceStatus" />
                                                                    <ColumnReference Database="[ankura_dw]" Schema="[dbo]" Table="[CustinvoiceSummaries]" Alias="[CIS]" Column="InvoiceAccountingDate" />
                                                                    <ColumnReference Database="[ankura_dw]" Schema="[dbo]" Table="[CustinvoiceSummaries]" Alias="[CIS]" Column="DueDate" />
                                                                    <ColumnReference Database="[ankura_dw]" Schema="[dbo]" Table="[CustinvoiceSummaries]" Alias="[CIS]" Column="AmountDue" />
                                                                    <ColumnReference Database="[ankura_dw]" Schema="[dbo]" Table="[CustinvoiceSummaries]" Alias="[CIS]" Column="InvoiceDate" />
                                                                    <ColumnReference Database="[ankura_dw]" Schema="[dbo]" Table="[CustinvoiceSummaries]" Alias="[CIS]" Column="TotalInvoiceAmount" />
                                                                    <ColumnReference Database="[ankura_dw]" Schema="[dbo]" Table="[CustinvoiceSummaries]" Alias="[CIS]" Column="TotalWriteoffAmountApprovedandNotCanceled" />
                                                                    <ColumnReference Database="[ankura_dw]" Schema="[dbo]" Table="[CustinvoiceSummaries]" Alias="[CIS]" Column="CustomerInvoiceID" />
                                                                    <ColumnReference Database="[ankura_dw]" Schema="[dbo]" Table="[CustinvoiceSummaries]" Alias="[CIS]" Column="TotalPaymentsExcludingWriteoffsInUSD" />
                                                                    <ColumnReference Database="[ankura_dw]" Schema="[dbo]" Table="[CustinvoiceSummaries]" Alias="[CIS]" Column="CustomerInvoiceTotalAmountInUSD" />
                                                                    <ColumnReference Database="[ankura_dw]" Schema="[dbo]" Table="[CustinvoiceSummaries]" Alias="[CIS]" Column="DisputeAmount" />
                                                                    <ColumnReference Database="[ankura_dw]" Schema="[dbo]" Table="[CustinvoiceSummaries]" Alias="[CIS]" Column="InvoiceNumber" />
                                                                    <ColumnReference Database="[ankura_dw]" Schema="[dbo]" Table="[CustinvoiceSummaries]" Alias="[CIS]" Column="PaymentTerms" />
                                                                    <ColumnReference Database="[ankura_dw]" Schema="[dbo]" Table="[CustinvoiceSummaries]" Alias="[CIS]" Column="AmountDueInUSD2" />
                                                                    <ColumnReference Database="[ankura_dw]" Schema="[dbo]" Table="[CustinvoiceSummaries]" Alias="[CIS]" Column="TotalPaymentsExcludingWriteoffs" />
                                                                    <ColumnReference Database="[ankura_dw]" Schema="[dbo]" Table="[CustinvoiceSummaries]" Alias="[CIS]" Column="TotalWriteoffAmountApprovedandNotCanceledUSD" />
                                                                    <ColumnReference Database="[ankura_dw]" Schema="[dbo]" Table="[CustinvoiceSummaries]" Alias="[CIS]" Column="Company" />
                                                                    <ColumnReference Database="[ankura_dw]" Schema="[dbo]" Table="[CustinvoiceSummaries]" Alias="[CIS]" Column="CustomerID" />
                                                                    <ColumnReference Database="[ankura_dw]" Schema="[dbo]" Table="[Projects]" Alias="[P]" Column="ProjectId" />
                                                                    <ColumnReference Database="[ankura_dw]" Schema="[dbo]" Table="[Projects]" Alias="[P]" Column="ProjectName" />
                                                                    <ColumnReference Database="[ankura_dw]" Schema="[dbo]" Table="[Projects]" Alias="[P]" Column="ProjectManagerNameFL" />
                                                                    <ColumnReference Database="[ankura_dw]" Schema="[dbo]" Table="[Projects]" Alias="[P]" Column="ProjectCompanyName" />
                                                                    <ColumnReference Database="[ankura_dw]" Schema="[dbo]" Table="[Projects]" Alias="[P]" Column="ProjectDeptLevel4" />
                                                                    <ColumnReference Database="[ankura_dw]" Schema="[dbo]" Table="[Projects]" Alias="[P]" Column="ProjectDeptLevel5" />
                                                                    <ColumnReference Database="[ankura_dw]" Schema="[dbo]" Table="[Projects]" Alias="[P]" Column="CustomerName" />
                                                                    <ColumnReference Database="[ankura_dw]" Schema="[dbo]" Table="[Projects]" Alias="[P]" Column="Project_Currency" />
                                                                    <ColumnReference Database="[ankura_dw]" Schema="[dbo]" Table="[Projects]" Alias="[P]" Column="Retainer_Balance__USD" />
                                                                    <ColumnReference Database="[ankura_dw]" Schema="[dbo]" Table="[Projects]" Alias="[P]" Column="SeniorProjectManagerNameFL" />
                                                                    <ColumnReference Database="[ankura_dw]" Schema="[dbo]" Table="[Projects]" Alias="[P]" Column="ProjectBillerNameFL" />
                                                                    <ColumnReference Column="Expr1007" />
                                                                    <ColumnReference Column="Expr1058" />
                                                                  </OutputList>
                                                                  <ComputeScalar>
                                                                    <DefinedValues>
                                                                      <DefinedValue>
                                                                        <ColumnReference Column="Expr1007" />
                                                                        <ScalarOperator ScalarString="[ankura_dw].[dbo].[CostCenters].[CostCenterName] as [CC].[CostCenterName]">
                                                                          <Identifier>
                                                                            <ColumnReference Database="[ankura_dw]" Schema="[dbo]" Table="[CostCenters]" Alias="[CC]" Column="CostCenterName" />
                                                                          </Identifier>
                                                                        </ScalarOperator>
                                                                      </DefinedValue>
                                                                    </DefinedValues>
                                                                    <RelOp NodeId="32" PhysicalOp="Parallelism" LogicalOp="Repartition Streams" EstimateRows="44053.5" EstimateIO="0" EstimateCPU="0.439705" AvgRowSize="832" EstimatedTotalSubtreeCost="4.8513" Parallel="1" EstimateRebinds="0" EstimateRewinds="0" EstimatedExecutionMode="Row">
                                                                      <OutputList>
                                                                        <ColumnReference Database="[ankura_dw]" Schema="[dbo]" Table="[CustinvoiceSummaries]" Alias="[CIS]" Column="InvoiceStatus" />
                                                                        <ColumnReference Database="[ankura_dw]" Schema="[dbo]" Table="[CustinvoiceSummaries]" Alias="[CIS]" Column="InvoiceAccountingDate" />
                                                                        <ColumnReference Database="[ankura_dw]" Schema="[dbo]" Table="[CustinvoiceSummaries]" Alias="[CIS]" Column="DueDate" />
                                                                        <ColumnReference Database="[ankura_dw]" Schema="[dbo]" Table="[CustinvoiceSummaries]" Alias="[CIS]" Column="AmountDue" />
                                                                        <ColumnReference Database="[ankura_dw]" Schema="[dbo]" Table="[CustinvoiceSummaries]" Alias="[CIS]" Column="InvoiceDate" />
                                                                        <ColumnReference Database="[ankura_dw]" Schema="[dbo]" Table="[CustinvoiceSummaries]" Alias="[CIS]" Column="TotalInvoiceAmount" />
                                                                        <ColumnReference Database="[ankura_dw]" Schema="[dbo]" Table="[CustinvoiceSummaries]" Alias="[CIS]" Column="TotalWriteoffAmountApprovedandNotCanceled" />
                                                                        <ColumnReference Database="[ankura_dw]" Schema="[dbo]" Table="[CustinvoiceSummaries]" Alias="[CIS]" Column="CustomerInvoiceID" />
                                                                        <ColumnReference Database="[ankura_dw]" Schema="[dbo]" Table="[CustinvoiceSummaries]" Alias="[CIS]" Column="TotalPaymentsExcludingWriteoffsInUSD" />
                                                                        <ColumnReference Database="[ankura_dw]" Schema="[dbo]" Table="[CustinvoiceSummaries]" Alias="[CIS]" Column="CustomerInvoiceTotalAmountInUSD" />
                                                                        <ColumnReference Database="[ankura_dw]" Schema="[dbo]" Table="[CustinvoiceSummaries]" Alias="[CIS]" Column="DisputeAmount" />
                                                                        <ColumnReference Database="[ankura_dw]" Schema="[dbo]" Table="[CustinvoiceSummaries]" Alias="[CIS]" Column="InvoiceNumber" />
                                                                        <ColumnReference Database="[ankura_dw]" Schema="[dbo]" Table="[CustinvoiceSummaries]" Alias="[CIS]" Column="PaymentTerms" />
                                                                        <ColumnReference Database="[ankura_dw]" Schema="[dbo]" Table="[CustinvoiceSummaries]" Alias="[CIS]" Column="AmountDueInUSD2" />
                                                                        <ColumnReference Database="[ankura_dw]" Schema="[dbo]" Table="[CustinvoiceSummaries]" Alias="[CIS]" Column="TotalPaymentsExcludingWriteoffs" />
                                                                        <ColumnReference Database="[ankura_dw]" Schema="[dbo]" Table="[CustinvoiceSummaries]" Alias="[CIS]" Column="TotalWriteoffAmountApprovedandNotCanceledUSD" />
                                                                        <ColumnReference Database="[ankura_dw]" Schema="[dbo]" Table="[CustinvoiceSummaries]" Alias="[CIS]" Column="Company" />
                                                                        <ColumnReference Database="[ankura_dw]" Schema="[dbo]" Table="[CustinvoiceSummaries]" Alias="[CIS]" Column="CustomerID" />
                                                                        <ColumnReference Database="[ankura_dw]" Schema="[dbo]" Table="[Projects]" Alias="[P]" Column="ProjectId" />
                                                                        <ColumnReference Database="[ankura_dw]" Schema="[dbo]" Table="[Projects]" Alias="[P]" Column="ProjectName" />
                                                                        <ColumnReference Database="[ankura_dw]" Schema="[dbo]" Table="[Projects]" Alias="[P]" Column="ProjectManagerNameFL" />
                                                                        <ColumnReference Database="[ankura_dw]" Schema="[dbo]" Table="[Projects]" Alias="[P]" Column="ProjectCompanyName" />
                                                                        <ColumnReference Database="[ankura_dw]" Schema="[dbo]" Table="[Projects]" Alias="[P]" Column="ProjectDeptLevel4" />
                                                                        <ColumnReference Database="[ankura_dw]" Schema="[dbo]" Table="[Projects]" Alias="[P]" Column="ProjectDeptLevel5" />
                                                                        <ColumnReference Database="[ankura_dw]" Schema="[dbo]" Table="[Projects]" Alias="[P]" Column="CustomerName" />
                                                                        <ColumnReference Database="[ankura_dw]" Schema="[dbo]" Table="[Projects]" Alias="[P]" Column="Project_Currency" />
                                                                        <ColumnReference Database="[ankura_dw]" Schema="[dbo]" Table="[Projects]" Alias="[P]" Column="Retainer_Balance__USD" />
                                                                        <ColumnReference Database="[ankura_dw]" Schema="[dbo]" Table="[Projects]" Alias="[P]" Column="SeniorProjectManagerNameFL" />
                                                                        <ColumnReference Database="[ankura_dw]" Schema="[dbo]" Table="[Projects]" Alias="[P]" Column="ProjectBillerNameFL" />
                                                                        <ColumnReference Database="[ankura_dw]" Schema="[dbo]" Table="[CostCenters]" Alias="[CC]" Column="CostCenterName" />
                                                                        <ColumnReference Column="Expr1058" />
                                                                      </OutputList>
                                                                      <Parallelism PartitioningType="Hash">
                                                                        <PartitionColumns>
                                                                          <ColumnReference Database="[ankura_dw]" Schema="[dbo]" Table="[CustinvoiceSummaries]" Alias="[CIS]" Column="CustomerInvoiceID" />
                                                                        </PartitionColumns>
                                                                        <RelOp NodeId="33" PhysicalOp="Hash Match" LogicalOp="Right Outer Join" EstimateRows="44053.5" EstimateIO="0" EstimateCPU="0.102618" AvgRowSize="832" EstimatedTotalSubtreeCost="4.41159" Parallel="1" EstimateRebinds="0" EstimateRewinds="0" EstimatedExecutionMode="Row">
                                                                          <OutputList>
                                                                            <ColumnReference Database="[ankura_dw]" Schema="[dbo]" Table="[CustinvoiceSummaries]" Alias="[CIS]" Column="InvoiceStatus" />
                                                                            <ColumnReference Database="[ankura_dw]" Schema="[dbo]" Table="[CustinvoiceSummaries]" Alias="[CIS]" Column="InvoiceAccountingDate" />
                                                                            <ColumnReference Database="[ankura_dw]" Schema="[dbo]" Table="[CustinvoiceSummaries]" Alias="[CIS]" Column="DueDate" />
                                                                            <ColumnReference Database="[ankura_dw]" Schema="[dbo]" Table="[CustinvoiceSummaries]" Alias="[CIS]" Column="AmountDue" />
                                                                            <ColumnReference Database="[ankura_dw]" Schema="[dbo]" Table="[CustinvoiceSummaries]" Alias="[CIS]" Column="InvoiceDate" />
                                                                            <ColumnReference Database="[ankura_dw]" Schema="[dbo]" Table="[CustinvoiceSummaries]" Alias="[CIS]" Column="TotalInvoiceAmount" />
                                                                            <ColumnReference Database="[ankura_dw]" Schema="[dbo]" Table="[CustinvoiceSummaries]" Alias="[CIS]" Column="TotalWriteoffAmountApprovedandNotCanceled" />
                                                                            <ColumnReference Database="[ankura_dw]" Schema="[dbo]" Table="[CustinvoiceSummaries]" Alias="[CIS]" Column="CustomerInvoiceID" />
                                                                            <ColumnReference Database="[ankura_dw]" Schema="[dbo]" Table="[CustinvoiceSummaries]" Alias="[CIS]" Column="TotalPaymentsExcludingWriteoffsInUSD" />
                                                                            <ColumnReference Database="[ankura_dw]" Schema="[dbo]" Table="[CustinvoiceSummaries]" Alias="[CIS]" Column="CustomerInvoiceTotalAmountInUSD" />
                                                                            <ColumnReference Database="[ankura_dw]" Schema="[dbo]" Table="[CustinvoiceSummaries]" Alias="[CIS]" Column="DisputeAmount" />
                                                                            <ColumnReference Database="[ankura_dw]" Schema="[dbo]" Table="[CustinvoiceSummaries]" Alias="[CIS]" Column="InvoiceNumber" />
                                                                            <ColumnReference Database="[ankura_dw]" Schema="[dbo]" Table="[CustinvoiceSummaries]" Alias="[CIS]" Column="PaymentTerms" />
                                                                            <ColumnReference Database="[ankura_dw]" Schema="[dbo]" Table="[CustinvoiceSummaries]" Alias="[CIS]" Column="AmountDueInUSD2" />
                                                                            <ColumnReference Database="[ankura_dw]" Schema="[dbo]" Table="[CustinvoiceSummaries]" Alias="[CIS]" Column="TotalPaymentsExcludingWriteoffs" />
                                                                            <ColumnReference Database="[ankura_dw]" Schema="[dbo]" Table="[CustinvoiceSummaries]" Alias="[CIS]" Column="TotalWriteoffAmountApprovedandNotCanceledUSD" />
                                                                            <ColumnReference Database="[ankura_dw]" Schema="[dbo]" Table="[CustinvoiceSummaries]" Alias="[CIS]" Column="Company" />
                                                                            <ColumnReference Database="[ankura_dw]" Schema="[dbo]" Table="[CustinvoiceSummaries]" Alias="[CIS]" Column="CustomerID" />
                                                                            <ColumnReference Database="[ankura_dw]" Schema="[dbo]" Table="[Projects]" Alias="[P]" Column="ProjectId" />
                                                                            <ColumnReference Database="[ankura_dw]" Schema="[dbo]" Table="[Projects]" Alias="[P]" Column="ProjectName" />
                                                                            <ColumnReference Database="[ankura_dw]" Schema="[dbo]" Table="[Projects]" Alias="[P]" Column="ProjectManagerNameFL" />
                                                                            <ColumnReference Database="[ankura_dw]" Schema="[dbo]" Table="[Projects]" Alias="[P]" Column="ProjectCompanyName" />
                                                                            <ColumnReference Database="[ankura_dw]" Schema="[dbo]" Table="[Projects]" Alias="[P]" Column="ProjectDeptLevel4" />
                                                                            <ColumnReference Database="[ankura_dw]" Schema="[dbo]" Table="[Projects]" Alias="[P]" Column="ProjectDeptLevel5" />
                                                                            <ColumnReference Database="[ankura_dw]" Schema="[dbo]" Table="[Projects]" Alias="[P]" Column="CustomerName" />
                                                                            <ColumnReference Database="[ankura_dw]" Schema="[dbo]" Table="[Projects]" Alias="[P]" Column="Project_Currency" />
                                                                            <ColumnReference Database="[ankura_dw]" Schema="[dbo]" Table="[Projects]" Alias="[P]" Column="Retainer_Balance__USD" />
                                                                            <ColumnReference Database="[ankura_dw]" Schema="[dbo]" Table="[Projects]" Alias="[P]" Column="SeniorProjectManagerNameFL" />
                                                                            <ColumnReference Database="[ankura_dw]" Schema="[dbo]" Table="[Projects]" Alias="[P]" Column="ProjectBillerNameFL" />
                                                                            <ColumnReference Database="[ankura_dw]" Schema="[dbo]" Table="[CostCenters]" Alias="[CC]" Column="CostCenterName" />
                                                                            <ColumnReference Column="Expr1058" />
                                                                          </OutputList>
                                                                          <MemoryFractions Input="0.0238806" Output="0.0238806" />
                                                                          <Hash>
                                                                            <DefinedValues />
                                                                            <HashKeysBuild>
                                                                              <ColumnReference Database="[ankura_dw]" Schema="[dbo]" Table="[CostCenters]" Alias="[CC]" Column="CostCenterId" />
                                                                            </HashKeysBuild>
                                                                            <HashKeysProbe>
                                                                              <ColumnReference Database="[ankura_dw]" Schema="[dbo]" Table="[Projects]" Alias="[P]" Column="ProjectCostCenterId" />
                                                                            </HashKeysProbe>
                                                                            <ProbeResidual>
                                                                              <ScalarOperator ScalarString="[ankura_dw].[dbo].[CostCenters].[CostCenterId] as [CC].[CostCenterId]=[ankura_dw].[dbo].[Projects].[ProjectCostCenterId] as [P].[ProjectCostCenterId]">
                                                                                <Compare CompareOp="EQ">
                                                                                  <ScalarOperator>
                                                                                    <Identifier>
                                                                                      <ColumnReference Database="[ankura_dw]" Schema="[dbo]" Table="[CostCenters]" Alias="[CC]" Column="CostCenterId" />
                                                                                    </Identifier>
                                                                                  </ScalarOperator>
                                                                                  <ScalarOperator>
                                                                                    <Identifier>
                                                                                      <ColumnReference Database="[ankura_dw]" Schema="[dbo]" Table="[Projects]" Alias="[P]" Column="ProjectCostCenterId" />
                                                                                    </Identifier>
                                                                                  </ScalarOperator>
                                                                                </Compare>
                                                                              </ScalarOperator>
                                                                            </ProbeResidual>
                                                                            <RelOp NodeId="34" PhysicalOp="Parallelism" LogicalOp="Distribute Streams" EstimateRows="99" EstimateIO="0" EstimateCPU="0.0292341" AvgRowSize="71" EstimatedTotalSubtreeCost="0.035588" Parallel="1" EstimateRebinds="0" EstimateRewinds="0" EstimatedExecutionMode="Row">
                                                                              <OutputList>
                                                                                <ColumnReference Database="[ankura_dw]" Schema="[dbo]" Table="[CostCenters]" Alias="[CC]" Column="CostCenterId" />
                                                                                <ColumnReference Database="[ankura_dw]" Schema="[dbo]" Table="[CostCenters]" Alias="[CC]" Column="CostCenterName" />
                                                                              </OutputList>
                                                                              <Parallelism PartitioningType="Hash">
                                                                                <PartitionColumns>
                                                                                  <ColumnReference Database="[ankura_dw]" Schema="[dbo]" Table="[CostCenters]" Alias="[CC]" Column="CostCenterId" />
                                                                                </PartitionColumns>
                                                                                <RelOp NodeId="35" PhysicalOp="Table Scan" LogicalOp="Table Scan" EstimateRows="99" EstimatedRowsRead="99" EstimateIO="0.00608796" EstimateCPU="0.0002659" AvgRowSize="71" EstimatedTotalSubtreeCost="0.00635386" TableCardinality="99" Parallel="0" EstimateRebinds="0" EstimateRewinds="0" EstimatedExecutionMode="Row">
                                                                                  <OutputList>
                                                                                    <ColumnReference Database="[ankura_dw]" Schema="[dbo]" Table="[CostCenters]" Alias="[CC]" Column="CostCenterId" />
                                                                                    <ColumnReference Database="[ankura_dw]" Schema="[dbo]" Table="[CostCenters]" Alias="[CC]" Column="CostCenterName" />
                                                                                  </OutputList>
                                                                                  <TableScan Ordered="0" ForcedIndex="0" ForceScan="0" NoExpandHint="0" Storage="RowStore">
                                                                                    <DefinedValues>
                                                                                      <DefinedValue>
                                                                                        <ColumnReference Database="[ankura_dw]" Schema="[dbo]" Table="[CostCenters]" Alias="[CC]" Column="CostCenterId" />
                                                                                      </DefinedValue>
                                                                                      <DefinedValue>
                                                                                        <ColumnReference Database="[ankura_dw]" Schema="[dbo]" Table="[CostCenters]" Alias="[CC]" Column="CostCenterName" />
                                                                                      </DefinedValue>
                                                                                    </DefinedValues>
                                                                                    <Object Database="[ankura_dw]" Schema="[dbo]" Table="[CostCenters]" Alias="[CC]" IndexKind="Heap" Storage="RowStore" />
                                                                                  </TableScan>
                                                                                </RelOp>
                                                                              </Parallelism>
                                                                            </RelOp>
                                                                            <RelOp NodeId="36" PhysicalOp="Parallelism" LogicalOp="Repartition Streams" EstimateRows="44053.5" EstimateIO="0" EstimateCPU="0.419278" AvgRowSize="789" EstimatedTotalSubtreeCost="4.27338" Parallel="1" EstimateRebinds="0" EstimateRewinds="0" EstimatedExecutionMode="Row">
                                                                              <OutputList>
                                                                                <ColumnReference Database="[ankura_dw]" Schema="[dbo]" Table="[CustinvoiceSummaries]" Alias="[CIS]" Column="InvoiceStatus" />
                                                                                <ColumnReference Database="[ankura_dw]" Schema="[dbo]" Table="[CustinvoiceSummaries]" Alias="[CIS]" Column="InvoiceAccountingDate" />
                                                                                <ColumnReference Database="[ankura_dw]" Schema="[dbo]" Table="[CustinvoiceSummaries]" Alias="[CIS]" Column="DueDate" />
                                                                                <ColumnReference Database="[ankura_dw]" Schema="[dbo]" Table="[CustinvoiceSummaries]" Alias="[CIS]" Column="AmountDue" />
                                                                                <ColumnReference Database="[ankura_dw]" Schema="[dbo]" Table="[CustinvoiceSummaries]" Alias="[CIS]" Column="InvoiceDate" />
                                                                                <ColumnReference Database="[ankura_dw]" Schema="[dbo]" Table="[CustinvoiceSummaries]" Alias="[CIS]" Column="TotalInvoiceAmount" />
                                                                                <ColumnReference Database="[ankura_dw]" Schema="[dbo]" Table="[CustinvoiceSummaries]" Alias="[CIS]" Column="TotalWriteoffAmountApprovedandNotCanceled" />
                                                                                <ColumnReference Database="[ankura_dw]" Schema="[dbo]" Table="[CustinvoiceSummaries]" Alias="[CIS]" Column="CustomerInvoiceID" />
                                                                                <ColumnReference Database="[ankura_dw]" Schema="[dbo]" Table="[CustinvoiceSummaries]" Alias="[CIS]" Column="TotalPaymentsExcludingWriteoffsInUSD" />
                                                                                <ColumnReference Database="[ankura_dw]" Schema="[dbo]" Table="[CustinvoiceSummaries]" Alias="[CIS]" Column="CustomerInvoiceTotalAmountInUSD" />
                                                                                <ColumnReference Database="[ankura_dw]" Schema="[dbo]" Table="[CustinvoiceSummaries]" Alias="[CIS]" Column="DisputeAmount" />
                                                                                <ColumnReference Database="[ankura_dw]" Schema="[dbo]" Table="[CustinvoiceSummaries]" Alias="[CIS]" Column="InvoiceNumber" />
                                                                                <ColumnReference Database="[ankura_dw]" Schema="[dbo]" Table="[CustinvoiceSummaries]" Alias="[CIS]" Column="PaymentTerms" />
                                                                                <ColumnReference Database="[ankura_dw]" Schema="[dbo]" Table="[CustinvoiceSummaries]" Alias="[CIS]" Column="AmountDueInUSD2" />
                                                                                <ColumnReference Database="[ankura_dw]" Schema="[dbo]" Table="[CustinvoiceSummaries]" Alias="[CIS]" Column="TotalPaymentsExcludingWriteoffs" />
                                                                                <ColumnReference Database="[ankura_dw]" Schema="[dbo]" Table="[CustinvoiceSummaries]" Alias="[CIS]" Column="TotalWriteoffAmountApprovedandNotCanceledUSD" />
                                                                                <ColumnReference Database="[ankura_dw]" Schema="[dbo]" Table="[CustinvoiceSummaries]" Alias="[CIS]" Column="Company" />
                                                                                <ColumnReference Database="[ankura_dw]" Schema="[dbo]" Table="[CustinvoiceSummaries]" Alias="[CIS]" Column="CustomerID" />
                                                                                <ColumnReference Database="[ankura_dw]" Schema="[dbo]" Table="[Projects]" Alias="[P]" Column="ProjectId" />
                                                                                <ColumnReference Database="[ankura_dw]" Schema="[dbo]" Table="[Projects]" Alias="[P]" Column="ProjectName" />
                                                                                <ColumnReference Database="[ankura_dw]" Schema="[dbo]" Table="[Projects]" Alias="[P]" Column="ProjectManagerNameFL" />
                                                                                <ColumnReference Database="[ankura_dw]" Schema="[dbo]" Table="[Projects]" Alias="[P]" Column="ProjectCompanyName" />
                                                                                <ColumnReference Database="[ankura_dw]" Schema="[dbo]" Table="[Projects]" Alias="[P]" Column="ProjectDeptLevel4" />
                                                                                <ColumnReference Database="[ankura_dw]" Schema="[dbo]" Table="[Projects]" Alias="[P]" Column="ProjectDeptLevel5" />
                                                                                <ColumnReference Database="[ankura_dw]" Schema="[dbo]" Table="[Projects]" Alias="[P]" Column="CustomerName" />
                                                                                <ColumnReference Database="[ankura_dw]" Schema="[dbo]" Table="[Projects]" Alias="[P]" Column="Project_Currency" />
                                                                                <ColumnReference Database="[ankura_dw]" Schema="[dbo]" Table="[Projects]" Alias="[P]" Column="Retainer_Balance__USD" />
                                                                                <ColumnReference Database="[ankura_dw]" Schema="[dbo]" Table="[Projects]" Alias="[P]" Column="SeniorProjectManagerNameFL" />
                                                                                <ColumnReference Database="[ankura_dw]" Schema="[dbo]" Table="[Projects]" Alias="[P]" Column="ProjectBillerNameFL" />
                                                                                <ColumnReference Database="[ankura_dw]" Schema="[dbo]" Table="[Projects]" Alias="[P]" Column="ProjectCostCenterId" />
                                                                                <ColumnReference Column="Expr1058" />
                                                                              </OutputList>
                                                                              <Parallelism PartitioningType="Hash">
                                                                                <PartitionColumns>
                                                                                  <ColumnReference Database="[ankura_dw]" Schema="[dbo]" Table="[Projects]" Alias="[P]" Column="ProjectCostCenterId" />
                                                                                </PartitionColumns>
                                                                                <RelOp NodeId="37" PhysicalOp="Merge Join" LogicalOp="Inner Join" EstimateRows="44053.5" EstimateIO="0.0247709" EstimateCPU="0.0188877" AvgRowSize="789" EstimatedTotalSubtreeCost="3.85411" Parallel="1" EstimateRebinds="0" EstimateRewinds="0" EstimatedExecutionMode="Row">
                                                                                  <OutputList>
                                                                                    <ColumnReference Database="[ankura_dw]" Schema="[dbo]" Table="[CustinvoiceSummaries]" Alias="[CIS]" Column="InvoiceStatus" />
                                                                                    <ColumnReference Database="[ankura_dw]" Schema="[dbo]" Table="[CustinvoiceSummaries]" Alias="[CIS]" Column="InvoiceAccountingDate" />
                                                                                    <ColumnReference Database="[ankura_dw]" Schema="[dbo]" Table="[CustinvoiceSummaries]" Alias="[CIS]" Column="DueDate" />
                                                                                    <ColumnReference Database="[ankura_dw]" Schema="[dbo]" Table="[CustinvoiceSummaries]" Alias="[CIS]" Column="AmountDue" />
                                                                                    <ColumnReference Database="[ankura_dw]" Schema="[dbo]" Table="[CustinvoiceSummaries]" Alias="[CIS]" Column="InvoiceDate" />
                                                                                    <ColumnReference Database="[ankura_dw]" Schema="[dbo]" Table="[CustinvoiceSummaries]" Alias="[CIS]" Column="TotalInvoiceAmount" />
                                                                                    <ColumnReference Database="[ankura_dw]" Schema="[dbo]" Table="[CustinvoiceSummaries]" Alias="[CIS]" Column="TotalWriteoffAmountApprovedandNotCanceled" />
                                                                                    <ColumnReference Database="[ankura_dw]" Schema="[dbo]" Table="[CustinvoiceSummaries]" Alias="[CIS]" Column="CustomerInvoiceID" />
                                                                                    <ColumnReference Database="[ankura_dw]" Schema="[dbo]" Table="[CustinvoiceSummaries]" Alias="[CIS]" Column="TotalPaymentsExcludingWriteoffsInUSD" />
                                                                                    <ColumnReference Database="[ankura_dw]" Schema="[dbo]" Table="[CustinvoiceSummaries]" Alias="[CIS]" Column="CustomerInvoiceTotalAmountInUSD" />
                                                                                    <ColumnReference Database="[ankura_dw]" Schema="[dbo]" Table="[CustinvoiceSummaries]" Alias="[CIS]" Column="DisputeAmount" />
                                                                                    <ColumnReference Database="[ankura_dw]" Schema="[dbo]" Table="[CustinvoiceSummaries]" Alias="[CIS]" Column="InvoiceNumber" />
                                                                                    <ColumnReference Database="[ankura_dw]" Schema="[dbo]" Table="[CustinvoiceSummaries]" Alias="[CIS]" Column="PaymentTerms" />
                                                                                    <ColumnReference Database="[ankura_dw]" Schema="[dbo]" Table="[CustinvoiceSummaries]" Alias="[CIS]" Column="AmountDueInUSD2" />
                                                                                    <ColumnReference Database="[ankura_dw]" Schema="[dbo]" Table="[CustinvoiceSummaries]" Alias="[CIS]" Column="TotalPaymentsExcludingWriteoffs" />
                                                                                    <ColumnReference Database="[ankura_dw]" Schema="[dbo]" Table="[CustinvoiceSummaries]" Alias="[CIS]" Column="TotalWriteoffAmountApprovedandNotCanceledUSD" />
                                                                                    <ColumnReference Database="[ankura_dw]" Schema="[dbo]" Table="[CustinvoiceSummaries]" Alias="[CIS]" Column="Company" />
                                                                                    <ColumnReference Database="[ankura_dw]" Schema="[dbo]" Table="[CustinvoiceSummaries]" Alias="[CIS]" Column="CustomerID" />
                                                                                    <ColumnReference Database="[ankura_dw]" Schema="[dbo]" Table="[Projects]" Alias="[P]" Column="ProjectId" />
                                                                                    <ColumnReference Database="[ankura_dw]" Schema="[dbo]" Table="[Projects]" Alias="[P]" Column="ProjectName" />
                                                                                    <ColumnReference Database="[ankura_dw]" Schema="[dbo]" Table="[Projects]" Alias="[P]" Column="ProjectManagerNameFL" />
                                                                                    <ColumnReference Database="[ankura_dw]" Schema="[dbo]" Table="[Projects]" Alias="[P]" Column="ProjectCompanyName" />
                                                                                    <ColumnReference Database="[ankura_dw]" Schema="[dbo]" Table="[Projects]" Alias="[P]" Column="ProjectDeptLevel4" />
                                                                                    <ColumnReference Database="[ankura_dw]" Schema="[dbo]" Table="[Projects]" Alias="[P]" Column="ProjectDeptLevel5" />
                                                                                    <ColumnReference Database="[ankura_dw]" Schema="[dbo]" Table="[Projects]" Alias="[P]" Column="CustomerName" />
                                                                                    <ColumnReference Database="[ankura_dw]" Schema="[dbo]" Table="[Projects]" Alias="[P]" Column="Project_Currency" />
                                                                                    <ColumnReference Database="[ankura_dw]" Schema="[dbo]" Table="[Projects]" Alias="[P]" Column="Retainer_Balance__USD" />
                                                                                    <ColumnReference Database="[ankura_dw]" Schema="[dbo]" Table="[Projects]" Alias="[P]" Column="SeniorProjectManagerNameFL" />
                                                                                    <ColumnReference Database="[ankura_dw]" Schema="[dbo]" Table="[Projects]" Alias="[P]" Column="ProjectBillerNameFL" />
                                                                                    <ColumnReference Database="[ankura_dw]" Schema="[dbo]" Table="[Projects]" Alias="[P]" Column="ProjectCostCenterId" />
                                                                                    <ColumnReference Column="Expr1058" />
                                                                                  </OutputList>
                                                                                  <Merge ManyToMany="1">
                                                                                    <InnerSideJoinColumns>
                                                                                      <ColumnReference Database="[ankura_dw]" Schema="[dbo]" Table="[Projects]" Alias="[P]" Column="ProjectId" />
                                                                                    </InnerSideJoinColumns>
                                                                                    <OuterSideJoinColumns>
                                                                                      <ColumnReference Database="[ankura_dw]" Schema="[dbo]" Table="[CustinvoiceSummaries]" Alias="[CIS]" Column="ProjectId" />
                                                                                    </OuterSideJoinColumns>
                                                                                    <Residual>
                                                                                      <ScalarOperator ScalarString="[ankura_dw].[dbo].[Projects].[ProjectId] as [P].[ProjectId]=[ankura_dw].[dbo].[CustinvoiceSummaries].[ProjectId] as [CIS].[ProjectId]">
                                                                                        <Compare CompareOp="EQ">
                                                                                          <ScalarOperator>
                                                                                            <Identifier>
                                                                                              <ColumnReference Database="[ankura_dw]" Schema="[dbo]" Table="[Projects]" Alias="[P]" Column="ProjectId" />
                                                                                            </Identifier>
                                                                                          </ScalarOperator>
                                                                                          <ScalarOperator>
                                                                                            <Identifier>
                                                                                              <ColumnReference Database="[ankura_dw]" Schema="[dbo]" Table="[CustinvoiceSummaries]" Alias="[CIS]" Column="ProjectId" />
                                                                                            </Identifier>
                                                                                          </ScalarOperator>
                                                                                        </Compare>
                                                                                      </ScalarOperator>
                                                                                    </Residual>
                                                                                    <RelOp NodeId="38" PhysicalOp="Compute Scalar" LogicalOp="Compute Scalar" EstimateRows="41687" EstimateIO="0" EstimateCPU="0.000521088" AvgRowSize="290" EstimatedTotalSubtreeCost="3.16468" Parallel="1" EstimateRebinds="0" EstimateRewinds="0" EstimatedExecutionMode="Row">
                                                                                      <OutputList>
                                                                                        <ColumnReference Database="[ankura_dw]" Schema="[dbo]" Table="[CustinvoiceSummaries]" Alias="[CIS]" Column="InvoiceStatus" />
                                                                                        <ColumnReference Database="[ankura_dw]" Schema="[dbo]" Table="[CustinvoiceSummaries]" Alias="[CIS]" Column="InvoiceAccountingDate" />
                                                                                        <ColumnReference Database="[ankura_dw]" Schema="[dbo]" Table="[CustinvoiceSummaries]" Alias="[CIS]" Column="DueDate" />
                                                                                        <ColumnReference Database="[ankura_dw]" Schema="[dbo]" Table="[CustinvoiceSummaries]" Alias="[CIS]" Column="AmountDue" />
                                                                                        <ColumnReference Database="[ankura_dw]" Schema="[dbo]" Table="[CustinvoiceSummaries]" Alias="[CIS]" Column="InvoiceDate" />
                                                                                        <ColumnReference Database="[ankura_dw]" Schema="[dbo]" Table="[CustinvoiceSummaries]" Alias="[CIS]" Column="TotalInvoiceAmount" />
                                                                                        <ColumnReference Database="[ankura_dw]" Schema="[dbo]" Table="[CustinvoiceSummaries]" Alias="[CIS]" Column="TotalWriteoffAmountApprovedandNotCanceled" />
                                                                                        <ColumnReference Database="[ankura_dw]" Schema="[dbo]" Table="[CustinvoiceSummaries]" Alias="[CIS]" Column="CustomerInvoiceID" />
                                                                                        <ColumnReference Database="[ankura_dw]" Schema="[dbo]" Table="[CustinvoiceSummaries]" Alias="[CIS]" Column="TotalPaymentsExcludingWriteoffsInUSD" />
                                                                                        <ColumnReference Database="[ankura_dw]" Schema="[dbo]" Table="[CustinvoiceSummaries]" Alias="[CIS]" Column="CustomerInvoiceTotalAmountInUSD" />
                                                                                        <ColumnReference Database="[ankura_dw]" Schema="[dbo]" Table="[CustinvoiceSummaries]" Alias="[CIS]" Column="DisputeAmount" />
                                                                                        <ColumnReference Database="[ankura_dw]" Schema="[dbo]" Table="[CustinvoiceSummaries]" Alias="[CIS]" Column="InvoiceNumber" />
                                                                                        <ColumnReference Database="[ankura_dw]" Schema="[dbo]" Table="[CustinvoiceSummaries]" Alias="[CIS]" Column="PaymentTerms" />
                                                                                        <ColumnReference Database="[ankura_dw]" Schema="[dbo]" Table="[CustinvoiceSummaries]" Alias="[CIS]" Column="AmountDueInUSD2" />
                                                                                        <ColumnReference Database="[ankura_dw]" Schema="[dbo]" Table="[CustinvoiceSummaries]" Alias="[CIS]" Column="TotalPaymentsExcludingWriteoffs" />
                                                                                        <ColumnReference Database="[ankura_dw]" Schema="[dbo]" Table="[CustinvoiceSummaries]" Alias="[CIS]" Column="ProjectId" />
                                                                                        <ColumnReference Database="[ankura_dw]" Schema="[dbo]" Table="[CustinvoiceSummaries]" Alias="[CIS]" Column="TotalWriteoffAmountApprovedandNotCanceledUSD" />
                                                                                        <ColumnReference Database="[ankura_dw]" Schema="[dbo]" Table="[CustinvoiceSummaries]" Alias="[CIS]" Column="Company" />
                                                                                        <ColumnReference Database="[ankura_dw]" Schema="[dbo]" Table="[CustinvoiceSummaries]" Alias="[CIS]" Column="CustomerID" />
                                                                                        <ColumnReference Column="Expr1058" />
                                                                                      </OutputList>
                                                                                      <ComputeScalar>
                                                                                        <DefinedValues>
                                                                                          <DefinedValue>
                                                                                            <ColumnReference Column="Expr1058" />
                                                                                            <ScalarOperator ScalarString="CONVERT_IMPLICIT(datetimeoffset(7),[ankura_dw].[dbo].[CustinvoiceSummaries].[InvoiceDate] as [CIS].[InvoiceDate],0)">
                                                                                              <Convert DataType="datetimeoffset" Scale="7" Style="0" Implicit="1">
                                                                                                <ScalarOperator>
                                                                                                  <Identifier>
                                                                                                    <ColumnReference Database="[ankura_dw]" Schema="[dbo]" Table="[CustinvoiceSummaries]" Alias="[CIS]" Column="InvoiceDate" />
                                                                                                  </Identifier>
                                                                                                </ScalarOperator>
                                                                                              </Convert>
                                                                                            </ScalarOperator>
                                                                                          </DefinedValue>
                                                                                        </DefinedValues>
                                                                                        <RelOp NodeId="39" PhysicalOp="Sort" LogicalOp="Sort" EstimateRows="41687" EstimateIO="0.00140766" EstimateCPU="0.367088" AvgRowSize="280" EstimatedTotalSubtreeCost="3.16416" Parallel="1" EstimateRebinds="0" EstimateRewinds="0" EstimatedExecutionMode="Row">
                                                                                          <OutputList>
                                                                                            <ColumnReference Database="[ankura_dw]" Schema="[dbo]" Table="[CustinvoiceSummaries]" Alias="[CIS]" Column="InvoiceStatus" />
                                                                                            <ColumnReference Database="[ankura_dw]" Schema="[dbo]" Table="[CustinvoiceSummaries]" Alias="[CIS]" Column="InvoiceAccountingDate" />
                                                                                            <ColumnReference Database="[ankura_dw]" Schema="[dbo]" Table="[CustinvoiceSummaries]" Alias="[CIS]" Column="DueDate" />
                                                                                            <ColumnReference Database="[ankura_dw]" Schema="[dbo]" Table="[CustinvoiceSummaries]" Alias="[CIS]" Column="AmountDue" />
                                                                                            <ColumnReference Database="[ankura_dw]" Schema="[dbo]" Table="[CustinvoiceSummaries]" Alias="[CIS]" Column="InvoiceDate" />
                                                                                            <ColumnReference Database="[ankura_dw]" Schema="[dbo]" Table="[CustinvoiceSummaries]" Alias="[CIS]" Column="TotalInvoiceAmount" />
                                                                                            <ColumnReference Database="[ankura_dw]" Schema="[dbo]" Table="[CustinvoiceSummaries]" Alias="[CIS]" Column="TotalWriteoffAmountApprovedandNotCanceled" />
                                                                                            <ColumnReference Database="[ankura_dw]" Schema="[dbo]" Table="[CustinvoiceSummaries]" Alias="[CIS]" Column="CustomerInvoiceID" />
                                                                                            <ColumnReference Database="[ankura_dw]" Schema="[dbo]" Table="[CustinvoiceSummaries]" Alias="[CIS]" Column="TotalPaymentsExcludingWriteoffsInUSD" />
                                                                                            <ColumnReference Database="[ankura_dw]" Schema="[dbo]" Table="[CustinvoiceSummaries]" Alias="[CIS]" Column="CustomerInvoiceTotalAmountInUSD" />
                                                                                            <ColumnReference Database="[ankura_dw]" Schema="[dbo]" Table="[CustinvoiceSummaries]" Alias="[CIS]" Column="DisputeAmount" />
                                                                                            <ColumnReference Database="[ankura_dw]" Schema="[dbo]" Table="[CustinvoiceSummaries]" Alias="[CIS]" Column="InvoiceNumber" />
                                                                                            <ColumnReference Database="[ankura_dw]" Schema="[dbo]" Table="[CustinvoiceSummaries]" Alias="[CIS]" Column="PaymentTerms" />
                                                                                            <ColumnReference Database="[ankura_dw]" Schema="[dbo]" Table="[CustinvoiceSummaries]" Alias="[CIS]" Column="AmountDueInUSD2" />
                                                                                            <ColumnReference Database="[ankura_dw]" Schema="[dbo]" Table="[CustinvoiceSummaries]" Alias="[CIS]" Column="TotalPaymentsExcludingWriteoffs" />
                                                                                            <ColumnReference Database="[ankura_dw]" Schema="[dbo]" Table="[CustinvoiceSummaries]" Alias="[CIS]" Column="ProjectId" />
                                                                                            <ColumnReference Database="[ankura_dw]" Schema="[dbo]" Table="[CustinvoiceSummaries]" Alias="[CIS]" Column="TotalWriteoffAmountApprovedandNotCanceledUSD" />
                                                                                            <ColumnReference Database="[ankura_dw]" Schema="[dbo]" Table="[CustinvoiceSummaries]" Alias="[CIS]" Column="Company" />
                                                                                            <ColumnReference Database="[ankura_dw]" Schema="[dbo]" Table="[CustinvoiceSummaries]" Alias="[CIS]" Column="CustomerID" />
                                                                                          </OutputList>
                                                                                          <MemoryFractions Input="0.850746" Output="0.850746" />
                                                                                          <Sort Distinct="0">
                                                                                            <OrderBy>
                                                                                              <OrderByColumn Ascending="1">
                                                                                                <ColumnReference Database="[ankura_dw]" Schema="[dbo]" Table="[CustinvoiceSummaries]" Alias="[CIS]" Column="ProjectId" />
                                                                                              </OrderByColumn>
                                                                                            </OrderBy>
                                                                                            <RelOp NodeId="40" PhysicalOp="Parallelism" LogicalOp="Repartition Streams" EstimateRows="41687" EstimateIO="0" EstimateCPU="0.188942" AvgRowSize="280" EstimatedTotalSubtreeCost="2.79566" Parallel="1" EstimateRebinds="0" EstimateRewinds="0" EstimatedExecutionMode="Row">
                                                                                              <OutputList>
                                                                                                <ColumnReference Database="[ankura_dw]" Schema="[dbo]" Table="[CustinvoiceSummaries]" Alias="[CIS]" Column="InvoiceStatus" />
                                                                                                <ColumnReference Database="[ankura_dw]" Schema="[dbo]" Table="[CustinvoiceSummaries]" Alias="[CIS]" Column="InvoiceAccountingDate" />
                                                                                                <ColumnReference Database="[ankura_dw]" Schema="[dbo]" Table="[CustinvoiceSummaries]" Alias="[CIS]" Column="DueDate" />
                                                                                                <ColumnReference Database="[ankura_dw]" Schema="[dbo]" Table="[CustinvoiceSummaries]" Alias="[CIS]" Column="AmountDue" />
                                                                                                <ColumnReference Database="[ankura_dw]" Schema="[dbo]" Table="[CustinvoiceSummaries]" Alias="[CIS]" Column="InvoiceDate" />
                                                                                                <ColumnReference Database="[ankura_dw]" Schema="[dbo]" Table="[CustinvoiceSummaries]" Alias="[CIS]" Column="TotalInvoiceAmount" />
                                                                                                <ColumnReference Database="[ankura_dw]" Schema="[dbo]" Table="[CustinvoiceSummaries]" Alias="[CIS]" Column="TotalWriteoffAmountApprovedandNotCanceled" />
                                                                                                <ColumnReference Database="[ankura_dw]" Schema="[dbo]" Table="[CustinvoiceSummaries]" Alias="[CIS]" Column="CustomerInvoiceID" />
                                                                                                <ColumnReference Database="[ankura_dw]" Schema="[dbo]" Table="[CustinvoiceSummaries]" Alias="[CIS]" Column="TotalPaymentsExcludingWriteoffsInUSD" />
                                                                                                <ColumnReference Database="[ankura_dw]" Schema="[dbo]" Table="[CustinvoiceSummaries]" Alias="[CIS]" Column="CustomerInvoiceTotalAmountInUSD" />
                                                                                                <ColumnReference Database="[ankura_dw]" Schema="[dbo]" Table="[CustinvoiceSummaries]" Alias="[CIS]" Column="DisputeAmount" />
                                                                                                <ColumnReference Database="[ankura_dw]" Schema="[dbo]" Table="[CustinvoiceSummaries]" Alias="[CIS]" Column="InvoiceNumber" />
                                                                                                <ColumnReference Database="[ankura_dw]" Schema="[dbo]" Table="[CustinvoiceSummaries]" Alias="[CIS]" Column="PaymentTerms" />
                                                                                                <ColumnReference Database="[ankura_dw]" Schema="[dbo]" Table="[CustinvoiceSummaries]" Alias="[CIS]" Column="AmountDueInUSD2" />
                                                                                                <ColumnReference Database="[ankura_dw]" Schema="[dbo]" Table="[CustinvoiceSummaries]" Alias="[CIS]" Column="TotalPaymentsExcludingWriteoffs" />
                                                                                                <ColumnReference Database="[ankura_dw]" Schema="[dbo]" Table="[CustinvoiceSummaries]" Alias="[CIS]" Column="ProjectId" />
                                                                                                <ColumnReference Database="[ankura_dw]" Schema="[dbo]" Table="[CustinvoiceSummaries]" Alias="[CIS]" Column="TotalWriteoffAmountApprovedandNotCanceledUSD" />
                                                                                                <ColumnReference Database="[ankura_dw]" Schema="[dbo]" Table="[CustinvoiceSummaries]" Alias="[CIS]" Column="Company" />
                                                                                                <ColumnReference Database="[ankura_dw]" Schema="[dbo]" Table="[CustinvoiceSummaries]" Alias="[CIS]" Column="CustomerID" />
                                                                                              </OutputList>
                                                                                              <Parallelism PartitioningType="Hash">
                                                                                                <PartitionColumns>
                                                                                                  <ColumnReference Database="[ankura_dw]" Schema="[dbo]" Table="[CustinvoiceSummaries]" Alias="[CIS]" Column="ProjectId" />
                                                                                                </PartitionColumns>
                                                                                                <RelOp NodeId="41" PhysicalOp="Table Scan" LogicalOp="Table Scan" EstimateRows="41687" EstimatedRowsRead="41687" EstimateIO="2.60098" EstimateCPU="0.00574178" AvgRowSize="280" EstimatedTotalSubtreeCost="2.60672" TableCardinality="41687" Parallel="1" EstimateRebinds="0" EstimateRewinds="0" EstimatedExecutionMode="Row">
                                                                                                  <OutputList>
                                                                                                    <ColumnReference Database="[ankura_dw]" Schema="[dbo]" Table="[CustinvoiceSummaries]" Alias="[CIS]" Column="InvoiceStatus" />
                                                                                                    <ColumnReference Database="[ankura_dw]" Schema="[dbo]" Table="[CustinvoiceSummaries]" Alias="[CIS]" Column="InvoiceAccountingDate" />
                                                                                                    <ColumnReference Database="[ankura_dw]" Schema="[dbo]" Table="[CustinvoiceSummaries]" Alias="[CIS]" Column="DueDate" />
                                                                                                    <ColumnReference Database="[ankura_dw]" Schema="[dbo]" Table="[CustinvoiceSummaries]" Alias="[CIS]" Column="AmountDue" />
                                                                                                    <ColumnReference Database="[ankura_dw]" Schema="[dbo]" Table="[CustinvoiceSummaries]" Alias="[CIS]" Column="InvoiceDate" />
                                                                                                    <ColumnReference Database="[ankura_dw]" Schema="[dbo]" Table="[CustinvoiceSummaries]" Alias="[CIS]" Column="TotalInvoiceAmount" />
                                                                                                    <ColumnReference Database="[ankura_dw]" Schema="[dbo]" Table="[CustinvoiceSummaries]" Alias="[CIS]" Column="TotalWriteoffAmountApprovedandNotCanceled" />
                                                                                                    <ColumnReference Database="[ankura_dw]" Schema="[dbo]" Table="[CustinvoiceSummaries]" Alias="[CIS]" Column="CustomerInvoiceID" />
                                                                                                    <ColumnReference Database="[ankura_dw]" Schema="[dbo]" Table="[CustinvoiceSummaries]" Alias="[CIS]" Column="TotalPaymentsExcludingWriteoffsInUSD" />
                                                                                                    <ColumnReference Database="[ankura_dw]" Schema="[dbo]" Table="[CustinvoiceSummaries]" Alias="[CIS]" Column="CustomerInvoiceTotalAmountInUSD" />
                                                                                                    <ColumnReference Database="[ankura_dw]" Schema="[dbo]" Table="[CustinvoiceSummaries]" Alias="[CIS]" Column="DisputeAmount" />
                                                                                                    <ColumnReference Database="[ankura_dw]" Schema="[dbo]" Table="[CustinvoiceSummaries]" Alias="[CIS]" Column="InvoiceNumber" />
                                                                                                    <ColumnReference Database="[ankura_dw]" Schema="[dbo]" Table="[CustinvoiceSummaries]" Alias="[CIS]" Column="PaymentTerms" />
                                                                                                    <ColumnReference Database="[ankura_dw]" Schema="[dbo]" Table="[CustinvoiceSummaries]" Alias="[CIS]" Column="AmountDueInUSD2" />
                                                                                                    <ColumnReference Database="[ankura_dw]" Schema="[dbo]" Table="[CustinvoiceSummaries]" Alias="[CIS]" Column="TotalPaymentsExcludingWriteoffs" />
                                                                                                    <ColumnReference Database="[ankura_dw]" Schema="[dbo]" Table="[CustinvoiceSummaries]" Alias="[CIS]" Column="ProjectId" />
                                                                                                    <ColumnReference Database="[ankura_dw]" Schema="[dbo]" Table="[CustinvoiceSummaries]" Alias="[CIS]" Column="TotalWriteoffAmountApprovedandNotCanceledUSD" />
                                                                                                    <ColumnReference Database="[ankura_dw]" Schema="[dbo]" Table="[CustinvoiceSummaries]" Alias="[CIS]" Column="Company" />
                                                                                                    <ColumnReference Database="[ankura_dw]" Schema="[dbo]" Table="[CustinvoiceSummaries]" Alias="[CIS]" Column="CustomerID" />
                                                                                                  </OutputList>
                                                                                                  <TableScan Ordered="0" ForcedIndex="0" ForceScan="0" NoExpandHint="0" Storage="RowStore">
                                                                                                    <DefinedValues>
                                                                                                      <DefinedValue>
                                                                                                        <ColumnReference Database="[ankura_dw]" Schema="[dbo]" Table="[CustinvoiceSummaries]" Alias="[CIS]" Column="InvoiceStatus" />
                                                                                                      </DefinedValue>
                                                                                                      <DefinedValue>
                                                                                                        <ColumnReference Database="[ankura_dw]" Schema="[dbo]" Table="[CustinvoiceSummaries]" Alias="[CIS]" Column="InvoiceAccountingDate" />
                                                                                                      </DefinedValue>
                                                                                                      <DefinedValue>
                                                                                                        <ColumnReference Database="[ankura_dw]" Schema="[dbo]" Table="[CustinvoiceSummaries]" Alias="[CIS]" Column="DueDate" />
                                                                                                      </DefinedValue>
                                                                                                      <DefinedValue>
                                                                                                        <ColumnReference Database="[ankura_dw]" Schema="[dbo]" Table="[CustinvoiceSummaries]" Alias="[CIS]" Column="AmountDue" />
                                                                                                      </DefinedValue>
                                                                                                      <DefinedValue>
                                                                                                        <ColumnReference Database="[ankura_dw]" Schema="[dbo]" Table="[CustinvoiceSummaries]" Alias="[CIS]" Column="InvoiceDate" />
                                                                                                      </DefinedValue>
                                                                                                      <DefinedValue>
                                                                                                        <ColumnReference Database="[ankura_dw]" Schema="[dbo]" Table="[CustinvoiceSummaries]" Alias="[CIS]" Column="TotalInvoiceAmount" />
                                                                                                      </DefinedValue>
                                                                                                      <DefinedValue>
                                                                                                        <ColumnReference Database="[ankura_dw]" Schema="[dbo]" Table="[CustinvoiceSummaries]" Alias="[CIS]" Column="TotalWriteoffAmountApprovedandNotCanceled" />
                                                                                                      </DefinedValue>
                                                                                                      <DefinedValue>
                                                                                                        <ColumnReference Database="[ankura_dw]" Schema="[dbo]" Table="[CustinvoiceSummaries]" Alias="[CIS]" Column="CustomerInvoiceID" />
                                                                                                      </DefinedValue>
                                                                                                      <DefinedValue>
                                                                                                        <ColumnReference Database="[ankura_dw]" Schema="[dbo]" Table="[CustinvoiceSummaries]" Alias="[CIS]" Column="TotalPaymentsExcludingWriteoffsInUSD" />
                                                                                                      </DefinedValue>
                                                                                                      <DefinedValue>
                                                                                                        <ColumnReference Database="[ankura_dw]" Schema="[dbo]" Table="[CustinvoiceSummaries]" Alias="[CIS]" Column="CustomerInvoiceTotalAmountInUSD" />
                                                                                                      </DefinedValue>
                                                                                                      <DefinedValue>
                                                                                                        <ColumnReference Database="[ankura_dw]" Schema="[dbo]" Table="[CustinvoiceSummaries]" Alias="[CIS]" Column="DisputeAmount" />
                                                                                                      </DefinedValue>
                                                                                                      <DefinedValue>
                                                                                                        <ColumnReference Database="[ankura_dw]" Schema="[dbo]" Table="[CustinvoiceSummaries]" Alias="[CIS]" Column="InvoiceNumber" />
                                                                                                      </DefinedValue>
                                                                                                      <DefinedValue>
                                                                                                        <ColumnReference Database="[ankura_dw]" Schema="[dbo]" Table="[CustinvoiceSummaries]" Alias="[CIS]" Column="PaymentTerms" />
                                                                                                      </DefinedValue>
                                                                                                      <DefinedValue>
                                                                                                        <ColumnReference Database="[ankura_dw]" Schema="[dbo]" Table="[CustinvoiceSummaries]" Alias="[CIS]" Column="AmountDueInUSD2" />
                                                                                                      </DefinedValue>
                                                                                                      <DefinedValue>
                                                                                                        <ColumnReference Database="[ankura_dw]" Schema="[dbo]" Table="[CustinvoiceSummaries]" Alias="[CIS]" Column="TotalPaymentsExcludingWriteoffs" />
                                                                                                      </DefinedValue>
                                                                                                      <DefinedValue>
                                                                                                        <ColumnReference Database="[ankura_dw]" Schema="[dbo]" Table="[CustinvoiceSummaries]" Alias="[CIS]" Column="ProjectId" />
                                                                                                      </DefinedValue>
                                                                                                      <DefinedValue>
                                                                                                        <ColumnReference Database="[ankura_dw]" Schema="[dbo]" Table="[CustinvoiceSummaries]" Alias="[CIS]" Column="TotalWriteoffAmountApprovedandNotCanceledUSD" />
                                                                                                      </DefinedValue>
                                                                                                      <DefinedValue>
                                                                                                        <ColumnReference Database="[ankura_dw]" Schema="[dbo]" Table="[CustinvoiceSummaries]" Alias="[CIS]" Column="Company" />
                                                                                                      </DefinedValue>
                                                                                                      <DefinedValue>
                                                                                                        <ColumnReference Database="[ankura_dw]" Schema="[dbo]" Table="[CustinvoiceSummaries]" Alias="[CIS]" Column="CustomerID" />
                                                                                                      </DefinedValue>
                                                                                                    </DefinedValues>
                                                                                                    <Object Database="[ankura_dw]" Schema="[dbo]" Table="[CustinvoiceSummaries]" Alias="[CIS]" IndexKind="Heap" Storage="RowStore" />
                                                                                                  </TableScan>
                                                                                                </RelOp>
                                                                                              </Parallelism>
                                                                                            </RelOp>
                                                                                          </Sort>
                                                                                        </RelOp>
                                                                                      </ComputeScalar>
                                                                                    </RelOp>
                                                                                    <RelOp NodeId="42" PhysicalOp="Sort" LogicalOp="Sort" EstimateRows="10658" EstimateIO="0.00140766" EstimateCPU="0.0818295" AvgRowSize="519" EstimatedTotalSubtreeCost="0.645764" Parallel="1" EstimateRebinds="0" EstimateRewinds="0" EstimatedExecutionMode="Row">
                                                                                      <OutputList>
                                                                                        <ColumnReference Database="[ankura_dw]" Schema="[dbo]" Table="[Projects]" Alias="[P]" Column="ProjectId" />
                                                                                        <ColumnReference Database="[ankura_dw]" Schema="[dbo]" Table="[Projects]" Alias="[P]" Column="ProjectName" />
                                                                                        <ColumnReference Database="[ankura_dw]" Schema="[dbo]" Table="[Projects]" Alias="[P]" Column="ProjectManagerNameFL" />
                                                                                        <ColumnReference Database="[ankura_dw]" Schema="[dbo]" Table="[Projects]" Alias="[P]" Column="ProjectCompanyName" />
                                                                                        <ColumnReference Database="[ankura_dw]" Schema="[dbo]" Table="[Projects]" Alias="[P]" Column="ProjectDeptLevel4" />
                                                                                        <ColumnReference Database="[ankura_dw]" Schema="[dbo]" Table="[Projects]" Alias="[P]" Column="ProjectDeptLevel5" />
                                                                                        <ColumnReference Database="[ankura_dw]" Schema="[dbo]" Table="[Projects]" Alias="[P]" Column="CustomerName" />
                                                                                        <ColumnReference Database="[ankura_dw]" Schema="[dbo]" Table="[Projects]" Alias="[P]" Column="Project_Currency" />
                                                                                        <ColumnReference Database="[ankura_dw]" Schema="[dbo]" Table="[Projects]" Alias="[P]" Column="Retainer_Balance__USD" />
                                                                                        <ColumnReference Database="[ankura_dw]" Schema="[dbo]" Table="[Projects]" Alias="[P]" Column="SeniorProjectManagerNameFL" />
                                                                                        <ColumnReference Database="[ankura_dw]" Schema="[dbo]" Table="[Projects]" Alias="[P]" Column="ProjectBillerNameFL" />
                                                                                        <ColumnReference Database="[ankura_dw]" Schema="[dbo]" Table="[Projects]" Alias="[P]" Column="ProjectCostCenterId" />
                                                                                      </OutputList>
                                                                                      <MemoryFractions Input="0.0477612" Output="0.0477612" />
                                                                                      <Sort Distinct="0">
                                                                                        <OrderBy>
                                                                                          <OrderByColumn Ascending="1">
                                                                                            <ColumnReference Database="[ankura_dw]" Schema="[dbo]" Table="[Projects]" Alias="[P]" Column="ProjectId" />
                                                                                          </OrderByColumn>
                                                                                        </OrderBy>
                                                                                        <RelOp NodeId="43" PhysicalOp="Parallelism" LogicalOp="Repartition Streams" EstimateRows="10658" EstimateIO="0" EstimateCPU="0.0859962" AvgRowSize="519" EstimatedTotalSubtreeCost="0.562527" Parallel="1" EstimateRebinds="0" EstimateRewinds="0" EstimatedExecutionMode="Row">
                                                                                          <OutputList>
                                                                                            <ColumnReference Database="[ankura_dw]" Schema="[dbo]" Table="[Projects]" Alias="[P]" Column="ProjectId" />
                                                                                            <ColumnReference Database="[ankura_dw]" Schema="[dbo]" Table="[Projects]" Alias="[P]" Column="ProjectName" />
                                                                                            <ColumnReference Database="[ankura_dw]" Schema="[dbo]" Table="[Projects]" Alias="[P]" Column="ProjectManagerNameFL" />
                                                                                            <ColumnReference Database="[ankura_dw]" Schema="[dbo]" Table="[Projects]" Alias="[P]" Column="ProjectCompanyName" />
                                                                                            <ColumnReference Database="[ankura_dw]" Schema="[dbo]" Table="[Projects]" Alias="[P]" Column="ProjectDeptLevel4" />
                                                                                            <ColumnReference Database="[ankura_dw]" Schema="[dbo]" Table="[Projects]" Alias="[P]" Column="ProjectDeptLevel5" />
                                                                                            <ColumnReference Database="[ankura_dw]" Schema="[dbo]" Table="[Projects]" Alias="[P]" Column="CustomerName" />
                                                                                            <ColumnReference Database="[ankura_dw]" Schema="[dbo]" Table="[Projects]" Alias="[P]" Column="Project_Currency" />
                                                                                            <ColumnReference Database="[ankura_dw]" Schema="[dbo]" Table="[Projects]" Alias="[P]" Column="Retainer_Balance__USD" />
                                                                                            <ColumnReference Database="[ankura_dw]" Schema="[dbo]" Table="[Projects]" Alias="[P]" Column="SeniorProjectManagerNameFL" />
                                                                                            <ColumnReference Database="[ankura_dw]" Schema="[dbo]" Table="[Projects]" Alias="[P]" Column="ProjectBillerNameFL" />
                                                                                            <ColumnReference Database="[ankura_dw]" Schema="[dbo]" Table="[Projects]" Alias="[P]" Column="ProjectCostCenterId" />
                                                                                          </OutputList>
                                                                                          <Parallelism PartitioningType="Hash">
                                                                                            <PartitionColumns>
                                                                                              <ColumnReference Database="[ankura_dw]" Schema="[dbo]" Table="[Projects]" Alias="[P]" Column="ProjectId" />
                                                                                            </PartitionColumns>
                                                                                            <RelOp NodeId="44" PhysicalOp="Table Scan" LogicalOp="Table Scan" EstimateRows="10658" EstimatedRowsRead="10658" EstimateIO="0.475055" EstimateCPU="0.00147529" AvgRowSize="519" EstimatedTotalSubtreeCost="0.476531" TableCardinality="10658" Parallel="1" EstimateRebinds="0" EstimateRewinds="0" EstimatedExecutionMode="Row">
                                                                                              <OutputList>
                                                                                                <ColumnReference Database="[ankura_dw]" Schema="[dbo]" Table="[Projects]" Alias="[P]" Column="ProjectId" />
                                                                                                <ColumnReference Database="[ankura_dw]" Schema="[dbo]" Table="[Projects]" Alias="[P]" Column="ProjectName" />
                                                                                                <ColumnReference Database="[ankura_dw]" Schema="[dbo]" Table="[Projects]" Alias="[P]" Column="ProjectManagerNameFL" />
                                                                                                <ColumnReference Database="[ankura_dw]" Schema="[dbo]" Table="[Projects]" Alias="[P]" Column="ProjectCompanyName" />
                                                                                                <ColumnReference Database="[ankura_dw]" Schema="[dbo]" Table="[Projects]" Alias="[P]" Column="ProjectDeptLevel4" />
                                                                                                <ColumnReference Database="[ankura_dw]" Schema="[dbo]" Table="[Projects]" Alias="[P]" Column="ProjectDeptLevel5" />
                                                                                                <ColumnReference Database="[ankura_dw]" Schema="[dbo]" Table="[Projects]" Alias="[P]" Column="CustomerName" />
                                                                                                <ColumnReference Database="[ankura_dw]" Schema="[dbo]" Table="[Projects]" Alias="[P]" Column="Project_Currency" />
                                                                                                <ColumnReference Database="[ankura_dw]" Schema="[dbo]" Table="[Projects]" Alias="[P]" Column="Retainer_Balance__USD" />
                                                                                                <ColumnReference Database="[ankura_dw]" Schema="[dbo]" Table="[Projects]" Alias="[P]" Column="SeniorProjectManagerNameFL" />
                                                                                                <ColumnReference Database="[ankura_dw]" Schema="[dbo]" Table="[Projects]" Alias="[P]" Column="ProjectBillerNameFL" />
                                                                                                <ColumnReference Database="[ankura_dw]" Schema="[dbo]" Table="[Projects]" Alias="[P]" Column="ProjectCostCenterId" />
                                                                                              </OutputList>
                                                                                              <TableScan Ordered="0" ForcedIndex="0" ForceScan="0" NoExpandHint="0" Storage="RowStore">
                                                                                                <DefinedValues>
                                                                                                  <DefinedValue>
                                                                                                    <ColumnReference Database="[ankura_dw]" Schema="[dbo]" Table="[Projects]" Alias="[P]" Column="ProjectId" />
                                                                                                  </DefinedValue>
                                                                                                  <DefinedValue>
                                                                                                    <ColumnReference Database="[ankura_dw]" Schema="[dbo]" Table="[Projects]" Alias="[P]" Column="ProjectName" />
                                                                                                  </DefinedValue>
                                                                                                  <DefinedValue>
                                                                                                    <ColumnReference Database="[ankura_dw]" Schema="[dbo]" Table="[Projects]" Alias="[P]" Column="ProjectManagerNameFL" />
                                                                                                  </DefinedValue>
                                                                                                  <DefinedValue>
                                                                                                    <ColumnReference Database="[ankura_dw]" Schema="[dbo]" Table="[Projects]" Alias="[P]" Column="ProjectCompanyName" />
                                                                                                  </DefinedValue>
                                                                                                  <DefinedValue>
                                                                                                    <ColumnReference Database="[ankura_dw]" Schema="[dbo]" Table="[Projects]" Alias="[P]" Column="ProjectDeptLevel4" />
                                                                                                  </DefinedValue>
                                                                                                  <DefinedValue>
                                                                                                    <ColumnReference Database="[ankura_dw]" Schema="[dbo]" Table="[Projects]" Alias="[P]" Column="ProjectDeptLevel5" />
                                                                                                  </DefinedValue>
                                                                                                  <DefinedValue>
                                                                                                    <ColumnReference Database="[ankura_dw]" Schema="[dbo]" Table="[Projects]" Alias="[P]" Column="CustomerName" />
                                                                                                  </DefinedValue>
                                                                                                  <DefinedValue>
                                                                                                    <ColumnReference Database="[ankura_dw]" Schema="[dbo]" Table="[Projects]" Alias="[P]" Column="Project_Currency" />
                                                                                                  </DefinedValue>
                                                                                                  <DefinedValue>
                                                                                                    <ColumnReference Database="[ankura_dw]" Schema="[dbo]" Table="[Projects]" Alias="[P]" Column="Retainer_Balance__USD" />
                                                                                                  </DefinedValue>
                                                                                                  <DefinedValue>
                                                                                                    <ColumnReference Database="[ankura_dw]" Schema="[dbo]" Table="[Projects]" Alias="[P]" Column="SeniorProjectManagerNameFL" />
                                                                                                  </DefinedValue>
                                                                                                  <DefinedValue>
                                                                                                    <ColumnReference Database="[ankura_dw]" Schema="[dbo]" Table="[Projects]" Alias="[P]" Column="ProjectBillerNameFL" />
                                                                                                  </DefinedValue>
                                                                                                  <DefinedValue>
                                                                                                    <ColumnReference Database="[ankura_dw]" Schema="[dbo]" Table="[Projects]" Alias="[P]" Column="ProjectCostCenterId" />
                                                                                                  </DefinedValue>
                                                                                                </DefinedValues>
                                                                                                <Object Database="[ankura_dw]" Schema="[dbo]" Table="[Projects]" Alias="[P]" IndexKind="Heap" Storage="RowStore" />
                                                                                              </TableScan>
                                                                                            </RelOp>
                                                                                          </Parallelism>
                                                                                        </RelOp>
                                                                                      </Sort>
                                                                                    </RelOp>
                                                                                  </Merge>
                                                                                </RelOp>
                                                                              </Parallelism>
                                                                            </RelOp>
                                                                          </Hash>
                                                                        </RelOp>
                                                                      </Parallelism>
                                                                    </RelOp>
                                                                  </ComputeScalar>
                                                                </RelOp>
                                                                <RelOp NodeId="45" PhysicalOp="Index Spool" LogicalOp="Lazy Spool" EstimateRows="1" EstimateIO="0.003125" EstimateCPU="0.00025903" AvgRowSize="15" EstimatedTotalSubtreeCost="2322.74" Parallel="1" EstimateRebinds="44044.6" EstimateRewinds="7.88466" EstimatedExecutionMode="Row">
                                                                  <OutputList>
                                                                    <ColumnReference Column="Expr1011" />
                                                                  </OutputList>
                                                                  <Spool>
                                                                    <SeekPredicateNew>
                                                                      <SeekKeys>
                                                                        <Prefix ScanType="EQ">
                                                                          <RangeColumns>
                                                                            <ColumnReference Database="[ankura_dw]" Schema="[dbo]" Table="[CustinvoiceSummaries]" Alias="[CIS]" Column="CustomerInvoiceID" />
                                                                          </RangeColumns>
                                                                          <RangeExpressions>
                                                                            <ScalarOperator ScalarString="[ankura_dw].[dbo].[CustinvoiceSummaries].[CustomerInvoiceID] as [CIS].[CustomerInvoiceID]">
                                                                              <Identifier>
                                                                                <ColumnReference Database="[ankura_dw]" Schema="[dbo]" Table="[CustinvoiceSummaries]" Alias="[CIS]" Column="CustomerInvoiceID" />
                                                                              </Identifier>
                                                                            </ScalarOperator>
                                                                          </RangeExpressions>
                                                                        </Prefix>
                                                                      </SeekKeys>
                                                                    </SeekPredicateNew>
                                                                    <RelOp NodeId="46" PhysicalOp="Stream Aggregate" LogicalOp="Aggregate" EstimateRows="1" EstimateIO="0" EstimateCPU="1.17036e-06" AvgRowSize="15" EstimatedTotalSubtreeCost="2310.5" Parallel="1" EstimateRebinds="40974.1" EstimateRewinds="0" EstimatedExecutionMode="Row">
                                                                      <OutputList>
                                                                        <ColumnReference Column="Expr1011" />
                                                                      </OutputList>
                                                                      <StreamAggregate>
                                                                        <DefinedValues>
                                                                          <DefinedValue>
                                                                            <ColumnReference Column="Expr1011" />
                                                                            <ScalarOperator ScalarString="MAX([ankura_dw].[dbo].[CustomerPaymentApplications].[PaymentDate] as [cpa].[PaymentDate])">
                                                                              <Aggregate Distinct="0" AggType="MAX">
                                                                                <ScalarOperator>
                                                                                  <Identifier>
                                                                                    <ColumnReference Database="[ankura_dw]" Schema="[dbo]" Table="[CustomerPaymentApplications]" Alias="[cpa]" Column="PaymentDate" />
                                                                                  </Identifier>
                                                                                </ScalarOperator>
                                                                              </Aggregate>
                                                                            </ScalarOperator>
                                                                          </DefinedValue>
                                                                        </DefinedValues>
                                                                        <RelOp NodeId="48" PhysicalOp="Table Scan" LogicalOp="Table Scan" EstimateRows="1.11726" EstimatedRowsRead="33510" EstimateIO="0.472092" EstimateCPU="0.0369395" AvgRowSize="46" EstimatedTotalSubtreeCost="1514.07" TableCardinality="33510" Parallel="1" EstimateRebinds="0" EstimateRewinds="40974.1" EstimatedExecutionMode="Row">
                                                                          <OutputList>
                                                                            <ColumnReference Database="[ankura_dw]" Schema="[dbo]" Table="[CustomerPaymentApplications]" Alias="[cpa]" Column="PaymentDate" />
                                                                          </OutputList>
                                                                          <TableScan Ordered="0" ForcedIndex="0" ForceScan="0" NoExpandHint="0" Storage="RowStore">
                                                                            <DefinedValues>
                                                                              <DefinedValue>
                                                                                <ColumnReference Database="[ankura_dw]" Schema="[dbo]" Table="[CustomerPaymentApplications]" Alias="[cpa]" Column="PaymentDate" />
                                                                              </DefinedValue>
                                                                            </DefinedValues>
                                                                            <Object Database="[ankura_dw]" Schema="[dbo]" Table="[CustomerPaymentApplications]" Alias="[cpa]" TableReferenceId="1" IndexKind="Heap" Storage="RowStore" />
                                                                            <Predicate>
                                                                              <ScalarOperator ScalarString="[ankura_dw].[dbo].[CustinvoiceSummaries].[CustomerInvoiceID] as [CIS].[CustomerInvoiceID]=substring([ankura_dw].[dbo].[CustomerPaymentApplications].[PaymentApplicationInvoice] as [cpa].[PaymentApplicationInvoice],(19),(30))">
                                                                                <Compare CompareOp="EQ">
                                                                                  <ScalarOperator>
                                                                                    <Identifier>
                                                                                      <ColumnReference Database="[ankura_dw]" Schema="[dbo]" Table="[CustinvoiceSummaries]" Alias="[CIS]" Column="CustomerInvoiceID" />
                                                                                    </Identifier>
                                                                                  </ScalarOperator>
                                                                                  <ScalarOperator>
                                                                                    <Intrinsic FunctionName="substring">
                                                                                      <ScalarOperator>
                                                                                        <Identifier>
                                                                                          <ColumnReference Database="[ankura_dw]" Schema="[dbo]" Table="[CustomerPaymentApplications]" Alias="[cpa]" Column="PaymentApplicationInvoice" />
                                                                                        </Identifier>
                                                                                      </ScalarOperator>
                                                                                      <ScalarOperator>
                                                                                        <Const ConstValue="(19)" />
                                                                                      </ScalarOperator>
                                                                                      <ScalarOperator>
                                                                                        <Const ConstValue="(30)" />
                                                                                      </ScalarOperator>
                                                                                    </Intrinsic>
                                                                                  </ScalarOperator>
                                                                                </Compare>
                                                                              </ScalarOperator>
                                                                            </Predicate>
                                                                          </TableScan>
                                                                        </RelOp>
                                                                      </StreamAggregate>
                                                                    </RelOp>
                                                                  </Spool>
                                                                </RelOp>
                                                              </NestedLoops>
                                                            </RelOp>
                                                            <RelOp NodeId="49" PhysicalOp="Compute Scalar" LogicalOp="Compute Scalar" EstimateRows="1" EstimateIO="0" EstimateCPU="0" AvgRowSize="24" EstimatedTotalSubtreeCost="128.827" Parallel="1" EstimateRebinds="44044.6" EstimateRewinds="7.88466" EstimatedExecutionMode="Row">
                                                              <OutputList>
                                                                <ColumnReference Column="Expr1016" />
                                                              </OutputList>
                                                              <ComputeScalar>
                                                                <DefinedValues>
                                                                  <DefinedValue>
                                                                    <ColumnReference Column="Expr1016" />
                                                                    <ScalarOperator ScalarString="CASE WHEN [Expr1095]=(0) THEN NULL ELSE [Expr1096] END">
                                                                      <IF>
                                                                        <Condition>
                                                                          <ScalarOperator>
                                                                            <Compare CompareOp="EQ">
                                                                              <ScalarOperator>
                                                                                <Identifier>
                                                                                  <ColumnReference Column="Expr1095" />
                                                                                </Identifier>
                                                                              </ScalarOperator>
                                                                              <ScalarOperator>
                                                                                <Const ConstValue="(0)" />
                                                                              </ScalarOperator>
                                                                            </Compare>
                                                                          </ScalarOperator>
                                                                        </Condition>
                                                                        <Then>
                                                                          <ScalarOperator>
                                                                            <Const ConstValue="NULL" />
                                                                          </ScalarOperator>
                                                                        </Then>
                                                                        <Else>
                                                                          <ScalarOperator>
                                                                            <Identifier>
                                                                              <ColumnReference Column="Expr1096" />
                                                                            </Identifier>
                                                                          </ScalarOperator>
                                                                        </Else>
                                                                      </IF>
                                                                    </ScalarOperator>
                                                                  </DefinedValue>
                                                                </DefinedValues>
                                                                <RelOp NodeId="50" PhysicalOp="Stream Aggregate" LogicalOp="Aggregate" EstimateRows="1" EstimateIO="0" EstimateCPU="1.1e-06" AvgRowSize="24" EstimatedTotalSubtreeCost="128.827" Parallel="1" EstimateRebinds="44044.6" EstimateRewinds="7.88466" EstimatedExecutionMode="Row">
                                                                  <OutputList>
                                                                    <ColumnReference Column="Expr1095" />
                                                                    <ColumnReference Column="Expr1096" />
                                                                  </OutputList>
                                                                  <StreamAggregate>
                                                                    <DefinedValues>
                                                                      <DefinedValue>
                                                                        <ColumnReference Column="Expr1095" />
                                                                        <ScalarOperator ScalarString="COUNT_BIG([ankura_dw].[dbo].[CustomerPaymentApplications].[PaymentApplicationAmount] as [cpa].[PaymentApplicationAmount])">
                                                                          <Aggregate Distinct="0" AggType="COUNT_BIG">
                                                                            <ScalarOperator>
                                                                              <Identifier>
                                                                                <ColumnReference Database="[ankura_dw]" Schema="[dbo]" Table="[CustomerPaymentApplications]" Alias="[cpa]" Column="PaymentApplicationAmount" />
                                                                              </Identifier>
                                                                            </ScalarOperator>
                                                                          </Aggregate>
                                                                        </ScalarOperator>
                                                                      </DefinedValue>
                                                                      <DefinedValue>
                                                                        <ColumnReference Column="Expr1096" />
                                                                        <ScalarOperator ScalarString="SUM([ankura_dw].[dbo].[CustomerPaymentApplications].[PaymentApplicationAmount] as [cpa].[PaymentApplicationAmount])">
                                                                          <Aggregate Distinct="0" AggType="SUM">
                                                                            <ScalarOperator>
                                                                              <Identifier>
                                                                                <ColumnReference Database="[ankura_dw]" Schema="[dbo]" Table="[CustomerPaymentApplications]" Alias="[cpa]" Column="PaymentApplicationAmount" />
                                                                              </Identifier>
                                                                            </ScalarOperator>
                                                                          </Aggregate>
                                                                        </ScalarOperator>
                                                                      </DefinedValue>
                                                                    </DefinedValues>
                                                                    <RelOp NodeId="51" PhysicalOp="Filter" LogicalOp="Filter" EstimateRows="1" EstimateIO="0" EstimateCPU="0.00107796" AvgRowSize="16" EstimatedTotalSubtreeCost="128.778" Parallel="1" EstimateRebinds="44044.6" EstimateRewinds="7.88466" EstimatedExecutionMode="Row">
                                                                      <OutputList>
                                                                        <ColumnReference Database="[ankura_dw]" Schema="[dbo]" Table="[CustomerPaymentApplications]" Alias="[cpa]" Column="PaymentApplicationAmount" />
                                                                      </OutputList>
                                                                      <Filter StartupExpression="0">
                                                                        <RelOp NodeId="52" PhysicalOp="Index Spool" LogicalOp="Eager Spool" EstimateRows="1382" EstimateIO="2.45593" EstimateCPU="0.0352872" AvgRowSize="70" EstimatedTotalSubtreeCost="81.2903" Parallel="1" EstimateRebinds="0" EstimateRewinds="44052.5" EstimatedExecutionMode="Row">
                                                                          <OutputList>
                                                                            <ColumnReference Database="[ankura_dw]" Schema="[dbo]" Table="[CustomerPaymentApplications]" Alias="[cpa]" Column="PaymentApplicationInvoice" />
                                                                            <ColumnReference Database="[ankura_dw]" Schema="[dbo]" Table="[CustomerPaymentApplications]" Alias="[cpa]" Column="PaymentApplicationAmount" />
                                                                          </OutputList>
                                                                          <Spool>
                                                                            <SeekPredicateNew>
                                                                              <SeekKeys>
                                                                                <StartRange ScanType="GE">
                                                                                  <RangeColumns>
                                                                                    <ColumnReference Database="[ankura_dw]" Schema="[dbo]" Table="[CustomerPaymentApplications]" Alias="[cpa]" Column="PaymentDate" />
                                                                                  </RangeColumns>
                                                                                  <RangeExpressions>
                                                                                    <ScalarOperator ScalarString="dateadd(day,(-31),CONVERT(date,getdate(),0))">
                                                                                      <Identifier>
                                                                                        <ColumnReference Column="ConstExpr1052">
                                                                                          <ScalarOperator>
                                                                                            <Intrinsic FunctionName="dateadd">
                                                                                              <ScalarOperator>
                                                                                                <Const ConstValue="(4)" />
                                                                                              </ScalarOperator>
                                                                                              <ScalarOperator>
                                                                                                <Const ConstValue="(-31)" />
                                                                                              </ScalarOperator>
                                                                                              <ScalarOperator>
                                                                                                <Convert DataType="date" Style="0" Implicit="0">
                                                                                                  <ScalarOperator>
                                                                                                    <Intrinsic FunctionName="getdate" />
                                                                                                  </ScalarOperator>
                                                                                                </Convert>
                                                                                              </ScalarOperator>
                                                                                            </Intrinsic>
                                                                                          </ScalarOperator>
                                                                                        </ColumnReference>
                                                                                      </Identifier>
                                                                                    </ScalarOperator>
                                                                                  </RangeExpressions>
                                                                                </StartRange>
                                                                              </SeekKeys>
                                                                            </SeekPredicateNew>
                                                                            <RelOp NodeId="53" PhysicalOp="Table Scan" LogicalOp="Table Scan" EstimateRows="33510" EstimatedRowsRead="33510" EstimateIO="0.472014" EstimateCPU="0.037018" AvgRowSize="78" EstimatedTotalSubtreeCost="0.509032" TableCardinality="33510" Parallel="1" EstimateRebinds="0" EstimateRewinds="0" EstimatedExecutionMode="Row">
                                                                              <OutputList>
                                                                                <ColumnReference Database="[ankura_dw]" Schema="[dbo]" Table="[CustomerPaymentApplications]" Alias="[cpa]" Column="PaymentApplicationInvoice" />
                                                                                <ColumnReference Database="[ankura_dw]" Schema="[dbo]" Table="[CustomerPaymentApplications]" Alias="[cpa]" Column="PaymentApplicationAmount" />
                                                                                <ColumnReference Database="[ankura_dw]" Schema="[dbo]" Table="[CustomerPaymentApplications]" Alias="[cpa]" Column="PaymentDate" />
                                                                              </OutputList>
                                                                              <TableScan Ordered="0" ForcedIndex="0" ForceScan="0" NoExpandHint="0" Storage="RowStore">
                                                                                <DefinedValues>
                                                                                  <DefinedValue>
                                                                                    <ColumnReference Database="[ankura_dw]" Schema="[dbo]" Table="[CustomerPaymentApplications]" Alias="[cpa]" Column="PaymentApplicationInvoice" />
                                                                                  </DefinedValue>
                                                                                  <DefinedValue>
                                                                                    <ColumnReference Database="[ankura_dw]" Schema="[dbo]" Table="[CustomerPaymentApplications]" Alias="[cpa]" Column="PaymentApplicationAmount" />
                                                                                  </DefinedValue>
                                                                                  <DefinedValue>
                                                                                    <ColumnReference Database="[ankura_dw]" Schema="[dbo]" Table="[CustomerPaymentApplications]" Alias="[cpa]" Column="PaymentDate" />
                                                                                  </DefinedValue>
                                                                                </DefinedValues>
                                                                                <Object Database="[ankura_dw]" Schema="[dbo]" Table="[CustomerPaymentApplications]" Alias="[cpa]" TableReferenceId="2" IndexKind="Heap" Storage="RowStore" />
                                                                              </TableScan>
                                                                            </RelOp>
                                                                          </Spool>
                                                                        </RelOp>
                                                                        <Predicate>
                                                                          <ScalarOperator ScalarString="[ankura_dw].[dbo].[CustinvoiceSummaries].[CustomerInvoiceID] as [CIS].[CustomerInvoiceID]=substring([ankura_dw].[dbo].[CustomerPaymentApplications].[PaymentApplicationInvoice] as [cpa].[PaymentApplicationInvoice],(19),(30))">
                                                                            <Compare CompareOp="EQ">
                                                                              <ScalarOperator>
                                                                                <Identifier>
                                                                                  <ColumnReference Database="[ankura_dw]" Schema="[dbo]" Table="[CustinvoiceSummaries]" Alias="[CIS]" Column="CustomerInvoiceID" />
                                                                                </Identifier>
                                                                              </ScalarOperator>
                                                                              <ScalarOperator>
                                                                                <Intrinsic FunctionName="substring">
                                                                                  <ScalarOperator>
                                                                                    <Identifier>
                                                                                      <ColumnReference Database="[ankura_dw]" Schema="[dbo]" Table="[CustomerPaymentApplications]" Alias="[cpa]" Column="PaymentApplicationInvoice" />
                                                                                    </Identifier>
                                                                                  </ScalarOperator>
                                                                                  <ScalarOperator>
                                                                                    <Const ConstValue="(19)" />
                                                                                  </ScalarOperator>
                                                                                  <ScalarOperator>
                                                                                    <Const ConstValue="(30)" />
                                                                                  </ScalarOperator>
                                                                                </Intrinsic>
                                                                              </ScalarOperator>
                                                                            </Compare>
                                                                          </ScalarOperator>
                                                                        </Predicate>
                                                                      </Filter>
                                                                    </RelOp>
                                                                  </StreamAggregate>
                                                                </RelOp>
                                                              </ComputeScalar>
                                                            </RelOp>
                                                          </NestedLoops>
                                                        </RelOp>
                                                      </Parallelism>
                                                    </RelOp>
                                                    <RelOp NodeId="54" PhysicalOp="Index Spool" LogicalOp="Lazy Spool" EstimateRows="1" EstimateIO="0.003125" EstimateCPU="0.00025903" AvgRowSize="24" EstimatedTotalSubtreeCost="800.494" Parallel="1" EstimateRebinds="44044.6" EstimateRewinds="7.88466" EstimatedExecutionMode="Row">
                                                      <OutputList>
                                                        <ColumnReference Column="Expr1021" />
                                                      </OutputList>
                                                      <Spool>
                                                        <SeekPredicateNew>
                                                          <SeekKeys>
                                                            <Prefix ScanType="EQ">
                                                              <RangeColumns>
                                                                <ColumnReference Database="[ankura_dw]" Schema="[dbo]" Table="[CustinvoiceSummaries]" Alias="[CIS]" Column="CustomerInvoiceID" />
                                                                <ColumnReference Column="ConstExpr1053" />
                                                              </RangeColumns>
                                                              <RangeExpressions>
                                                                <ScalarOperator ScalarString="[ankura_dw].[dbo].[CustinvoiceSummaries].[CustomerInvoiceID] as [CIS].[CustomerInvoiceID]">
                                                                  <Identifier>
                                                                    <ColumnReference Database="[ankura_dw]" Schema="[dbo]" Table="[CustinvoiceSummaries]" Alias="[CIS]" Column="CustomerInvoiceID" />
                                                                  </Identifier>
                                                                </ScalarOperator>
                                                                <ScalarOperator ScalarString="datefromparts(datepart(year,dateadd(day,(-1),CONVERT(date,getdate(),0))),datepart(month,dateadd(day,(-1),CONVERT(date,getdate(),0))),(1))">
                                                                  <Identifier>
                                                                    <ColumnReference Column="ConstExpr1053">
                                                                      <ScalarOperator>
                                                                        <Intrinsic FunctionName="datefromparts">
                                                                          <ScalarOperator>
                                                                            <Intrinsic FunctionName="datepart">
                                                                              <ScalarOperator>
                                                                                <Const ConstValue="(0)" />
                                                                              </ScalarOperator>
                                                                              <ScalarOperator>
                                                                                <Intrinsic FunctionName="dateadd">
                                                                                  <ScalarOperator>
                                                                                    <Const ConstValue="(4)" />
                                                                                  </ScalarOperator>
                                                                                  <ScalarOperator>
                                                                                    <Const ConstValue="(-1)" />
                                                                                  </ScalarOperator>
                                                                                  <ScalarOperator>
                                                                                    <Convert DataType="date" Style="0" Implicit="0">
                                                                                      <ScalarOperator>
                                                                                        <Intrinsic FunctionName="getdate" />
                                                                                      </ScalarOperator>
                                                                                    </Convert>
                                                                                  </ScalarOperator>
                                                                                </Intrinsic>
                                                                              </ScalarOperator>
                                                                            </Intrinsic>
                                                                          </ScalarOperator>
                                                                          <ScalarOperator>
                                                                            <Intrinsic FunctionName="datepart">
                                                                              <ScalarOperator>
                                                                                <Const ConstValue="(2)" />
                                                                              </ScalarOperator>
                                                                              <ScalarOperator>
                                                                                <Intrinsic FunctionName="dateadd">
                                                                                  <ScalarOperator>
                                                                                    <Const ConstValue="(4)" />
                                                                                  </ScalarOperator>
                                                                                  <ScalarOperator>
                                                                                    <Const ConstValue="(-1)" />
                                                                                  </ScalarOperator>
                                                                                  <ScalarOperator>
                                                                                    <Convert DataType="date" Style="0" Implicit="0">
                                                                                      <ScalarOperator>
                                                                                        <Intrinsic FunctionName="getdate" />
                                                                                      </ScalarOperator>
                                                                                    </Convert>
                                                                                  </ScalarOperator>
                                                                                </Intrinsic>
                                                                              </ScalarOperator>
                                                                            </Intrinsic>
                                                                          </ScalarOperator>
                                                                          <ScalarOperator>
                                                                            <Const ConstValue="(1)" />
                                                                          </ScalarOperator>
                                                                        </Intrinsic>
                                                                      </ScalarOperator>
                                                                    </ColumnReference>
                                                                  </Identifier>
                                                                </ScalarOperator>
                                                              </RangeExpressions>
                                                            </Prefix>
                                                          </SeekKeys>
                                                        </SeekPredicateNew>
                                                        <RelOp NodeId="55" PhysicalOp="Compute Scalar" LogicalOp="Compute Scalar" EstimateRows="1" EstimateIO="0" EstimateCPU="0" AvgRowSize="24" EstimatedTotalSubtreeCost="788.058" Parallel="1" EstimateRebinds="40974.1" EstimateRewinds="0" EstimatedExecutionMode="Row">
                                                          <OutputList>
                                                            <ColumnReference Column="Expr1021" />
                                                          </OutputList>
                                                          <ComputeScalar>
                                                            <DefinedValues>
                                                              <DefinedValue>
                                                                <ColumnReference Column="Expr1021" />
                                                                <ScalarOperator ScalarString="CASE WHEN [Expr1097]=(0) THEN NULL ELSE [Expr1098] END">
                                                                  <IF>
                                                                    <Condition>
                                                                      <ScalarOperator>
                                                                        <Compare CompareOp="EQ">
                                                                          <ScalarOperator>
                                                                            <Identifier>
                                                                              <ColumnReference Column="Expr1097" />
                                                                            </Identifier>
                                                                          </ScalarOperator>
                                                                          <ScalarOperator>
                                                                            <Const ConstValue="(0)" />
                                                                          </ScalarOperator>
                                                                        </Compare>
                                                                      </ScalarOperator>
                                                                    </Condition>
                                                                    <Then>
                                                                      <ScalarOperator>
                                                                        <Const ConstValue="NULL" />
                                                                      </ScalarOperator>
                                                                    </Then>
                                                                    <Else>
                                                                      <ScalarOperator>
                                                                        <Identifier>
                                                                          <ColumnReference Column="Expr1098" />
                                                                        </Identifier>
                                                                      </ScalarOperator>
                                                                    </Else>
                                                                  </IF>
                                                                </ScalarOperator>
                                                              </DefinedValue>
                                                            </DefinedValues>
                                                            <RelOp NodeId="56" PhysicalOp="Stream Aggregate" LogicalOp="Aggregate" EstimateRows="1" EstimateIO="0" EstimateCPU="1.1e-06" AvgRowSize="24" EstimatedTotalSubtreeCost="788.058" Parallel="1" EstimateRebinds="40974.1" EstimateRewinds="0" EstimatedExecutionMode="Row">
                                                              <OutputList>
                                                                <ColumnReference Column="Expr1097" />
                                                                <ColumnReference Column="Expr1098" />
                                                              </OutputList>
                                                              <StreamAggregate>
                                                                <DefinedValues>
                                                                  <DefinedValue>
                                                                    <ColumnReference Column="Expr1097" />
                                                                    <ScalarOperator ScalarString="COUNT_BIG([ankura_dw].[dbo].[CustomerPaymentApplications].[PaymentApplicationAmount] as [cpa].[PaymentApplicationAmount])">
                                                                      <Aggregate Distinct="0" AggType="COUNT_BIG">
                                                                        <ScalarOperator>
                                                                          <Identifier>
                                                                            <ColumnReference Database="[ankura_dw]" Schema="[dbo]" Table="[CustomerPaymentApplications]" Alias="[cpa]" Column="PaymentApplicationAmount" />
                                                                          </Identifier>
                                                                        </ScalarOperator>
                                                                      </Aggregate>
                                                                    </ScalarOperator>
                                                                  </DefinedValue>
                                                                  <DefinedValue>
                                                                    <ColumnReference Column="Expr1098" />
                                                                    <ScalarOperator ScalarString="SUM([ankura_dw].[dbo].[CustomerPaymentApplications].[PaymentApplicationAmount] as [cpa].[PaymentApplicationAmount])">
                                                                      <Aggregate Distinct="0" AggType="SUM">
                                                                        <ScalarOperator>
                                                                          <Identifier>
                                                                            <ColumnReference Database="[ankura_dw]" Schema="[dbo]" Table="[CustomerPaymentApplications]" Alias="[cpa]" Column="PaymentApplicationAmount" />
                                                                          </Identifier>
                                                                        </ScalarOperator>
                                                                      </Aggregate>
                                                                    </ScalarOperator>
                                                                  </DefinedValue>
                                                                </DefinedValues>
                                                                <RelOp NodeId="57" PhysicalOp="Filter" LogicalOp="Filter" EstimateRows="1" EstimateIO="0" EstimateCPU="0.00784134" AvgRowSize="16" EstimatedTotalSubtreeCost="788.013" Parallel="1" EstimateRebinds="40974.1" EstimateRewinds="0" EstimatedExecutionMode="Row">
                                                                  <OutputList>
                                                                    <ColumnReference Database="[ankura_dw]" Schema="[dbo]" Table="[CustomerPaymentApplications]" Alias="[cpa]" Column="PaymentApplicationAmount" />
                                                                  </OutputList>
                                                                  <Filter StartupExpression="0">
                                                                    <RelOp NodeId="58" PhysicalOp="Index Spool" LogicalOp="Eager Spool" EstimateRows="10053" EstimateIO="2.52556" EstimateCPU="0.0448253" AvgRowSize="70" EstimatedTotalSubtreeCost="466.713" Parallel="1" EstimateRebinds="0" EstimateRewinds="40974.1" EstimatedExecutionMode="Row">
                                                                      <OutputList>
                                                                        <ColumnReference Database="[ankura_dw]" Schema="[dbo]" Table="[CustomerPaymentApplications]" Alias="[cpa]" Column="PaymentApplicationInvoice" />
                                                                        <ColumnReference Database="[ankura_dw]" Schema="[dbo]" Table="[CustomerPaymentApplications]" Alias="[cpa]" Column="PaymentApplicationAmount" />
                                                                      </OutputList>
                                                                      <Spool>
                                                                        <SeekPredicateNew>
                                                                          <SeekKeys>
                                                                            <StartRange ScanType="GE">
                                                                              <RangeColumns>
                                                                                <ColumnReference Database="[ankura_dw]" Schema="[dbo]" Table="[CustomerPaymentApplications]" Alias="[cpa]" Column="PaymentDate" />
                                                                              </RangeColumns>
                                                                              <RangeExpressions>
                                                                                <ScalarOperator ScalarString="datefromparts(datepart(year,dateadd(day,(-1),CONVERT(date,getdate(),0))),datepart(month,dateadd(day,(-1),CONVERT(date,getdate(),0))),(1))">
                                                                                  <Identifier>
                                                                                    <ColumnReference Column="ConstExpr1053">
                                                                                      <ScalarOperator>
                                                                                        <Intrinsic FunctionName="datefromparts">
                                                                                          <ScalarOperator>
                                                                                            <Intrinsic FunctionName="datepart">
                                                                                              <ScalarOperator>
                                                                                                <Const ConstValue="(0)" />
                                                                                              </ScalarOperator>
                                                                                              <ScalarOperator>
                                                                                                <Intrinsic FunctionName="dateadd">
                                                                                                  <ScalarOperator>
                                                                                                    <Const ConstValue="(4)" />
                                                                                                  </ScalarOperator>
                                                                                                  <ScalarOperator>
                                                                                                    <Const ConstValue="(-1)" />
                                                                                                  </ScalarOperator>
                                                                                                  <ScalarOperator>
                                                                                                    <Convert DataType="date" Style="0" Implicit="0">
                                                                                                      <ScalarOperator>
                                                                                                        <Intrinsic FunctionName="getdate" />
                                                                                                      </ScalarOperator>
                                                                                                    </Convert>
                                                                                                  </ScalarOperator>
                                                                                                </Intrinsic>
                                                                                              </ScalarOperator>
                                                                                            </Intrinsic>
                                                                                          </ScalarOperator>
                                                                                          <ScalarOperator>
                                                                                            <Intrinsic FunctionName="datepart">
                                                                                              <ScalarOperator>
                                                                                                <Const ConstValue="(2)" />
                                                                                              </ScalarOperator>
                                                                                              <ScalarOperator>
                                                                                                <Intrinsic FunctionName="dateadd">
                                                                                                  <ScalarOperator>
                                                                                                    <Const ConstValue="(4)" />
                                                                                                  </ScalarOperator>
                                                                                                  <ScalarOperator>
                                                                                                    <Const ConstValue="(-1)" />
                                                                                                  </ScalarOperator>
                                                                                                  <ScalarOperator>
                                                                                                    <Convert DataType="date" Style="0" Implicit="0">
                                                                                                      <ScalarOperator>
                                                                                                        <Intrinsic FunctionName="getdate" />
                                                                                                      </ScalarOperator>
                                                                                                    </Convert>
                                                                                                  </ScalarOperator>
                                                                                                </Intrinsic>
                                                                                              </ScalarOperator>
                                                                                            </Intrinsic>
                                                                                          </ScalarOperator>
                                                                                          <ScalarOperator>
                                                                                            <Const ConstValue="(1)" />
                                                                                          </ScalarOperator>
                                                                                        </Intrinsic>
                                                                                      </ScalarOperator>
                                                                                    </ColumnReference>
                                                                                  </Identifier>
                                                                                </ScalarOperator>
                                                                              </RangeExpressions>
                                                                            </StartRange>
                                                                          </SeekKeys>
                                                                        </SeekPredicateNew>
                                                                        <RelOp NodeId="59" PhysicalOp="Table Scan" LogicalOp="Table Scan" EstimateRows="33510" EstimatedRowsRead="33510" EstimateIO="0.472014" EstimateCPU="0.037018" AvgRowSize="78" EstimatedTotalSubtreeCost="0.509032" TableCardinality="33510" Parallel="1" EstimateRebinds="0" EstimateRewinds="0" EstimatedExecutionMode="Row">
                                                                          <OutputList>
                                                                            <ColumnReference Database="[ankura_dw]" Schema="[dbo]" Table="[CustomerPaymentApplications]" Alias="[cpa]" Column="PaymentApplicationInvoice" />
                                                                            <ColumnReference Database="[ankura_dw]" Schema="[dbo]" Table="[CustomerPaymentApplications]" Alias="[cpa]" Column="PaymentApplicationAmount" />
                                                                            <ColumnReference Database="[ankura_dw]" Schema="[dbo]" Table="[CustomerPaymentApplications]" Alias="[cpa]" Column="PaymentDate" />
                                                                          </OutputList>
                                                                          <TableScan Ordered="0" ForcedIndex="0" ForceScan="0" NoExpandHint="0" Storage="RowStore">
                                                                            <DefinedValues>
                                                                              <DefinedValue>
                                                                                <ColumnReference Database="[ankura_dw]" Schema="[dbo]" Table="[CustomerPaymentApplications]" Alias="[cpa]" Column="PaymentApplicationInvoice" />
                                                                              </DefinedValue>
                                                                              <DefinedValue>
                                                                                <ColumnReference Database="[ankura_dw]" Schema="[dbo]" Table="[CustomerPaymentApplications]" Alias="[cpa]" Column="PaymentApplicationAmount" />
                                                                              </DefinedValue>
                                                                              <DefinedValue>
                                                                                <ColumnReference Database="[ankura_dw]" Schema="[dbo]" Table="[CustomerPaymentApplications]" Alias="[cpa]" Column="PaymentDate" />
                                                                              </DefinedValue>
                                                                            </DefinedValues>
                                                                            <Object Database="[ankura_dw]" Schema="[dbo]" Table="[CustomerPaymentApplications]" Alias="[cpa]" TableReferenceId="3" IndexKind="Heap" Storage="RowStore" />
                                                                          </TableScan>
                                                                        </RelOp>
                                                                      </Spool>
                                                                    </RelOp>
                                                                    <Predicate>
                                                                      <ScalarOperator ScalarString="[ankura_dw].[dbo].[CustinvoiceSummaries].[CustomerInvoiceID] as [CIS].[CustomerInvoiceID]=substring([ankura_dw].[dbo].[CustomerPaymentApplications].[PaymentApplicationInvoice] as [cpa].[PaymentApplicationInvoice],(19),(30))">
                                                                        <Compare CompareOp="EQ">
                                                                          <ScalarOperator>
                                                                            <Identifier>
                                                                              <ColumnReference Database="[ankura_dw]" Schema="[dbo]" Table="[CustinvoiceSummaries]" Alias="[CIS]" Column="CustomerInvoiceID" />
                                                                            </Identifier>
                                                                          </ScalarOperator>
                                                                          <ScalarOperator>
                                                                            <Intrinsic FunctionName="substring">
                                                                              <ScalarOperator>
                                                                                <Identifier>
                                                                                  <ColumnReference Database="[ankura_dw]" Schema="[dbo]" Table="[CustomerPaymentApplications]" Alias="[cpa]" Column="PaymentApplicationInvoice" />
                                                                                </Identifier>
                                                                              </ScalarOperator>
                                                                              <ScalarOperator>
                                                                                <Const ConstValue="(19)" />
                                                                              </ScalarOperator>
                                                                              <ScalarOperator>
                                                                                <Const ConstValue="(30)" />
                                                                              </ScalarOperator>
                                                                            </Intrinsic>
                                                                          </ScalarOperator>
                                                                        </Compare>
                                                                      </ScalarOperator>
                                                                    </Predicate>
                                                                  </Filter>
                                                                </RelOp>
                                                              </StreamAggregate>
                                                            </RelOp>
                                                          </ComputeScalar>
                                                        </RelOp>
                                                      </Spool>
                                                    </RelOp>
                                                  </NestedLoops>
                                                </RelOp>
                                                <RelOp NodeId="60" PhysicalOp="Compute Scalar" LogicalOp="Compute Scalar" EstimateRows="1" EstimateIO="0" EstimateCPU="0" AvgRowSize="24" EstimatedTotalSubtreeCost="128.827" Parallel="1" EstimateRebinds="44044.6" EstimateRewinds="7.88466" EstimatedExecutionMode="Row">
                                                  <OutputList>
                                                    <ColumnReference Column="Expr1026" />
                                                  </OutputList>
                                                  <ComputeScalar>
                                                    <DefinedValues>
                                                      <DefinedValue>
                                                        <ColumnReference Column="Expr1026" />
                                                        <ScalarOperator ScalarString="CASE WHEN [Expr1099]=(0) THEN NULL ELSE [Expr1100] END">
                                                          <IF>
                                                            <Condition>
                                                              <ScalarOperator>
                                                                <Compare CompareOp="EQ">
                                                                  <ScalarOperator>
                                                                    <Identifier>
                                                                      <ColumnReference Column="Expr1099" />
                                                                    </Identifier>
                                                                  </ScalarOperator>
                                                                  <ScalarOperator>
                                                                    <Const ConstValue="(0)" />
                                                                  </ScalarOperator>
                                                                </Compare>
                                                              </ScalarOperator>
                                                            </Condition>
                                                            <Then>
                                                              <ScalarOperator>
                                                                <Const ConstValue="NULL" />
                                                              </ScalarOperator>
                                                            </Then>
                                                            <Else>
                                                              <ScalarOperator>
                                                                <Identifier>
                                                                  <ColumnReference Column="Expr1100" />
                                                                </Identifier>
                                                              </ScalarOperator>
                                                            </Else>
                                                          </IF>
                                                        </ScalarOperator>
                                                      </DefinedValue>
                                                    </DefinedValues>
                                                    <RelOp NodeId="61" PhysicalOp="Stream Aggregate" LogicalOp="Aggregate" EstimateRows="1" EstimateIO="0" EstimateCPU="1.1e-06" AvgRowSize="24" EstimatedTotalSubtreeCost="128.827" Parallel="1" EstimateRebinds="44044.6" EstimateRewinds="7.88466" EstimatedExecutionMode="Row">
                                                      <OutputList>
                                                        <ColumnReference Column="Expr1099" />
                                                        <ColumnReference Column="Expr1100" />
                                                      </OutputList>
                                                      <StreamAggregate>
                                                        <DefinedValues>
                                                          <DefinedValue>
                                                            <ColumnReference Column="Expr1099" />
                                                            <ScalarOperator ScalarString="COUNT_BIG([ankura_dw].[dbo].[CustomerPaymentApplications].[PaymentApplicationAmountInUSD] as [cpa].[PaymentApplicationAmountInUSD])">
                                                              <Aggregate Distinct="0" AggType="COUNT_BIG">
                                                                <ScalarOperator>
                                                                  <Identifier>
                                                                    <ColumnReference Database="[ankura_dw]" Schema="[dbo]" Table="[CustomerPaymentApplications]" Alias="[cpa]" Column="PaymentApplicationAmountInUSD" />
                                                                  </Identifier>
                                                                </ScalarOperator>
                                                              </Aggregate>
                                                            </ScalarOperator>
                                                          </DefinedValue>
                                                          <DefinedValue>
                                                            <ColumnReference Column="Expr1100" />
                                                            <ScalarOperator ScalarString="SUM([ankura_dw].[dbo].[CustomerPaymentApplications].[PaymentApplicationAmountInUSD] as [cpa].[PaymentApplicationAmountInUSD])">
                                                              <Aggregate Distinct="0" AggType="SUM">
                                                                <ScalarOperator>
                                                                  <Identifier>
                                                                    <ColumnReference Database="[ankura_dw]" Schema="[dbo]" Table="[CustomerPaymentApplications]" Alias="[cpa]" Column="PaymentApplicationAmountInUSD" />
                                                                  </Identifier>
                                                                </ScalarOperator>
                                                              </Aggregate>
                                                            </ScalarOperator>
                                                          </DefinedValue>
                                                        </DefinedValues>
                                                        <RelOp NodeId="62" PhysicalOp="Filter" LogicalOp="Filter" EstimateRows="1" EstimateIO="0" EstimateCPU="0.00107796" AvgRowSize="16" EstimatedTotalSubtreeCost="128.778" Parallel="1" EstimateRebinds="44044.6" EstimateRewinds="7.88466" EstimatedExecutionMode="Row">
                                                          <OutputList>
                                                            <ColumnReference Database="[ankura_dw]" Schema="[dbo]" Table="[CustomerPaymentApplications]" Alias="[cpa]" Column="PaymentApplicationAmountInUSD" />
                                                          </OutputList>
                                                          <Filter StartupExpression="0">
                                                            <RelOp NodeId="63" PhysicalOp="Index Spool" LogicalOp="Eager Spool" EstimateRows="1382" EstimateIO="2.45593" EstimateCPU="0.0352872" AvgRowSize="70" EstimatedTotalSubtreeCost="81.2903" Parallel="1" EstimateRebinds="0" EstimateRewinds="44052.5" EstimatedExecutionMode="Row">
                                                              <OutputList>
                                                                <ColumnReference Database="[ankura_dw]" Schema="[dbo]" Table="[CustomerPaymentApplications]" Alias="[cpa]" Column="PaymentApplicationInvoice" />
                                                                <ColumnReference Database="[ankura_dw]" Schema="[dbo]" Table="[CustomerPaymentApplications]" Alias="[cpa]" Column="PaymentApplicationAmountInUSD" />
                                                              </OutputList>
                                                              <Spool>
                                                                <SeekPredicateNew>
                                                                  <SeekKeys>
                                                                    <StartRange ScanType="GE">
                                                                      <RangeColumns>
                                                                        <ColumnReference Database="[ankura_dw]" Schema="[dbo]" Table="[CustomerPaymentApplications]" Alias="[cpa]" Column="PaymentDate" />
                                                                      </RangeColumns>
                                                                      <RangeExpressions>
                                                                        <ScalarOperator ScalarString="dateadd(day,(-31),CONVERT(date,getdate(),0))">
                                                                          <Identifier>
                                                                            <ColumnReference Column="ConstExpr1054">
                                                                              <ScalarOperator>
                                                                                <Intrinsic FunctionName="dateadd">
                                                                                  <ScalarOperator>
                                                                                    <Const ConstValue="(4)" />
                                                                                  </ScalarOperator>
                                                                                  <ScalarOperator>
                                                                                    <Const ConstValue="(-31)" />
                                                                                  </ScalarOperator>
                                                                                  <ScalarOperator>
                                                                                    <Convert DataType="date" Style="0" Implicit="0">
                                                                                      <ScalarOperator>
                                                                                        <Intrinsic FunctionName="getdate" />
                                                                                      </ScalarOperator>
                                                                                    </Convert>
                                                                                  </ScalarOperator>
                                                                                </Intrinsic>
                                                                              </ScalarOperator>
                                                                            </ColumnReference>
                                                                          </Identifier>
                                                                        </ScalarOperator>
                                                                      </RangeExpressions>
                                                                    </StartRange>
                                                                  </SeekKeys>
                                                                </SeekPredicateNew>
                                                                <RelOp NodeId="64" PhysicalOp="Table Scan" LogicalOp="Table Scan" EstimateRows="33510" EstimatedRowsRead="33510" EstimateIO="0.472014" EstimateCPU="0.037018" AvgRowSize="78" EstimatedTotalSubtreeCost="0.509032" TableCardinality="33510" Parallel="1" EstimateRebinds="0" EstimateRewinds="0" EstimatedExecutionMode="Row">
                                                                  <OutputList>
                                                                    <ColumnReference Database="[ankura_dw]" Schema="[dbo]" Table="[CustomerPaymentApplications]" Alias="[cpa]" Column="PaymentApplicationInvoice" />
                                                                    <ColumnReference Database="[ankura_dw]" Schema="[dbo]" Table="[CustomerPaymentApplications]" Alias="[cpa]" Column="PaymentApplicationAmountInUSD" />
                                                                    <ColumnReference Database="[ankura_dw]" Schema="[dbo]" Table="[CustomerPaymentApplications]" Alias="[cpa]" Column="PaymentDate" />
                                                                  </OutputList>
                                                                  <TableScan Ordered="0" ForcedIndex="0" ForceScan="0" NoExpandHint="0" Storage="RowStore">
                                                                    <DefinedValues>
                                                                      <DefinedValue>
                                                                        <ColumnReference Database="[ankura_dw]" Schema="[dbo]" Table="[CustomerPaymentApplications]" Alias="[cpa]" Column="PaymentApplicationInvoice" />
                                                                      </DefinedValue>
                                                                      <DefinedValue>
                                                                        <ColumnReference Database="[ankura_dw]" Schema="[dbo]" Table="[CustomerPaymentApplications]" Alias="[cpa]" Column="PaymentApplicationAmountInUSD" />
                                                                      </DefinedValue>
                                                                      <DefinedValue>
                                                                        <ColumnReference Database="[ankura_dw]" Schema="[dbo]" Table="[CustomerPaymentApplications]" Alias="[cpa]" Column="PaymentDate" />
                                                                      </DefinedValue>
                                                                    </DefinedValues>
                                                                    <Object Database="[ankura_dw]" Schema="[dbo]" Table="[CustomerPaymentApplications]" Alias="[cpa]" TableReferenceId="4" IndexKind="Heap" Storage="RowStore" />
                                                                  </TableScan>
                                                                </RelOp>
                                                              </Spool>
                                                            </RelOp>
                                                            <Predicate>
                                                              <ScalarOperator ScalarString="[ankura_dw].[dbo].[CustinvoiceSummaries].[CustomerInvoiceID] as [CIS].[CustomerInvoiceID]=substring([ankura_dw].[dbo].[CustomerPaymentApplications].[PaymentApplicationInvoice] as [cpa].[PaymentApplicationInvoice],(19),(30))">
                                                                <Compare CompareOp="EQ">
                                                                  <ScalarOperator>
                                                                    <Identifier>
                                                                      <ColumnReference Database="[ankura_dw]" Schema="[dbo]" Table="[CustinvoiceSummaries]" Alias="[CIS]" Column="CustomerInvoiceID" />
                                                                    </Identifier>
                                                                  </ScalarOperator>
                                                                  <ScalarOperator>
                                                                    <Intrinsic FunctionName="substring">
                                                                      <ScalarOperator>
                                                                        <Identifier>
                                                                          <ColumnReference Database="[ankura_dw]" Schema="[dbo]" Table="[CustomerPaymentApplications]" Alias="[cpa]" Column="PaymentApplicationInvoice" />
                                                                        </Identifier>
                                                                      </ScalarOperator>
                                                                      <ScalarOperator>
                                                                        <Const ConstValue="(19)" />
                                                                      </ScalarOperator>
                                                                      <ScalarOperator>
                                                                        <Const ConstValue="(30)" />
                                                                      </ScalarOperator>
                                                                    </Intrinsic>
                                                                  </ScalarOperator>
                                                                </Compare>
                                                              </ScalarOperator>
                                                            </Predicate>
                                                          </Filter>
                                                        </RelOp>
                                                      </StreamAggregate>
                                                    </RelOp>
                                                  </ComputeScalar>
                                                </RelOp>
                                              </NestedLoops>
                                            </RelOp>
                                          </Parallelism>
                                        </RelOp>
                                        <RelOp NodeId="65" PhysicalOp="Index Spool" LogicalOp="Lazy Spool" EstimateRows="1" EstimateIO="0.003125" EstimateCPU="0.00025903" AvgRowSize="24" EstimatedTotalSubtreeCost="800.494" Parallel="1" EstimateRebinds="44044.6" EstimateRewinds="7.88466" EstimatedExecutionMode="Row">
                                          <OutputList>
                                            <ColumnReference Column="Expr1031" />
                                          </OutputList>
                                          <Spool>
                                            <SeekPredicateNew>
                                              <SeekKeys>
                                                <Prefix ScanType="EQ">
                                                  <RangeColumns>
                                                    <ColumnReference Database="[ankura_dw]" Schema="[dbo]" Table="[CustinvoiceSummaries]" Alias="[CIS]" Column="CustomerInvoiceID" />
                                                    <ColumnReference Column="ConstExpr1055" />
                                                  </RangeColumns>
                                                  <RangeExpressions>
                                                    <ScalarOperator ScalarString="[ankura_dw].[dbo].[CustinvoiceSummaries].[CustomerInvoiceID] as [CIS].[CustomerInvoiceID]">
                                                      <Identifier>
                                                        <ColumnReference Database="[ankura_dw]" Schema="[dbo]" Table="[CustinvoiceSummaries]" Alias="[CIS]" Column="CustomerInvoiceID" />
                                                      </Identifier>
                                                    </ScalarOperator>
                                                    <ScalarOperator ScalarString="datefromparts(datepart(year,dateadd(day,(-1),CONVERT(date,getdate(),0))),datepart(month,dateadd(day,(-1),CONVERT(date,getdate(),0))),(1))">
                                                      <Identifier>
                                                        <ColumnReference Column="ConstExpr1055">
                                                          <ScalarOperator>
                                                            <Intrinsic FunctionName="datefromparts">
                                                              <ScalarOperator>
                                                                <Intrinsic FunctionName="datepart">
                                                                  <ScalarOperator>
                                                                    <Const ConstValue="(0)" />
                                                                  </ScalarOperator>
                                                                  <ScalarOperator>
                                                                    <Intrinsic FunctionName="dateadd">
                                                                      <ScalarOperator>
                                                                        <Const ConstValue="(4)" />
                                                                      </ScalarOperator>
                                                                      <ScalarOperator>
                                                                        <Const ConstValue="(-1)" />
                                                                      </ScalarOperator>
                                                                      <ScalarOperator>
                                                                        <Convert DataType="date" Style="0" Implicit="0">
                                                                          <ScalarOperator>
                                                                            <Intrinsic FunctionName="getdate" />
                                                                          </ScalarOperator>
                                                                        </Convert>
                                                                      </ScalarOperator>
                                                                    </Intrinsic>
                                                                  </ScalarOperator>
                                                                </Intrinsic>
                                                              </ScalarOperator>
                                                              <ScalarOperator>
                                                                <Intrinsic FunctionName="datepart">
                                                                  <ScalarOperator>
                                                                    <Const ConstValue="(2)" />
                                                                  </ScalarOperator>
                                                                  <ScalarOperator>
                                                                    <Intrinsic FunctionName="dateadd">
                                                                      <ScalarOperator>
                                                                        <Const ConstValue="(4)" />
                                                                      </ScalarOperator>
                                                                      <ScalarOperator>
                                                                        <Const ConstValue="(-1)" />
                                                                      </ScalarOperator>
                                                                      <ScalarOperator>
                                                                        <Convert DataType="date" Style="0" Implicit="0">
                                                                          <ScalarOperator>
                                                                            <Intrinsic FunctionName="getdate" />
                                                                          </ScalarOperator>
                                                                        </Convert>
                                                                      </ScalarOperator>
                                                                    </Intrinsic>
                                                                  </ScalarOperator>
                                                                </Intrinsic>
                                                              </ScalarOperator>
                                                              <ScalarOperator>
                                                                <Const ConstValue="(1)" />
                                                              </ScalarOperator>
                                                            </Intrinsic>
                                                          </ScalarOperator>
                                                        </ColumnReference>
                                                      </Identifier>
                                                    </ScalarOperator>
                                                  </RangeExpressions>
                                                </Prefix>
                                              </SeekKeys>
                                            </SeekPredicateNew>
                                            <RelOp NodeId="66" PhysicalOp="Compute Scalar" LogicalOp="Compute Scalar" EstimateRows="1" EstimateIO="0" EstimateCPU="0" AvgRowSize="24" EstimatedTotalSubtreeCost="788.058" Parallel="1" EstimateRebinds="40974.1" EstimateRewinds="0" EstimatedExecutionMode="Row">
                                              <OutputList>
                                                <ColumnReference Column="Expr1031" />
                                              </OutputList>
                                              <ComputeScalar>
                                                <DefinedValues>
                                                  <DefinedValue>
                                                    <ColumnReference Column="Expr1031" />
                                                    <ScalarOperator ScalarString="CASE WHEN [Expr1101]=(0) THEN NULL ELSE [Expr1102] END">
                                                      <IF>
                                                        <Condition>
                                                          <ScalarOperator>
                                                            <Compare CompareOp="EQ">
                                                              <ScalarOperator>
                                                                <Identifier>
                                                                  <ColumnReference Column="Expr1101" />
                                                                </Identifier>
                                                              </ScalarOperator>
                                                              <ScalarOperator>
                                                                <Const ConstValue="(0)" />
                                                              </ScalarOperator>
                                                            </Compare>
                                                          </ScalarOperator>
                                                        </Condition>
                                                        <Then>
                                                          <ScalarOperator>
                                                            <Const ConstValue="NULL" />
                                                          </ScalarOperator>
                                                        </Then>
                                                        <Else>
                                                          <ScalarOperator>
                                                            <Identifier>
                                                              <ColumnReference Column="Expr1102" />
                                                            </Identifier>
                                                          </ScalarOperator>
                                                        </Else>
                                                      </IF>
                                                    </ScalarOperator>
                                                  </DefinedValue>
                                                </DefinedValues>
                                                <RelOp NodeId="67" PhysicalOp="Stream Aggregate" LogicalOp="Aggregate" EstimateRows="1" EstimateIO="0" EstimateCPU="1.1e-06" AvgRowSize="24" EstimatedTotalSubtreeCost="788.058" Parallel="1" EstimateRebinds="40974.1" EstimateRewinds="0" EstimatedExecutionMode="Row">
                                                  <OutputList>
                                                    <ColumnReference Column="Expr1101" />
                                                    <ColumnReference Column="Expr1102" />
                                                  </OutputList>
                                                  <StreamAggregate>
                                                    <DefinedValues>
                                                      <DefinedValue>
                                                        <ColumnReference Column="Expr1101" />
                                                        <ScalarOperator ScalarString="COUNT_BIG([ankura_dw].[dbo].[CustomerPaymentApplications].[PaymentApplicationAmountInUSD] as [cpa].[PaymentApplicationAmountInUSD])">
                                                          <Aggregate Distinct="0" AggType="COUNT_BIG">
                                                            <ScalarOperator>
                                                              <Identifier>
                                                                <ColumnReference Database="[ankura_dw]" Schema="[dbo]" Table="[CustomerPaymentApplications]" Alias="[cpa]" Column="PaymentApplicationAmountInUSD" />
                                                              </Identifier>
                                                            </ScalarOperator>
                                                          </Aggregate>
                                                        </ScalarOperator>
                                                      </DefinedValue>
                                                      <DefinedValue>
                                                        <ColumnReference Column="Expr1102" />
                                                        <ScalarOperator ScalarString="SUM([ankura_dw].[dbo].[CustomerPaymentApplications].[PaymentApplicationAmountInUSD] as [cpa].[PaymentApplicationAmountInUSD])">
                                                          <Aggregate Distinct="0" AggType="SUM">
                                                            <ScalarOperator>
                                                              <Identifier>
                                                                <ColumnReference Database="[ankura_dw]" Schema="[dbo]" Table="[CustomerPaymentApplications]" Alias="[cpa]" Column="PaymentApplicationAmountInUSD" />
                                                              </Identifier>
                                                            </ScalarOperator>
                                                          </Aggregate>
                                                        </ScalarOperator>
                                                      </DefinedValue>
                                                    </DefinedValues>
                                                    <RelOp NodeId="68" PhysicalOp="Filter" LogicalOp="Filter" EstimateRows="1" EstimateIO="0" EstimateCPU="0.00784134" AvgRowSize="16" EstimatedTotalSubtreeCost="788.013" Parallel="1" EstimateRebinds="40974.1" EstimateRewinds="0" EstimatedExecutionMode="Row">
                                                      <OutputList>
                                                        <ColumnReference Database="[ankura_dw]" Schema="[dbo]" Table="[CustomerPaymentApplications]" Alias="[cpa]" Column="PaymentApplicationAmountInUSD" />
                                                      </OutputList>
                                                      <Filter StartupExpression="0">
                                                        <RelOp NodeId="69" PhysicalOp="Index Spool" LogicalOp="Eager Spool" EstimateRows="10053" EstimateIO="2.52556" EstimateCPU="0.0448253" AvgRowSize="70" EstimatedTotalSubtreeCost="466.713" Parallel="1" EstimateRebinds="0" EstimateRewinds="40974.1" EstimatedExecutionMode="Row">
                                                          <OutputList>
                                                            <ColumnReference Database="[ankura_dw]" Schema="[dbo]" Table="[CustomerPaymentApplications]" Alias="[cpa]" Column="PaymentApplicationInvoice" />
                                                            <ColumnReference Database="[ankura_dw]" Schema="[dbo]" Table="[CustomerPaymentApplications]" Alias="[cpa]" Column="PaymentApplicationAmountInUSD" />
                                                          </OutputList>
                                                          <Spool>
                                                            <SeekPredicateNew>
                                                              <SeekKeys>
                                                                <StartRange ScanType="GE">
                                                                  <RangeColumns>
                                                                    <ColumnReference Database="[ankura_dw]" Schema="[dbo]" Table="[CustomerPaymentApplications]" Alias="[cpa]" Column="PaymentDate" />
                                                                  </RangeColumns>
                                                                  <RangeExpressions>
                                                                    <ScalarOperator ScalarString="datefromparts(datepart(year,dateadd(day,(-1),CONVERT(date,getdate(),0))),datepart(month,dateadd(day,(-1),CONVERT(date,getdate(),0))),(1))">
                                                                      <Identifier>
                                                                        <ColumnReference Column="ConstExpr1055">
                                                                          <ScalarOperator>
                                                                            <Intrinsic FunctionName="datefromparts">
                                                                              <ScalarOperator>
                                                                                <Intrinsic FunctionName="datepart">
                                                                                  <ScalarOperator>
                                                                                    <Const ConstValue="(0)" />
                                                                                  </ScalarOperator>
                                                                                  <ScalarOperator>
                                                                                    <Intrinsic FunctionName="dateadd">
                                                                                      <ScalarOperator>
                                                                                        <Const ConstValue="(4)" />
                                                                                      </ScalarOperator>
                                                                                      <ScalarOperator>
                                                                                        <Const ConstValue="(-1)" />
                                                                                      </ScalarOperator>
                                                                                      <ScalarOperator>
                                                                                        <Convert DataType="date" Style="0" Implicit="0">
                                                                                          <ScalarOperator>
                                                                                            <Intrinsic FunctionName="getdate" />
                                                                                          </ScalarOperator>
                                                                                        </Convert>
                                                                                      </ScalarOperator>
                                                                                    </Intrinsic>
                                                                                  </ScalarOperator>
                                                                                </Intrinsic>
                                                                              </ScalarOperator>
                                                                              <ScalarOperator>
                                                                                <Intrinsic FunctionName="datepart">
                                                                                  <ScalarOperator>
                                                                                    <Const ConstValue="(2)" />
                                                                                  </ScalarOperator>
                                                                                  <ScalarOperator>
                                                                                    <Intrinsic FunctionName="dateadd">
                                                                                      <ScalarOperator>
                                                                                        <Const ConstValue="(4)" />
                                                                                      </ScalarOperator>
                                                                                      <ScalarOperator>
                                                                                        <Const ConstValue="(-1)" />
                                                                                      </ScalarOperator>
                                                                                      <ScalarOperator>
                                                                                        <Convert DataType="date" Style="0" Implicit="0">
                                                                                          <ScalarOperator>
                                                                                            <Intrinsic FunctionName="getdate" />
                                                                                          </ScalarOperator>
                                                                                        </Convert>
                                                                                      </ScalarOperator>
                                                                                    </Intrinsic>
                                                                                  </ScalarOperator>
                                                                                </Intrinsic>
                                                                              </ScalarOperator>
                                                                              <ScalarOperator>
                                                                                <Const ConstValue="(1)" />
                                                                              </ScalarOperator>
                                                                            </Intrinsic>
                                                                          </ScalarOperator>
                                                                        </ColumnReference>
                                                                      </Identifier>
                                                                    </ScalarOperator>
                                                                  </RangeExpressions>
                                                                </StartRange>
                                                              </SeekKeys>
                                                            </SeekPredicateNew>
                                                            <RelOp NodeId="70" PhysicalOp="Table Scan" LogicalOp="Table Scan" EstimateRows="33510" EstimatedRowsRead="33510" EstimateIO="0.472014" EstimateCPU="0.037018" AvgRowSize="78" EstimatedTotalSubtreeCost="0.509032" TableCardinality="33510" Parallel="1" EstimateRebinds="0" EstimateRewinds="0" EstimatedExecutionMode="Row">
                                                              <OutputList>
                                                                <ColumnReference Database="[ankura_dw]" Schema="[dbo]" Table="[CustomerPaymentApplications]" Alias="[cpa]" Column="PaymentApplicationInvoice" />
                                                                <ColumnReference Database="[ankura_dw]" Schema="[dbo]" Table="[CustomerPaymentApplications]" Alias="[cpa]" Column="PaymentApplicationAmountInUSD" />
                                                                <ColumnReference Database="[ankura_dw]" Schema="[dbo]" Table="[CustomerPaymentApplications]" Alias="[cpa]" Column="PaymentDate" />
                                                              </OutputList>
                                                              <TableScan Ordered="0" ForcedIndex="0" ForceScan="0" NoExpandHint="0" Storage="RowStore">
                                                                <DefinedValues>
                                                                  <DefinedValue>
                                                                    <ColumnReference Database="[ankura_dw]" Schema="[dbo]" Table="[CustomerPaymentApplications]" Alias="[cpa]" Column="PaymentApplicationInvoice" />
                                                                  </DefinedValue>
                                                                  <DefinedValue>
                                                                    <ColumnReference Database="[ankura_dw]" Schema="[dbo]" Table="[CustomerPaymentApplications]" Alias="[cpa]" Column="PaymentApplicationAmountInUSD" />
                                                                  </DefinedValue>
                                                                  <DefinedValue>
                                                                    <ColumnReference Database="[ankura_dw]" Schema="[dbo]" Table="[CustomerPaymentApplications]" Alias="[cpa]" Column="PaymentDate" />
                                                                  </DefinedValue>
                                                                </DefinedValues>
                                                                <Object Database="[ankura_dw]" Schema="[dbo]" Table="[CustomerPaymentApplications]" Alias="[cpa]" TableReferenceId="5" IndexKind="Heap" Storage="RowStore" />
                                                              </TableScan>
                                                            </RelOp>
                                                          </Spool>
                                                        </RelOp>
                                                        <Predicate>
                                                          <ScalarOperator ScalarString="[ankura_dw].[dbo].[CustinvoiceSummaries].[CustomerInvoiceID] as [CIS].[CustomerInvoiceID]=substring([ankura_dw].[dbo].[CustomerPaymentApplications].[PaymentApplicationInvoice] as [cpa].[PaymentApplicationInvoice],(19),(30))">
                                                            <Compare CompareOp="EQ">
                                                              <ScalarOperator>
                                                                <Identifier>
                                                                  <ColumnReference Database="[ankura_dw]" Schema="[dbo]" Table="[CustinvoiceSummaries]" Alias="[CIS]" Column="CustomerInvoiceID" />
                                                                </Identifier>
                                                              </ScalarOperator>
                                                              <ScalarOperator>
                                                                <Intrinsic FunctionName="substring">
                                                                  <ScalarOperator>
                                                                    <Identifier>
                                                                      <ColumnReference Database="[ankura_dw]" Schema="[dbo]" Table="[CustomerPaymentApplications]" Alias="[cpa]" Column="PaymentApplicationInvoice" />
                                                                    </Identifier>
                                                                  </ScalarOperator>
                                                                  <ScalarOperator>
                                                                    <Const ConstValue="(19)" />
                                                                  </ScalarOperator>
                                                                  <ScalarOperator>
                                                                    <Const ConstValue="(30)" />
                                                                  </ScalarOperator>
                                                                </Intrinsic>
                                                              </ScalarOperator>
                                                            </Compare>
                                                          </ScalarOperator>
                                                        </Predicate>
                                                      </Filter>
                                                    </RelOp>
                                                  </StreamAggregate>
                                                </RelOp>
                                              </ComputeScalar>
                                            </RelOp>
                                          </Spool>
                                        </RelOp>
                                      </NestedLoops>
                                    </RelOp>
                                  </Parallelism>
                                </RelOp>
                              </Hash>
                            </RelOp>
                          </Hash>
                        </RelOp>
                      </Hash>
                    </RelOp>
                  </Parallelism>
                </RelOp>
              </ComputeScalar>
            </RelOp>
          </QueryPlan>
        </StmtSimple>
      </Statements>
    </Batch>
  </BatchSequence>
</ShowPlanXML>